<?xml version="1.0" encoding="UTF-8"?>
<testsuites name="Senior_Speak" time="208.833" tests="2" failures="1" errors="0">
   <testsuite name="Senior_Speak" tests="2" failures="1" errors="0" time="208.833" skipped="0" timestamp="12-02-2024T11:32:08" hostname="Dilip Sunar - 192.168.1.3" id="Test Suites/FunctionalTestSuites/Senior/Senior_Speak">
      <properties>
         <property name="deviceName" value=""/>
         <property name="devicePlatform" value=""/>
         <property name="logFolder" value="C:\\Users\\Dilip Sunar\\git\\Automation_CaringConnection\\Reports\\20240212_113205\\FunctionalTestSuites\\Senior\\Senior_Speak\\20240212_113205"/>
         <property name="logFiles" value="C:\\Users\\Dilip Sunar\\git\\Automation_CaringConnection\\Reports\\20240212_113205\\FunctionalTestSuites\\Senior\\Senior_Speak\\20240212_113205\\execution0.log"/>
         <property name="attachments" value=""/>
         <property name="hostName" value="Dilip Sunar - 192.168.1.3"/>
         <property name="os" value="Windows 11 64bit"/>
         <property name="katalonVersion" value="9.2.0.212"/>
         <property name="browser" value="Chrome 121.0.0.0"/>
         <property name="hostAddress" value="192.168.1.3"/>
         <property name="sessionId" value="dca3b5c77af274d7b5d7599cb0fa3d89"/>
         <property name="seleniumVersion" value="3.141.59"/>
         <property name="proxyInformation" value="ProxyInformation { proxyOption=NO_PROXY, proxyServerType=HTTP, username=, password=********, proxyServerAddress=, proxyServerPort=0, executionList=&quot;&quot;, isApplyToDesiredCapabilities=true }"/>
         <property name="platform" value="Windows 11"/>
      </properties>
      <testcase name="Test Cases/Senior_TestCases/TC02_CreateProfile_Speak" time="195.212" classname="Test Cases/Senior_TestCases/TC02_CreateProfile_Speak" status="PASSED">
         <system-out><![CDATA[12-02-2024T11:32:08 - [TEST_CASE][PASSED] - Test Cases/Senior_TestCases/TC02_CreateProfile_Speak: Test Cases/Senior_TestCases/TC02_CreateProfile_Speak

12-02-2024T11:32:09 - [TEST_STEP][PASSED] - callTestCase(findTestCase("Common_TestCases/Senior_SignUp"), ["username":UserName, "zipcode":ZipCode, "email":Email, "password":Password], STOP_ON_FAILURE): Call Test Case 'Test Cases/Common_TestCases/Senior_SignUp' successfully

12-02-2024T11:32:09 - [TEST_CASE][PASSED] - Test Cases/Common_TestCases/Senior_SignUp: Test Cases/Common_TestCases/Senior_SignUp

12-02-2024T11:32:09 - [TEST_STEP][PASSED] - System.setProperty("webdriver.chrome.driver", "Data Files/chromedriver-win64/chromedriver.exe"): null

12-02-2024T11:32:09 - [TEST_STEP][PASSED] - options = new org.openqa.selenium.chrome.ChromeOptions(): null

12-02-2024T11:32:09 - [TEST_STEP][PASSED] - options.addArguments("start-maximized"): null

12-02-2024T11:32:09 - [TEST_STEP][PASSED] - options.addArguments("force-device-scale-factor=1.2"): null

12-02-2024T11:32:09 - [TEST_STEP][PASSED] - options.setExperimentalOption("prefs", new Script1700728747795$1(this)): null

12-02-2024T11:32:09 - [TEST_STEP][PASSED] - capabilities = DesiredCapabilities.chrome(): null

12-02-2024T11:32:09 - [TEST_STEP][PASSED] - capabilities.setCapability(CAPABILITY, options): null

12-02-2024T11:32:09 - [TEST_STEP][PASSED] - driver = new org.openqa.selenium.chrome.ChromeDriver(capabilities): null

12-02-2024T11:32:10 - [TEST_STEP][PASSED] - changeWebDriver(driver): null

12-02-2024T11:32:10 - [TEST_STEP][PASSED] - navigateToUrl("https://caring-connections-qa.azurewebsites.net/"): Navigate to 'https://caring-connections-qa.azurewebsites.net/' successfully

12-02-2024T11:32:16 - [MESSAGE][PASSED] - Navigate to 'https://caring-connections-qa.azurewebsites.net/' successfully

12-02-2024T11:32:16 - [TEST_STEP][PASSED] - click(findTestObject("Login_Pages/Sign_In_Page/button_Sign_Up")): Object: 'Object Repository/Login_Pages/Sign_In_Page/button_Sign_Up' is clicked on

12-02-2024T11:32:16 - [MESSAGE][PASSED] - Object: 'Object Repository/Login_Pages/Sign_In_Page/button_Sign_Up' is clicked on

12-02-2024T11:32:16 - [TEST_STEP][PASSED] - setText(findTestObject("Login_Pages/Sign_Up_Page/Input_First_Last_Name"), username): Text 'Sagar' is set on object 'Object Repository/Login_Pages/Sign_Up_Page/Input_First_Last_Name'

12-02-2024T11:32:16 - [MESSAGE][PASSED] - Text 'Sagar' is set on object 'Object Repository/Login_Pages/Sign_Up_Page/Input_First_Last_Name'

12-02-2024T11:32:16 - [TEST_STEP][PASSED] - setText(findTestObject("Login_Pages/Sign_Up_Page/Input_ZIP_code"), zipcode): Text '462046' is set on object 'Object Repository/Login_Pages/Sign_Up_Page/Input_ZIP_code'

12-02-2024T11:32:16 - [MESSAGE][PASSED] - Text '462046' is set on object 'Object Repository/Login_Pages/Sign_Up_Page/Input_ZIP_code'

12-02-2024T11:32:16 - [TEST_STEP][PASSED] - setText(findTestObject("Login_Pages/Sign_Up_Page/Input_Username"), email): Text 'ss143sasweggatsrss127@gmail.com' is set on object 'Object Repository/Login_Pages/Sign_Up_Page/Input_Username'

12-02-2024T11:32:16 - [MESSAGE][PASSED] - Text 'ss143sasweggatsrss127@gmail.com' is set on object 'Object Repository/Login_Pages/Sign_Up_Page/Input_Username'

12-02-2024T11:32:16 - [TEST_STEP][PASSED] - setText(findTestObject("Login_Pages/Sign_Up_Page/Input_Password"), password): Text 'Test@123' is set on object 'Object Repository/Login_Pages/Sign_Up_Page/Input_Password'

12-02-2024T11:32:16 - [MESSAGE][PASSED] - Text 'Test@123' is set on object 'Object Repository/Login_Pages/Sign_Up_Page/Input_Password'

12-02-2024T11:32:16 - [TEST_STEP][PASSED] - click(findTestObject("Login_Pages/Sign_Up_Page/button_role_Senior")): Object: 'Object Repository/Login_Pages/Sign_Up_Page/button_role_Senior' is clicked on

12-02-2024T11:32:17 - [MESSAGE][PASSED] - Object: 'Object Repository/Login_Pages/Sign_Up_Page/button_role_Senior' is clicked on

12-02-2024T11:32:17 - [TEST_STEP][PASSED] - click(findTestObject("Login_Pages/Sign_Up_Page/button_Sign_Up")): Object: 'Object Repository/Login_Pages/Sign_Up_Page/button_Sign_Up' is clicked on

12-02-2024T11:32:17 - [MESSAGE][PASSED] - Object: 'Object Repository/Login_Pages/Sign_Up_Page/button_Sign_Up' is clicked on

12-02-2024T11:32:17 - [MESSAGE][PASSED] - Call Test Case 'Test Cases/Common_TestCases/Senior_SignUp' successfully

12-02-2024T11:32:17 - [TEST_STEP][PASSED] - verifyElementPresent(findTestObject("Profile_Creation_Page/Profile_Creation_Page_Objects/Text_Select the button of your choice to create your profile"), 10): Object 'Object Repository/Profile_Creation_Page/Profile_Creation_Page_Objects/Text_Select the button of your choice to create your profile' is present

12-02-2024T11:32:22 - [MESSAGE][PASSED] - Object 'Object Repository/Profile_Creation_Page/Profile_Creation_Page_Objects/Text_Select the button of your choice to create your profile' is present

12-02-2024T11:32:22 - [TEST_STEP][PASSED] - verifyElementPresent(findTestObject("Profile_Creation_Page/Profile_Creation_Page_Objects/Text_We are excited"), 10): Object 'Object Repository/Profile_Creation_Page/Profile_Creation_Page_Objects/Text_We are excited' is present

12-02-2024T11:32:22 - [MESSAGE][PASSED] - Object 'Object Repository/Profile_Creation_Page/Profile_Creation_Page_Objects/Text_We are excited' is present

12-02-2024T11:32:22 - [TEST_STEP][PASSED] - waitForElementClickable(findTestObject("Profile_Creation_Page/Profile_Creation_Page_Objects/btn_Click_Record"), 67): Object 'Object Repository/Profile_Creation_Page/Profile_Creation_Page_Objects/btn_Click_Record' is clickable

12-02-2024T11:33:11 - [MESSAGE][PASSED] - Object 'Object Repository/Profile_Creation_Page/Profile_Creation_Page_Objects/btn_Click_Record' is clickable

12-02-2024T11:33:11 - [TEST_STEP][PASSED] - click(findTestObject("Profile_Creation_Page/Profile_Creation_Page_Objects/btn_Click_Record")): Object: 'Object Repository/Profile_Creation_Page/Profile_Creation_Page_Objects/btn_Click_Record' is clicked on

12-02-2024T11:33:11 - [MESSAGE][PASSED] - Object: 'Object Repository/Profile_Creation_Page/Profile_Creation_Page_Objects/btn_Click_Record' is clicked on

12-02-2024T11:33:11 - [TEST_STEP][PASSED] - try: null

12-02-2024T11:33:11 - [TEST_STEP][PASSED] - audioInputStream = AudioSystem.getAudioInputStream(new java.io.File(Data Files/ProfileAudio.wav)): null

12-02-2024T11:33:11 - [TEST_STEP][PASSED] - clip = AudioSystem.getClip(): null

12-02-2024T11:33:11 - [TEST_STEP][PASSED] - clip.open(audioInputStream): null

12-02-2024T11:33:11 - [TEST_STEP][PASSED] - clip.start(): null

12-02-2024T11:33:11 - [TEST_STEP][PASSED] - while (clip.isRunning()): null

12-02-2024T11:33:11 - [TEST_STEP][PASSED] - Thread.sleep(1000): null

12-02-2024T11:33:12 - [TEST_STEP][PASSED] - Thread.sleep(1000): null

12-02-2024T11:33:13 - [TEST_STEP][PASSED] - Thread.sleep(1000): null

12-02-2024T11:33:14 - [TEST_STEP][PASSED] - Thread.sleep(1000): null

12-02-2024T11:33:15 - [TEST_STEP][PASSED] - Thread.sleep(1000): null

12-02-2024T11:33:16 - [TEST_STEP][PASSED] - Thread.sleep(1000): null

12-02-2024T11:33:17 - [TEST_STEP][PASSED] - Thread.sleep(1000): null

12-02-2024T11:33:18 - [TEST_STEP][PASSED] - Thread.sleep(1000): null

12-02-2024T11:33:19 - [TEST_STEP][PASSED] - Thread.sleep(1000): null

12-02-2024T11:33:20 - [TEST_STEP][PASSED] - Thread.sleep(1000): null

12-02-2024T11:33:21 - [TEST_STEP][PASSED] - Thread.sleep(1000): null

12-02-2024T11:33:22 - [TEST_STEP][PASSED] - Thread.sleep(1000): null

12-02-2024T11:33:23 - [TEST_STEP][PASSED] - Thread.sleep(1000): null

12-02-2024T11:33:24 - [TEST_STEP][PASSED] - Thread.sleep(1000): null

12-02-2024T11:33:25 - [TEST_STEP][PASSED] - Thread.sleep(1000): null

12-02-2024T11:33:26 - [TEST_STEP][PASSED] - Thread.sleep(1000): null

12-02-2024T11:33:27 - [TEST_STEP][PASSED] - Thread.sleep(1000): null

12-02-2024T11:33:28 - [TEST_STEP][PASSED] - Thread.sleep(1000): null

12-02-2024T11:33:29 - [TEST_STEP][PASSED] - Thread.sleep(1000): null

12-02-2024T11:33:30 - [TEST_STEP][PASSED] - Thread.sleep(1000): null

12-02-2024T11:33:31 - [TEST_STEP][PASSED] - Thread.sleep(1000): null

12-02-2024T11:33:32 - [TEST_STEP][PASSED] - Thread.sleep(1000): null

12-02-2024T11:33:33 - [TEST_STEP][PASSED] - Thread.sleep(1000): null

12-02-2024T11:33:34 - [TEST_STEP][PASSED] - Thread.sleep(1000): null

12-02-2024T11:33:35 - [TEST_STEP][PASSED] - Thread.sleep(1000): null

12-02-2024T11:33:36 - [TEST_STEP][PASSED] - Thread.sleep(1000): null

12-02-2024T11:33:37 - [TEST_STEP][PASSED] - Thread.sleep(1000): null

12-02-2024T11:33:38 - [TEST_STEP][PASSED] - Thread.sleep(1000): null

12-02-2024T11:33:39 - [TEST_STEP][PASSED] - Thread.sleep(1000): null

12-02-2024T11:33:40 - [TEST_STEP][PASSED] - Thread.sleep(1000): null

12-02-2024T11:33:41 - [TEST_STEP][PASSED] - Thread.sleep(1000): null

12-02-2024T11:33:42 - [TEST_STEP][PASSED] - Thread.sleep(1000): null

12-02-2024T11:33:43 - [TEST_STEP][PASSED] - Thread.sleep(1000): null

12-02-2024T11:33:44 - [TEST_STEP][PASSED] - Thread.sleep(1000): null

12-02-2024T11:33:45 - [TEST_STEP][PASSED] - Thread.sleep(1000): null

12-02-2024T11:33:47 - [TEST_STEP][PASSED] - Thread.sleep(1000): null

12-02-2024T11:33:48 - [TEST_STEP][PASSED] - Thread.sleep(1000): null

12-02-2024T11:33:49 - [TEST_STEP][PASSED] - Thread.sleep(1000): null

12-02-2024T11:33:50 - [TEST_STEP][PASSED] - Thread.sleep(1000): null

12-02-2024T11:33:51 - [TEST_STEP][PASSED] - Thread.sleep(1000): null

12-02-2024T11:33:52 - [TEST_STEP][PASSED] - Thread.sleep(1000): null

12-02-2024T11:33:53 - [TEST_STEP][PASSED] - Thread.sleep(1000): null

12-02-2024T11:33:54 - [TEST_STEP][PASSED] - Thread.sleep(1000): null

12-02-2024T11:33:55 - [TEST_STEP][PASSED] - Thread.sleep(1000): null

12-02-2024T11:33:56 - [TEST_STEP][PASSED] - Thread.sleep(1000): null

12-02-2024T11:33:57 - [TEST_STEP][PASSED] - Thread.sleep(1000): null

12-02-2024T11:33:58 - [TEST_STEP][PASSED] - Thread.sleep(1000): null

12-02-2024T11:33:59 - [TEST_STEP][PASSED] - Thread.sleep(1000): null

12-02-2024T11:34:00 - [TEST_STEP][PASSED] - Thread.sleep(1000): null

12-02-2024T11:34:01 - [TEST_STEP][PASSED] - Thread.sleep(1000): null

12-02-2024T11:34:02 - [TEST_STEP][PASSED] - Thread.sleep(1000): null

12-02-2024T11:34:03 - [TEST_STEP][PASSED] - Thread.sleep(1000): null

12-02-2024T11:34:04 - [TEST_STEP][PASSED] - Thread.sleep(1000): null

12-02-2024T11:34:05 - [TEST_STEP][PASSED] - Thread.sleep(1000): null

12-02-2024T11:34:06 - [TEST_STEP][PASSED] - Thread.sleep(1000): null

12-02-2024T11:34:07 - [TEST_STEP][PASSED] - Thread.sleep(1000): null

12-02-2024T11:34:08 - [TEST_STEP][PASSED] - Thread.sleep(1000): null

12-02-2024T11:34:09 - [TEST_STEP][PASSED] - Thread.sleep(1000): null

12-02-2024T11:34:10 - [TEST_STEP][PASSED] - Thread.sleep(1000): null

12-02-2024T11:34:11 - [TEST_STEP][PASSED] - Thread.sleep(1000): null

12-02-2024T11:34:12 - [TEST_STEP][PASSED] - clip.stop(): null

12-02-2024T11:34:12 - [TEST_STEP][PASSED] - click(findTestObject("Profile_Creation_Page/Profile_Creation_Page_Objects/btn_Stop")): Object: 'Object Repository/Profile_Creation_Page/Profile_Creation_Page_Objects/btn_Stop' is clicked on

12-02-2024T11:34:12 - [MESSAGE][PASSED] - Object: 'Object Repository/Profile_Creation_Page/Profile_Creation_Page_Objects/btn_Stop' is clicked on

12-02-2024T11:34:12 - [TEST_STEP][PASSED] - scrollToElement(findTestObject("Profile_Creation_Page/Profile_Creation_Page_Objects/btn_Next"), 0): Scroll to object 'Object Repository/Profile_Creation_Page/Profile_Creation_Page_Objects/btn_Next' successfully

12-02-2024T11:34:12 - [MESSAGE][WARNING] - Timeout '0' is invalid. Using default page load timeout: '30'

12-02-2024T11:34:12 - [MESSAGE][PASSED] - Scroll to object 'Object Repository/Profile_Creation_Page/Profile_Creation_Page_Objects/btn_Next' successfully

12-02-2024T11:34:12 - [TEST_STEP][PASSED] - waitForElementClickable(findTestObject("Profile_Creation_Page/Profile_Creation_Page_Objects/btn_Next"), 60): Object 'Object Repository/Profile_Creation_Page/Profile_Creation_Page_Objects/btn_Next' is clickable

12-02-2024T11:34:30 - [MESSAGE][PASSED] - Object 'Object Repository/Profile_Creation_Page/Profile_Creation_Page_Objects/btn_Next' is clickable

12-02-2024T11:34:30 - [TEST_STEP][PASSED] - click(findTestObject("Profile_Creation_Page/Profile_Creation_Page_Objects/btn_Next")): Object: 'Object Repository/Profile_Creation_Page/Profile_Creation_Page_Objects/btn_Next' is clicked on

12-02-2024T11:34:30 - [MESSAGE][PASSED] - Object: 'Object Repository/Profile_Creation_Page/Profile_Creation_Page_Objects/btn_Next' is clicked on

12-02-2024T11:34:30 - [TEST_STEP][PASSED] - delay(20): Delayed 20 second(s)

12-02-2024T11:34:50 - [MESSAGE][PASSED] - Delayed 20 second(s)

12-02-2024T11:34:50 - [TEST_STEP][PASSED] - waitForElementNotPresent(findTestObject("WaitingPage/Waiting_Page/txt_1-2 minutes"), 180): Web element with id: 'Object Repository/WaitingPage/Waiting_Page/txt_1-2 minutes' located by 'By.xpath: //div[@id='root']/div/div/div/div/div/p[2]' is not present after '180' second(s)

12-02-2024T11:34:51 - [MESSAGE][PASSED] - Web element with id: 'Object Repository/WaitingPage/Waiting_Page/txt_1-2 minutes' located by 'By.xpath: //div[@id='root']/div/div/div/div/div/p[2]' is not present after '180' second(s)

12-02-2024T11:34:51 - [TEST_STEP][PASSED] - Education = getAttribute(findTestObject("Category_View_Page/Category_View_Page_Objects/Input_Edit_Educational_Info"), "value"): Attribute 'value' of object 'Object Repository/Category_View_Page/Category_View_Page_Objects/Input_Edit_Educational_Info' is: 'With a background in literature, I dedicated decades to exploring the rich world of words and stories.'

12-02-2024T11:34:51 - [MESSAGE][PASSED] - Attribute 'value' of object 'Object Repository/Category_View_Page/Category_View_Page_Objects/Input_Edit_Educational_Info' is: 'With a background in literature, I dedicated decades to exploring the rich world of words and stories.'

12-02-2024T11:34:51 - [TEST_STEP][PASSED] - validateText.ValidateText.calculateAndPrintPercentageMatch("EDUCATION", Education, EducationNew): validateText.ValidateText.calculateAndPrintPercentageMatch is PASSED

12-02-2024T11:34:51 - [MESSAGE][PASSED] - validateText.ValidateText.calculateAndPrintPercentageMatch is PASSED

12-02-2024T11:34:51 - [TEST_STEP][PASSED] - FamilyAndCommunity = getAttribute(findTestObject("Category_View_Page/Category_View_Page_Objects/Input_Edit_Family_And_Community_Involvement"), "value"): Attribute 'value' of object 'Object Repository/Category_View_Page/Category_View_Page_Objects/Input_Edit_Family_And_Community_Involvement' is: 'I have a joint family of 32 members.'

12-02-2024T11:34:51 - [MESSAGE][PASSED] - Attribute 'value' of object 'Object Repository/Category_View_Page/Category_View_Page_Objects/Input_Edit_Family_And_Community_Involvement' is: 'I have a joint family of 32 members.'

12-02-2024T11:34:51 - [TEST_STEP][PASSED] - validateText.ValidateText.calculateAndPrintPercentageMatch("FAMILYANDCOMMUNITY", FamilyAndCommunity, FamilyAndCommunityNew): validateText.ValidateText.calculateAndPrintPercentageMatch is PASSED

12-02-2024T11:34:51 - [MESSAGE][PASSED] - validateText.ValidateText.calculateAndPrintPercentageMatch is PASSED

12-02-2024T11:34:51 - [TEST_STEP][PASSED] - Hobbies = getAttribute(findTestObject("Category_View_Page/Category_View_Page_Objects/Input_Edit_Appropriate_Hobbies"), "value"): Attribute 'value' of object 'Object Repository/Category_View_Page/Category_View_Page_Objects/Input_Edit_Appropriate_Hobbies' is: 'Beyond academic pursuits, I find solace in the world of painting, crafting, vibrant canvases that expresses the beauty of the written world.'

12-02-2024T11:34:51 - [MESSAGE][PASSED] - Attribute 'value' of object 'Object Repository/Category_View_Page/Category_View_Page_Objects/Input_Edit_Appropriate_Hobbies' is: 'Beyond academic pursuits, I find solace in the world of painting, crafting, vibrant canvases that expresses the beauty of the written world.'

12-02-2024T11:34:51 - [TEST_STEP][PASSED] - validateText.ValidateText.calculateAndPrintPercentageMatch("HOBBIES", Hobbies, HobbiesNew): validateText.ValidateText.calculateAndPrintPercentageMatch is PASSED

12-02-2024T11:34:51 - [MESSAGE][PASSED] - validateText.ValidateText.calculateAndPrintPercentageMatch is PASSED

12-02-2024T11:34:51 - [TEST_STEP][PASSED] - Expectations = getAttribute(findTestObject("Category_View_Page/Category_View_Page_Objects/Input_Edit_expectation"), "value"): Attribute 'value' of object 'Object Repository/Category_View_Page/Category_View_Page_Objects/Input_Edit_expectation' is: 'I have no expectations. I hope to find someone who shares my love for literature and the appreciation for the creative blend of art and storytelling.'

12-02-2024T11:34:51 - [MESSAGE][PASSED] - Attribute 'value' of object 'Object Repository/Category_View_Page/Category_View_Page_Objects/Input_Edit_expectation' is: 'I have no expectations. I hope to find someone who shares my love for literature and the appreciation for the creative blend of art and storytelling.'

12-02-2024T11:34:51 - [TEST_STEP][PASSED] - validateText.ValidateText.calculateAndPrintPercentageMatch("EXPECTATIONS", Expectations, ExpectationsNew): validateText.ValidateText.calculateAndPrintPercentageMatch is PASSED

12-02-2024T11:34:51 - [MESSAGE][PASSED] - validateText.ValidateText.calculateAndPrintPercentageMatch is PASSED

12-02-2024T11:34:51 - [TEST_STEP][PASSED] - Others = getAttribute(findTestObject("Category_View_Page/Category_View_Page_Objects/Input_Edit_Appropriate_Health"), "value"): Attribute 'value' of object 'Object Repository/Category_View_Page/Category_View_Page_Objects/Input_Edit_Appropriate_Health' is: 'Greetings, I am Dilip, a seasoned explorer in the journey of life, joyfully celebrating my 58 years of existence. Life has been a captivating adventure through the pages of books and art, and I look forward to painting new chapters with a like-minded soul who values the beauty of storytelling and the creativity of artistic expression. Health-wise, I faced challenges with allergies, but with careful management and a balanced lifestyle, I continue to pursue my passion for vigor.'

12-02-2024T11:34:51 - [MESSAGE][PASSED] - Attribute 'value' of object 'Object Repository/Category_View_Page/Category_View_Page_Objects/Input_Edit_Appropriate_Health' is: 'Greetings, I am Dilip, a seasoned explorer in the journey of life, joyfully celebrating my 58 years of existence. Life has been a captivating adventure through the pages of books and art, and I look forward to painting new chapters with a like-minded soul who values the beauty of storytelling and the creativity of artistic expression. Health-wise, I faced challenges with allergies, but with careful management and a balanced lifestyle, I continue to pursue my passion for vigor.'

12-02-2024T11:34:51 - [TEST_STEP][PASSED] - validateText.ValidateText.calculateAndPrintPercentageMatch("OTHERS", Others, OtherNew): validateText.ValidateText.calculateAndPrintPercentageMatch is PASSED

12-02-2024T11:34:51 - [MESSAGE][PASSED] - validateText.ValidateText.calculateAndPrintPercentageMatch is PASSED

12-02-2024T11:34:51 - [TEST_STEP][PASSED] - waitForElementClickable(findTestObject("Object Repository/Category_View_Page/Category_View_Page_Objects/button_Next"), 65): Object 'Object Repository/Category_View_Page/Category_View_Page_Objects/button_Next' is clickable

12-02-2024T11:34:51 - [MESSAGE][PASSED] - Object 'Object Repository/Category_View_Page/Category_View_Page_Objects/button_Next' is clickable

12-02-2024T11:34:51 - [TEST_STEP][PASSED] - click(findTestObject("Object Repository/Category_View_Page/Category_View_Page_Objects/button_Next")): Object: 'Object Repository/Category_View_Page/Category_View_Page_Objects/button_Next' is clicked on

12-02-2024T11:34:54 - [MESSAGE][PASSED] - Object: 'Object Repository/Category_View_Page/Category_View_Page_Objects/button_Next' is clicked on

12-02-2024T11:34:54 - [TEST_STEP][PASSED] - waitForElementNotPresent(findTestObject("WaitingPage/Waiting_Page/Clock_categoryToCalender"), 10): Web element with id: 'Object Repository/WaitingPage/Waiting_Page/Clock_categoryToCalender' located by 'By.xpath: //div[@id='root']/div/div/div/div/span' is not present after '10' second(s)

12-02-2024T11:34:56 - [MESSAGE][PASSED] - Web element with id: 'Object Repository/WaitingPage/Waiting_Page/Clock_categoryToCalender' located by 'By.xpath: //div[@id='root']/div/div/div/div/span' is not present after '10' second(s)

12-02-2024T11:34:56 - [TEST_STEP][PASSED] - scrollToElement(findTestObject("Calendar_page/Input_Start_Date"), 0): Scroll to object 'Object Repository/Calendar_page/Input_Start_Date' successfully

12-02-2024T11:34:56 - [MESSAGE][WARNING] - Timeout '0' is invalid. Using default page load timeout: '30'

12-02-2024T11:34:56 - [MESSAGE][PASSED] - Scroll to object 'Object Repository/Calendar_page/Input_Start_Date' successfully

12-02-2024T11:34:56 - [TEST_STEP][PASSED] - click(findTestObject("Calendar_page/Input_Start_Date")): Object: 'Object Repository/Calendar_page/Input_Start_Date' is clicked on

12-02-2024T11:34:56 - [MESSAGE][PASSED] - Object: 'Object Repository/Calendar_page/Input_Start_Date' is clicked on

12-02-2024T11:34:56 - [TEST_STEP][PASSED] - delay(3): Delayed 3 second(s)

12-02-2024T11:34:59 - [MESSAGE][PASSED] - Delayed 3 second(s)

12-02-2024T11:34:59 - [TEST_STEP][PASSED] - click(findTestObject("Calendar_page/startDate/JanuaryStartDates/div_20")): Object: 'Object Repository/Calendar_page/startDate/JanuaryStartDates/div_20' is clicked on

12-02-2024T11:34:59 - [MESSAGE][PASSED] - Object: 'Object Repository/Calendar_page/startDate/JanuaryStartDates/div_20' is clicked on

12-02-2024T11:34:59 - [TEST_STEP][PASSED] - delay(3): Delayed 3 second(s)

12-02-2024T11:35:02 - [MESSAGE][PASSED] - Delayed 3 second(s)

12-02-2024T11:35:02 - [TEST_STEP][PASSED] - click(findTestObject("Calendar_page/Input_Busy_Days")): Object: 'Object Repository/Calendar_page/Input_Busy_Days' is clicked on

12-02-2024T11:35:02 - [MESSAGE][PASSED] - Object: 'Object Repository/Calendar_page/Input_Busy_Days' is clicked on

12-02-2024T11:35:02 - [TEST_STEP][PASSED] - click(findTestObject("Calendar_page/startDate/JanuaryStartDates/div_23")): Object: 'Object Repository/Calendar_page/startDate/JanuaryStartDates/div_23' is clicked on

12-02-2024T11:35:02 - [MESSAGE][PASSED] - Object: 'Object Repository/Calendar_page/startDate/JanuaryStartDates/div_23' is clicked on

12-02-2024T11:35:02 - [TEST_STEP][PASSED] - delay(2): Delayed 2 second(s)

12-02-2024T11:35:04 - [MESSAGE][PASSED] - Delayed 2 second(s)

12-02-2024T11:35:04 - [TEST_STEP][PASSED] - click(findTestObject("Calendar_page/startDate/JanuaryStartDates/div_24")): Object: 'Object Repository/Calendar_page/startDate/JanuaryStartDates/div_24' is clicked on

12-02-2024T11:35:04 - [MESSAGE][PASSED] - Object: 'Object Repository/Calendar_page/startDate/JanuaryStartDates/div_24' is clicked on

12-02-2024T11:35:04 - [TEST_STEP][PASSED] - delay(2): Delayed 2 second(s)

12-02-2024T11:35:06 - [MESSAGE][PASSED] - Delayed 2 second(s)

12-02-2024T11:35:06 - [TEST_STEP][PASSED] - click(findTestObject("Calendar_page/div_day_Column")): Object: 'Object Repository/Calendar_page/div_day_Column' is clicked on

12-02-2024T11:35:07 - [MESSAGE][PASSED] - Object: 'Object Repository/Calendar_page/div_day_Column' is clicked on

12-02-2024T11:35:07 - [TEST_STEP][PASSED] - selectOptionByLabel(findTestObject("Calendar_page/Select_Available_From"), "01:30 PM", false): All options with label '01:30 PM' are selected in object 'Object Repository/Calendar_page/Select_Available_From' 

12-02-2024T11:35:07 - [MESSAGE][PASSED] - All options with label '01:30 PM' are selected in object 'Object Repository/Calendar_page/Select_Available_From' 

12-02-2024T11:35:07 - [TEST_STEP][PASSED] - delay(2): Delayed 2 second(s)

12-02-2024T11:35:09 - [MESSAGE][PASSED] - Delayed 2 second(s)

12-02-2024T11:35:09 - [TEST_STEP][PASSED] - selectOptionByLabel(findTestObject("Calendar_page/Select_Available_To"), "04:30 PM", false): All options with label '04:30 PM' are selected in object 'Object Repository/Calendar_page/Select_Available_To' 

12-02-2024T11:35:09 - [MESSAGE][PASSED] - All options with label '04:30 PM' are selected in object 'Object Repository/Calendar_page/Select_Available_To' 

12-02-2024T11:35:09 - [TEST_STEP][PASSED] - delay(2): Delayed 2 second(s)

12-02-2024T11:35:11 - [MESSAGE][PASSED] - Delayed 2 second(s)

12-02-2024T11:35:11 - [TEST_STEP][PASSED] - click(findTestObject("Calendar_page/button_Save")): Object: 'Object Repository/Calendar_page/button_Save' is clicked on

12-02-2024T11:35:11 - [MESSAGE][PASSED] - Object: 'Object Repository/Calendar_page/button_Save' is clicked on

12-02-2024T11:35:11 - [TEST_STEP][PASSED] - delay(2): Delayed 2 second(s)

12-02-2024T11:35:13 - [MESSAGE][PASSED] - Delayed 2 second(s)

12-02-2024T11:35:13 - [TEST_STEP][PASSED] - click(findTestObject("Calendar_page/Button_Next (1)")): Object: 'Object Repository/Calendar_page/Button_Next (1)' is clicked on

12-02-2024T11:35:13 - [MESSAGE][PASSED] - Object: 'Object Repository/Calendar_page/Button_Next (1)' is clicked on

12-02-2024T11:35:13 - [TEST_STEP][PASSED] - delay(3): Delayed 3 second(s)

12-02-2024T11:35:16 - [MESSAGE][PASSED] - Delayed 3 second(s)

12-02-2024T11:35:16 - [TEST_STEP][PASSED] - click(findTestObject("Calendar_page/button_Ok")): Object: 'Object Repository/Calendar_page/button_Ok' is clicked on

12-02-2024T11:35:16 - [MESSAGE][PASSED] - Object: 'Object Repository/Calendar_page/button_Ok' is clicked on

12-02-2024T11:35:16 - [TEST_STEP][PASSED] - delay(2): Delayed 2 second(s)

12-02-2024T11:35:18 - [MESSAGE][PASSED] - Delayed 2 second(s)

12-02-2024T11:35:18 - [TEST_STEP][PASSED] - callTestCase(findTestCase("Senior_TestCases/TC06_SeniorDemographic"), ["UserName":UserName, "ZipCode":ZipCode, "Email":Email, "Password":Password, "EducationNew":EducationNew, "FamilyAndCommunityNew":FamilyAndCommunityNew, ... ], STOP_ON_FAILURE): Call Test Case 'Test Cases/Senior_TestCases/TC06_SeniorDemographic' successfully

12-02-2024T11:35:18 - [TEST_CASE][PASSED] - Test Cases/Senior_TestCases/TC06_SeniorDemographic: Test Cases/Senior_TestCases/TC06_SeniorDemographic

12-02-2024T11:35:19 - [TEST_STEP][PASSED] - verifyElementPresent(findTestObject("Demographic Page/Text_Personal Information"), 0, STOP_ON_FAILURE): Object 'Object Repository/Demographic Page/Text_Personal Information' is present

12-02-2024T11:35:19 - [MESSAGE][WARNING] - Timeout '0' is invalid. Using default page load timeout: '30'

12-02-2024T11:35:19 - [MESSAGE][PASSED] - Object 'Object Repository/Demographic Page/Text_Personal Information' is present

12-02-2024T11:35:19 - [TEST_STEP][PASSED] - verifyElementPresent(findTestObject("Demographic Page/My Information/Text_My Information"), 0, STOP_ON_FAILURE): Object 'Object Repository/Demographic Page/My Information/Text_My Information' is present

12-02-2024T11:35:19 - [MESSAGE][WARNING] - Timeout '0' is invalid. Using default page load timeout: '30'

12-02-2024T11:35:19 - [MESSAGE][PASSED] - Object 'Object Repository/Demographic Page/My Information/Text_My Information' is present

12-02-2024T11:35:19 - [TEST_STEP][PASSED] - NAME = getAttribute(findTestObject("Demographic Page/My Information/Input_Name"), "value"): Attribute 'value' of object 'Object Repository/Demographic Page/My Information/Input_Name' is: 'Sagar'

12-02-2024T11:35:19 - [MESSAGE][PASSED] - Attribute 'value' of object 'Object Repository/Demographic Page/My Information/Input_Name' is: 'Sagar'

12-02-2024T11:35:19 - [TEST_STEP][PASSED] - validateText.ValidateText.calculateAndPrintPercentageMatch("Name", NAME, UserName): validateText.ValidateText.calculateAndPrintPercentageMatch is PASSED

12-02-2024T11:35:19 - [MESSAGE][PASSED] - validateText.ValidateText.calculateAndPrintPercentageMatch is PASSED

12-02-2024T11:35:19 - [TEST_STEP][PASSED] - verifyElementPresent(findTestObject("Demographic Page/My Information/Input__MobileNumber"), 0): Object 'Object Repository/Demographic Page/My Information/Input__MobileNumber' is present

12-02-2024T11:35:19 - [MESSAGE][WARNING] - Timeout '0' is invalid. Using default page load timeout: '30'

12-02-2024T11:35:19 - [MESSAGE][PASSED] - Object 'Object Repository/Demographic Page/My Information/Input__MobileNumber' is present

12-02-2024T11:35:19 - [TEST_STEP][PASSED] - setText(findTestObject("Demographic Page/My Information/Input__MobileNumber"), mobile_no): Text '4589345023' is set on object 'Object Repository/Demographic Page/My Information/Input__MobileNumber'

12-02-2024T11:35:19 - [MESSAGE][PASSED] - Text '4589345023' is set on object 'Object Repository/Demographic Page/My Information/Input__MobileNumber'

12-02-2024T11:35:19 - [TEST_STEP][PASSED] - setText(findTestObject("Demographic Page/My Information/Input__BirthYear"), birth_year): Text '1974' is set on object 'Object Repository/Demographic Page/My Information/Input__BirthYear'

12-02-2024T11:35:19 - [MESSAGE][PASSED] - Text '1974' is set on object 'Object Repository/Demographic Page/My Information/Input__BirthYear'

12-02-2024T11:35:19 - [TEST_STEP][PASSED] - EMAIL = getAttribute(findTestObject("Demographic Page/My Information/Input_Email"), "value"): Attribute 'value' of object 'Object Repository/Demographic Page/My Information/Input_Email' is: 'ss143sasweggatsrss127@gmail.com'

12-02-2024T11:35:19 - [MESSAGE][PASSED] - Attribute 'value' of object 'Object Repository/Demographic Page/My Information/Input_Email' is: 'ss143sasweggatsrss127@gmail.com'

12-02-2024T11:35:19 - [TEST_STEP][PASSED] - validateText.ValidateText.calculateAndPrintPercentageMatch("Email", EMAIL, Email): validateText.ValidateText.calculateAndPrintPercentageMatch is PASSED

12-02-2024T11:35:19 - [MESSAGE][PASSED] - validateText.ValidateText.calculateAndPrintPercentageMatch is PASSED

12-02-2024T11:35:19 - [TEST_STEP][PASSED] - setText(findTestObject("Demographic Page/My Information/Input__Address1"), address_1): Text 'Oak Lane 12' is set on object 'Object Repository/Demographic Page/My Information/Input__Address1'

12-02-2024T11:35:19 - [MESSAGE][PASSED] - Text 'Oak Lane 12' is set on object 'Object Repository/Demographic Page/My Information/Input__Address1'

12-02-2024T11:35:19 - [TEST_STEP][PASSED] - setText(findTestObject("Demographic Page/My Information/Input_Address2"), address_2): Text 'Oak Lane 12' is set on object 'Object Repository/Demographic Page/My Information/Input_Address2'

12-02-2024T11:35:19 - [MESSAGE][PASSED] - Text 'Oak Lane 12' is set on object 'Object Repository/Demographic Page/My Information/Input_Address2'

12-02-2024T11:35:19 - [TEST_STEP][PASSED] - selectOptionByLabel(findTestObject("Demographic Page/My Information/Select_State"), "Texas", false): All options with label 'Texas' are selected in object 'Object Repository/Demographic Page/My Information/Select_State' 

12-02-2024T11:35:20 - [MESSAGE][PASSED] - All options with label 'Texas' are selected in object 'Object Repository/Demographic Page/My Information/Select_State' 

12-02-2024T11:35:20 - [TEST_STEP][PASSED] - selectOptionByLabel(findTestObject("Demographic Page/My Information/Select_City"), "Houston", false): All options with label 'Houston' are selected in object 'Object Repository/Demographic Page/My Information/Select_City' 

12-02-2024T11:35:20 - [MESSAGE][PASSED] - All options with label 'Houston' are selected in object 'Object Repository/Demographic Page/My Information/Select_City' 

12-02-2024T11:35:20 - [TEST_STEP][PASSED] - setText(findTestObject("Demographic Page/My Information/Input__Zipcode"), ZipCode): Text '462046' is set on object 'Object Repository/Demographic Page/My Information/Input__Zipcode'

12-02-2024T11:35:20 - [MESSAGE][PASSED] - Text '462046' is set on object 'Object Repository/Demographic Page/My Information/Input__Zipcode'

12-02-2024T11:35:20 - [TEST_STEP][PASSED] - setText(findTestObject("ECemergencyNew/Page_CaringConnections-v-1.17/input__emergencyName"), emergency_name): Text 'Shri' is set on object 'Object Repository/ECemergencyNew/Page_CaringConnections-v-1.17/input__emergencyName'

12-02-2024T11:35:20 - [MESSAGE][PASSED] - Text 'Shri' is set on object 'Object Repository/ECemergencyNew/Page_CaringConnections-v-1.17/input__emergencyName'

12-02-2024T11:35:20 - [TEST_STEP][PASSED] - selectOptionByLabel(findTestObject("ECemergencyNew/Page_CaringConnections-v-1.17/Select_EC_Relation"), "Family", false): All options with label 'Family' are selected in object 'Object Repository/ECemergencyNew/Page_CaringConnections-v-1.17/Select_EC_Relation' 

12-02-2024T11:35:20 - [MESSAGE][PASSED] - All options with label 'Family' are selected in object 'Object Repository/ECemergencyNew/Page_CaringConnections-v-1.17/Select_EC_Relation' 

12-02-2024T11:35:20 - [TEST_STEP][PASSED] - setText(findTestObject("ECemergencyNew/Page_CaringConnections-v-1.17/input__emergencyAddress"), emergency_address): Text 'Oak Lane 12' is set on object 'Object Repository/ECemergencyNew/Page_CaringConnections-v-1.17/input__emergencyAddress'

12-02-2024T11:35:20 - [MESSAGE][PASSED] - Text 'Oak Lane 12' is set on object 'Object Repository/ECemergencyNew/Page_CaringConnections-v-1.17/input__emergencyAddress'

12-02-2024T11:35:20 - [TEST_STEP][PASSED] - setText(findTestObject("ECemergencyNew/Page_CaringConnections-v-1.17/input_Address Line 2 (Optional)_emergencyAddress2"), address_line2): Text 'Oak Lane 12' is set on object 'Object Repository/ECemergencyNew/Page_CaringConnections-v-1.17/input_Address Line 2 (Optional)_emergencyAddress2'

12-02-2024T11:35:20 - [MESSAGE][PASSED] - Text 'Oak Lane 12' is set on object 'Object Repository/ECemergencyNew/Page_CaringConnections-v-1.17/input_Address Line 2 (Optional)_emergencyAddress2'

12-02-2024T11:35:20 - [TEST_STEP][PASSED] - selectOptionByLabel(findTestObject("ECemergencyNew/Page_CaringConnections-v-1.17/Select_EC_State"), "California", false): All options with label 'California' are selected in object 'Object Repository/ECemergencyNew/Page_CaringConnections-v-1.17/Select_EC_State' 

12-02-2024T11:35:21 - [MESSAGE][PASSED] - All options with label 'California' are selected in object 'Object Repository/ECemergencyNew/Page_CaringConnections-v-1.17/Select_EC_State' 

12-02-2024T11:35:21 - [TEST_STEP][PASSED] - selectOptionByLabel(findTestObject("ECemergencyNew/Page_CaringConnections-v-1.17/SelectEC_City"), "Fresno", false): All options with label 'Fresno' are selected in object 'Object Repository/ECemergencyNew/Page_CaringConnections-v-1.17/SelectEC_City' 

12-02-2024T11:35:21 - [MESSAGE][PASSED] - All options with label 'Fresno' are selected in object 'Object Repository/ECemergencyNew/Page_CaringConnections-v-1.17/SelectEC_City' 

12-02-2024T11:35:21 - [TEST_STEP][PASSED] - setText(findTestObject("ECemergencyNew/Page_CaringConnections-v-1.17/input__emergencyZipcode"), emergency_zip_code): Text '462046' is set on object 'Object Repository/ECemergencyNew/Page_CaringConnections-v-1.17/input__emergencyZipcode'

12-02-2024T11:35:21 - [MESSAGE][PASSED] - Text '462046' is set on object 'Object Repository/ECemergencyNew/Page_CaringConnections-v-1.17/input__emergencyZipcode'

12-02-2024T11:35:21 - [TEST_STEP][PASSED] - setText(findTestObject("ECemergencyNew/Page_CaringConnections-v-1.17/input__emergencyMobileNumber"), emergency_mobile_no): Text '9402347189' is set on object 'Object Repository/ECemergencyNew/Page_CaringConnections-v-1.17/input__emergencyMobileNumber'

12-02-2024T11:35:21 - [MESSAGE][PASSED] - Text '9402347189' is set on object 'Object Repository/ECemergencyNew/Page_CaringConnections-v-1.17/input__emergencyMobileNumber'

12-02-2024T11:35:21 - [TEST_STEP][PASSED] - setText(findTestObject("ECemergencyNew/Page_CaringConnections-v-1.17/input_Other No_emergencyOtherNumber"), emergency_other_no): Text '3456789200' is set on object 'Object Repository/ECemergencyNew/Page_CaringConnections-v-1.17/input_Other No_emergencyOtherNumber'

12-02-2024T11:35:21 - [MESSAGE][PASSED] - Text '3456789200' is set on object 'Object Repository/ECemergencyNew/Page_CaringConnections-v-1.17/input_Other No_emergencyOtherNumber'

12-02-2024T11:35:21 - [TEST_STEP][PASSED] - click(findTestObject("Demographic Page/Demographic_Validation/Senior_Demographic_Validation/Page_CaringConnections-v-1.18/button_Next")): Object: 'Object Repository/Demographic Page/Demographic_Validation/Senior_Demographic_Validation/Page_CaringConnections-v-1.18/button_Next' is clicked on

12-02-2024T11:35:23 - [MESSAGE][PASSED] - Object: 'Object Repository/Demographic Page/Demographic_Validation/Senior_Demographic_Validation/Page_CaringConnections-v-1.18/button_Next' is clicked on

12-02-2024T11:35:23 - [MESSAGE][PASSED] - Call Test Case 'Test Cases/Senior_TestCases/TC06_SeniorDemographic' successfully]]></system-out>
         <system-err><![CDATA[]]></system-err>
      </testcase>
      <testcase name="Test Cases/Senior_TestCases/TC05_ReRecord_Speak" time="13.028" classname="Test Cases/Senior_TestCases/TC05_ReRecord_Speak" status="FAILED">
         <failure type="FAILED" message="Test Cases/Senior_TestCases/TC05_ReRecord_Speak FAILED.&#xa;Reason:&#xa;com.kms.katalon.core.exception.StepFailedException: Unable to click on object 'Object Repository/Category_View_Page/Category_View_Page_Objects/button_Re-record'&#xa;	at com.kms.katalon.core.webui.keyword.internal.WebUIKeywordMain.stepFailed(WebUIKeywordMain.groovy:64)&#xa;	at com.kms.katalon.core.webui.keyword.internal.WebUIKeywordMain.runKeyword(WebUIKeywordMain.groovy:26)&#xa;	at com.kms.katalon.core.webui.keyword.builtin.ClickKeyword.click(ClickKeyword.groovy:74)&#xa;	at com.kms.katalon.core.webui.keyword.builtin.ClickKeyword.execute(ClickKeyword.groovy:40)&#xa;	at com.kms.katalon.core.keyword.internal.KeywordExecutor.executeKeywordForPlatform(KeywordExecutor.groovy:74)&#xa;	at com.kms.katalon.core.webui.keyword.WebUiBuiltInKeywords.click(WebUiBuiltInKeywords.groovy:659)&#xa;	at TC05_ReRecord_Speak.run(TC05_ReRecord_Speak:42)&#xa;	at com.kms.katalon.core.main.ScriptEngine.run(ScriptEngine.java:194)&#xa;	at com.kms.katalon.core.main.ScriptEngine.runScriptAsRawText(ScriptEngine.java:119)&#xa;	at com.kms.katalon.core.main.TestCaseExecutor.runScript(TestCaseExecutor.java:448)&#xa;	at com.kms.katalon.core.main.TestCaseExecutor.doExecute(TestCaseExecutor.java:439)&#xa;	at com.kms.katalon.core.main.TestCaseExecutor.processExecutionPhase(TestCaseExecutor.java:418)&#xa;	at com.kms.katalon.core.main.TestCaseExecutor.accessMainPhase(TestCaseExecutor.java:410)&#xa;	at com.kms.katalon.core.main.TestCaseExecutor.execute(TestCaseExecutor.java:285)&#xa;	at com.kms.katalon.core.common.CommonExecutor.accessTestCaseMainPhase(CommonExecutor.java:65)&#xa;	at com.kms.katalon.core.main.TestSuiteExecutor.accessTestSuiteMainPhase(TestSuiteExecutor.java:148)&#xa;	at com.kms.katalon.core.main.TestSuiteExecutor.execute(TestSuiteExecutor.java:106)&#xa;	at com.kms.katalon.core.main.TestCaseMain.startTestSuite(TestCaseMain.java:180)&#xa;	at TempTestSuite1707717725177.run(TempTestSuite1707717725177.groovy:36)&#xa;	at java.base/jdk.internal.reflect.NativeMethodAccessorImpl.invoke0(Native Method)&#xa;	at java.base/jdk.internal.reflect.NativeMethodAccessorImpl.invoke(NativeMethodAccessorImpl.java:77)&#xa;	at java.base/jdk.internal.reflect.DelegatingMethodAccessorImpl.invoke(DelegatingMethodAccessorImpl.java:43)&#xa;Caused by: org.openqa.selenium.WebDriverException: disconnected: unable to send message to renderer&#xa;  (failed to check if window was closed: disconnected: not connected to DevTools)&#xa;  (Session info: chrome=121.0.6167.161)&#xa;Build info: version: '3.141.59', revision: 'e82be7d358', time: '2018-11-14T08:25:53'&#xa;System info: host: 'LINSHIOCT23-292', ip: '192.168.1.3', os.name: 'Windows 11', os.arch: 'amd64', os.version: '10.0', java.version: '17.0.7'&#xa;Driver info: org.openqa.selenium.chrome.ChromeDriver&#xa;Capabilities {acceptInsecureCerts: false, browserName: chrome, browserVersion: 121.0.6167.161, chrome: {chromedriverVersion: 121.0.6167.85 (3f98d690ad7e..., userDataDir: C:\Users\DILIPS~1\AppData\L...}, fedcm:accounts: true, goog:chromeOptions: {debuggerAddress: localhost:59444}, javascriptEnabled: true, networkConnectionEnabled: false, pageLoadStrategy: normal, platform: WINDOWS, platformName: WINDOWS, proxy: Proxy(), setWindowRect: true, strictFileInteractability: false, timeouts: {implicit: 0, pageLoad: 300000, script: 30000}, unhandledPromptBehavior: dismiss and notify, webauthn:extension:credBlob: true, webauthn:extension:largeBlob: true, webauthn:extension:minPinLength: true, webauthn:extension:prf: true, webauthn:virtualAuthenticators: true}&#xa;Session ID: dca3b5c77af274d7b5d7599cb0fa3d89&#xa;	at java.base/jdk.internal.reflect.NativeConstructorAccessorImpl.newInstance0(Native Method)&#xa;	at java.base/jdk.internal.reflect.NativeConstructorAccessorImpl.newInstance(NativeConstructorAccessorImpl.java:77)&#xa;	at java.base/jdk.internal.reflect.DelegatingConstructorAccessorImpl.newInstance(DelegatingConstructorAccessorImpl.java:45)&#xa;	at org.openqa.selenium.remote.http.W3CHttpResponseCodec.createException(W3CHttpResponseCodec.java:187)&#xa;	at org.openqa.selenium.remote.http.W3CHttpResponseCodec.decode(W3CHttpResponseCodec.java:122)&#xa;	at org.openqa.selenium.remote.http.W3CHttpResponseCodec.decode(W3CHttpResponseCodec.java:49)&#xa;	at org.openqa.selenium.remote.HttpCommandExecutor.execute(HttpCommandExecutor.java:158)&#xa;	at org.openqa.selenium.remote.service.DriverCommandExecutor.execute(DriverCommandExecutor.java:83)&#xa;	at org.openqa.selenium.remote.RemoteWebDriver.execute(RemoteWebDriver.java:552)&#xa;	at org.openqa.selenium.remote.RemoteWebElement.execute(RemoteWebElement.java:285)&#xa;	at org.openqa.selenium.remote.RemoteWebElement.click(RemoteWebElement.java:84)&#xa;	at jdk.internal.reflect.GeneratedMethodAccessor13.invoke(Unknown Source)&#xa;	at java.base/jdk.internal.reflect.DelegatingMethodAccessorImpl.invoke(DelegatingMethodAccessorImpl.java:43)&#xa;	at org.openqa.selenium.support.events.EventFiringWebDriver$EventFiringWebElement.lambda$new$0(EventFiringWebDriver.java:404)&#xa;	at jdk.proxy2/jdk.proxy2.$Proxy26.click(Unknown Source)&#xa;	at org.openqa.selenium.support.events.EventFiringWebDriver$EventFiringWebElement.click(EventFiringWebDriver.java:417)&#xa;	at org.openqa.selenium.WebElement$click.call(Unknown Source)&#xa;	at com.kms.katalon.core.webui.keyword.builtin.ClickKeyword.clickUntilSuccessWithTimeout(ClickKeyword.groovy:81)&#xa;	at com.kms.katalon.core.webui.keyword.builtin.ClickKeyword.clickUntilSuccessWithTimeout(ClickKeyword.groovy)&#xa;	at jdk.internal.reflect.GeneratedMethodAccessor15.invoke(Unknown Source)&#xa;	at java.base/jdk.internal.reflect.DelegatingMethodAccessorImpl.invoke(DelegatingMethodAccessorImpl.java:43)&#xa;	at com.kms.katalon.core.webui.keyword.builtin.ClickKeyword$_click_closure1.doCall(ClickKeyword.groovy:67)&#xa;	at com.kms.katalon.core.webui.keyword.builtin.ClickKeyword$_click_closure1.call(ClickKeyword.groovy)&#xa;	at com.kms.katalon.core.webui.keyword.internal.WebUIKeywordMain.runKeyword(WebUIKeywordMain.groovy:20)&#xa;	... 20 more&#xa;"/>
         <system-out><![CDATA[12-02-2024T11:35:24 - [TEST_CASE][FAILED] - Test Cases/Senior_TestCases/TC05_ReRecord_Speak: Test Cases/Senior_TestCases/TC05_ReRecord_Speak FAILED.
Reason:
com.kms.katalon.core.exception.StepFailedException: Unable to click on object 'Object Repository/Category_View_Page/Category_View_Page_Objects/button_Re-record'
	at com.kms.katalon.core.webui.keyword.internal.WebUIKeywordMain.stepFailed(WebUIKeywordMain.groovy:64)
	at com.kms.katalon.core.webui.keyword.internal.WebUIKeywordMain.runKeyword(WebUIKeywordMain.groovy:26)
	at com.kms.katalon.core.webui.keyword.builtin.ClickKeyword.click(ClickKeyword.groovy:74)
	at com.kms.katalon.core.webui.keyword.builtin.ClickKeyword.execute(ClickKeyword.groovy:40)
	at com.kms.katalon.core.keyword.internal.KeywordExecutor.executeKeywordForPlatform(KeywordExecutor.groovy:74)
	at com.kms.katalon.core.webui.keyword.WebUiBuiltInKeywords.click(WebUiBuiltInKeywords.groovy:659)
	at TC05_ReRecord_Speak.run(TC05_ReRecord_Speak:42)
	at com.kms.katalon.core.main.ScriptEngine.run(ScriptEngine.java:194)
	at com.kms.katalon.core.main.ScriptEngine.runScriptAsRawText(ScriptEngine.java:119)
	at com.kms.katalon.core.main.TestCaseExecutor.runScript(TestCaseExecutor.java:448)
	at com.kms.katalon.core.main.TestCaseExecutor.doExecute(TestCaseExecutor.java:439)
	at com.kms.katalon.core.main.TestCaseExecutor.processExecutionPhase(TestCaseExecutor.java:418)
	at com.kms.katalon.core.main.TestCaseExecutor.accessMainPhase(TestCaseExecutor.java:410)
	at com.kms.katalon.core.main.TestCaseExecutor.execute(TestCaseExecutor.java:285)
	at com.kms.katalon.core.common.CommonExecutor.accessTestCaseMainPhase(CommonExecutor.java:65)
	at com.kms.katalon.core.main.TestSuiteExecutor.accessTestSuiteMainPhase(TestSuiteExecutor.java:148)
	at com.kms.katalon.core.main.TestSuiteExecutor.execute(TestSuiteExecutor.java:106)
	at com.kms.katalon.core.main.TestCaseMain.startTestSuite(TestCaseMain.java:180)
	at TempTestSuite1707717725177.run(TempTestSuite1707717725177.groovy:36)
	at java.base/jdk.internal.reflect.NativeMethodAccessorImpl.invoke0(Native Method)
	at java.base/jdk.internal.reflect.NativeMethodAccessorImpl.invoke(NativeMethodAccessorImpl.java:77)
	at java.base/jdk.internal.reflect.DelegatingMethodAccessorImpl.invoke(DelegatingMethodAccessorImpl.java:43)
Caused by: org.openqa.selenium.WebDriverException: disconnected: unable to send message to renderer
  (failed to check if window was closed: disconnected: not connected to DevTools)
  (Session info: chrome=121.0.6167.161)
Build info: version: '3.141.59', revision: 'e82be7d358', time: '2018-11-14T08:25:53'
System info: host: 'LINSHIOCT23-292', ip: '192.168.1.3', os.name: 'Windows 11', os.arch: 'amd64', os.version: '10.0', java.version: '17.0.7'
Driver info: org.openqa.selenium.chrome.ChromeDriver
Capabilities {acceptInsecureCerts: false, browserName: chrome, browserVersion: 121.0.6167.161, chrome: {chromedriverVersion: 121.0.6167.85 (3f98d690ad7e..., userDataDir: C:\Users\DILIPS~1\AppData\L...}, fedcm:accounts: true, goog:chromeOptions: {debuggerAddress: localhost:59444}, javascriptEnabled: true, networkConnectionEnabled: false, pageLoadStrategy: normal, platform: WINDOWS, platformName: WINDOWS, proxy: Proxy(), setWindowRect: true, strictFileInteractability: false, timeouts: {implicit: 0, pageLoad: 300000, script: 30000}, unhandledPromptBehavior: dismiss and notify, webauthn:extension:credBlob: true, webauthn:extension:largeBlob: true, webauthn:extension:minPinLength: true, webauthn:extension:prf: true, webauthn:virtualAuthenticators: true}
Session ID: dca3b5c77af274d7b5d7599cb0fa3d89
	at java.base/jdk.internal.reflect.NativeConstructorAccessorImpl.newInstance0(Native Method)
	at java.base/jdk.internal.reflect.NativeConstructorAccessorImpl.newInstance(NativeConstructorAccessorImpl.java:77)
	at java.base/jdk.internal.reflect.DelegatingConstructorAccessorImpl.newInstance(DelegatingConstructorAccessorImpl.java:45)
	at org.openqa.selenium.remote.http.W3CHttpResponseCodec.createException(W3CHttpResponseCodec.java:187)
	at org.openqa.selenium.remote.http.W3CHttpResponseCodec.decode(W3CHttpResponseCodec.java:122)
	at org.openqa.selenium.remote.http.W3CHttpResponseCodec.decode(W3CHttpResponseCodec.java:49)
	at org.openqa.selenium.remote.HttpCommandExecutor.execute(HttpCommandExecutor.java:158)
	at org.openqa.selenium.remote.service.DriverCommandExecutor.execute(DriverCommandExecutor.java:83)
	at org.openqa.selenium.remote.RemoteWebDriver.execute(RemoteWebDriver.java:552)
	at org.openqa.selenium.remote.RemoteWebElement.execute(RemoteWebElement.java:285)
	at org.openqa.selenium.remote.RemoteWebElement.click(RemoteWebElement.java:84)
	at jdk.internal.reflect.GeneratedMethodAccessor13.invoke(Unknown Source)
	at java.base/jdk.internal.reflect.DelegatingMethodAccessorImpl.invoke(DelegatingMethodAccessorImpl.java:43)
	at org.openqa.selenium.support.events.EventFiringWebDriver$EventFiringWebElement.lambda$new$0(EventFiringWebDriver.java:404)
	at jdk.proxy2/jdk.proxy2.$Proxy26.click(Unknown Source)
	at org.openqa.selenium.support.events.EventFiringWebDriver$EventFiringWebElement.click(EventFiringWebDriver.java:417)
	at org.openqa.selenium.WebElement$click.call(Unknown Source)
	at com.kms.katalon.core.webui.keyword.builtin.ClickKeyword.clickUntilSuccessWithTimeout(ClickKeyword.groovy:81)
	at com.kms.katalon.core.webui.keyword.builtin.ClickKeyword.clickUntilSuccessWithTimeout(ClickKeyword.groovy)
	at jdk.internal.reflect.GeneratedMethodAccessor15.invoke(Unknown Source)
	at java.base/jdk.internal.reflect.DelegatingMethodAccessorImpl.invoke(DelegatingMethodAccessorImpl.java:43)
	at com.kms.katalon.core.webui.keyword.builtin.ClickKeyword$_click_closure1.doCall(ClickKeyword.groovy:67)
	at com.kms.katalon.core.webui.keyword.builtin.ClickKeyword$_click_closure1.call(ClickKeyword.groovy)
	at com.kms.katalon.core.webui.keyword.internal.WebUIKeywordMain.runKeyword(WebUIKeywordMain.groovy:20)
	... 20 more


12-02-2024T11:35:24 - [TEST_STEP][PASSED] - callTestCase(findTestCase("Common_TestCases/Senior_Sign_In"), ["email":"", "password":""], STOP_ON_FAILURE): Call Test Case 'Test Cases/Common_TestCases/Senior_Sign_In' successfully

12-02-2024T11:35:24 - [TEST_CASE][PASSED] - Test Cases/Common_TestCases/Senior_Sign_In: Test Cases/Common_TestCases/Senior_Sign_In

12-02-2024T11:35:25 - [TEST_STEP][PASSED] - System.setProperty("webdriver.chrome.driver", "Data Files/chromedriver-win64/chromedriver.exe"): null

12-02-2024T11:35:25 - [TEST_STEP][PASSED] - options = new org.openqa.selenium.chrome.ChromeOptions(): null

12-02-2024T11:35:25 - [TEST_STEP][PASSED] - options.addArguments("start-maximized"): null

12-02-2024T11:35:25 - [TEST_STEP][PASSED] - options.addArguments("force-device-scale-factor=1.2"): null

12-02-2024T11:35:25 - [TEST_STEP][PASSED] - options.setExperimentalOption("prefs", new Script1707288331643$1(this)): null

12-02-2024T11:35:25 - [TEST_STEP][PASSED] - capabilities = DesiredCapabilities.chrome(): null

12-02-2024T11:35:25 - [TEST_STEP][PASSED] - capabilities.setCapability(CAPABILITY, options): null

12-02-2024T11:35:25 - [TEST_STEP][PASSED] - driver = new org.openqa.selenium.chrome.ChromeDriver(capabilities): null

12-02-2024T11:35:25 - [TEST_STEP][PASSED] - changeWebDriver(driver): null

12-02-2024T11:35:25 - [TEST_STEP][PASSED] - navigateToUrl("https://caring-connections-qa.azurewebsites.net/"): Navigate to 'https://caring-connections-qa.azurewebsites.net/' successfully

12-02-2024T11:35:30 - [MESSAGE][PASSED] - Navigate to 'https://caring-connections-qa.azurewebsites.net/' successfully

12-02-2024T11:35:30 - [TEST_STEP][PASSED] - setText(findTestObject("Login_Pages/Sign_In_Page/input_Username"), "dilip@gmail.com"): Text 'dilip@gmail.com' is set on object 'Object Repository/Login_Pages/Sign_In_Page/input_Username'

12-02-2024T11:35:30 - [MESSAGE][PASSED] - Text 'dilip@gmail.com' is set on object 'Object Repository/Login_Pages/Sign_In_Page/input_Username'

12-02-2024T11:35:30 - [TEST_STEP][PASSED] - setText(findTestObject("Login_Pages/Sign_In_Page/input_Password"), "Test@123"): Text 'Test@123' is set on object 'Object Repository/Login_Pages/Sign_In_Page/input_Password'

12-02-2024T11:35:31 - [MESSAGE][PASSED] - Text 'Test@123' is set on object 'Object Repository/Login_Pages/Sign_In_Page/input_Password'

12-02-2024T11:35:31 - [TEST_STEP][PASSED] - click(findTestObject("Login_Pages/Sign_In_Page/button_Sign_In")): Object: 'Object Repository/Login_Pages/Sign_In_Page/button_Sign_In' is clicked on

12-02-2024T11:35:31 - [MESSAGE][PASSED] - Object: 'Object Repository/Login_Pages/Sign_In_Page/button_Sign_In' is clicked on

12-02-2024T11:35:31 - [MESSAGE][PASSED] - Call Test Case 'Test Cases/Common_TestCases/Senior_Sign_In' successfully

12-02-2024T11:35:31 - [TEST_STEP][PASSED] - delay(5): Delayed 5 second(s)

12-02-2024T11:35:36 - [MESSAGE][PASSED] - Delayed 5 second(s)

12-02-2024T11:35:36 - [TEST_STEP][PASSED] - scrollToElement(findTestObject("Category_View_Page/Category_View_Page_Objects/button_Re-record"), 0): Scroll to object 'Object Repository/Category_View_Page/Category_View_Page_Objects/button_Re-record' successfully

12-02-2024T11:35:36 - [MESSAGE][WARNING] - Timeout '0' is invalid. Using default page load timeout: '30'

12-02-2024T11:35:36 - [MESSAGE][PASSED] - Scroll to object 'Object Repository/Category_View_Page/Category_View_Page_Objects/button_Re-record' successfully

12-02-2024T11:35:36 - [TEST_STEP][FAILED] - click(findTestObject("Category_View_Page/Category_View_Page_Objects/button_Re-record")): Unable to click on object 'Object Repository/Category_View_Page/Category_View_Page_Objects/button_Re-record' (Root cause: com.kms.katalon.core.exception.StepFailedException: Unable to click on object 'Object Repository/Category_View_Page/Category_View_Page_Objects/button_Re-record'
	at com.kms.katalon.core.webui.keyword.internal.WebUIKeywordMain.stepFailed(WebUIKeywordMain.groovy:64)
	at com.kms.katalon.core.webui.keyword.internal.WebUIKeywordMain.runKeyword(WebUIKeywordMain.groovy:26)
	at com.kms.katalon.core.webui.keyword.builtin.ClickKeyword.click(ClickKeyword.groovy:74)
	at com.kms.katalon.core.webui.keyword.builtin.ClickKeyword.execute(ClickKeyword.groovy:40)
	at com.kms.katalon.core.keyword.internal.KeywordExecutor.executeKeywordForPlatform(KeywordExecutor.groovy:74)
	at com.kms.katalon.core.webui.keyword.WebUiBuiltInKeywords.click(WebUiBuiltInKeywords.groovy:659)
	at TC05_ReRecord_Speak.run(TC05_ReRecord_Speak:42)
	at com.kms.katalon.core.main.ScriptEngine.run(ScriptEngine.java:194)
	at com.kms.katalon.core.main.ScriptEngine.runScriptAsRawText(ScriptEngine.java:119)
	at com.kms.katalon.core.main.TestCaseExecutor.runScript(TestCaseExecutor.java:448)
	at com.kms.katalon.core.main.TestCaseExecutor.doExecute(TestCaseExecutor.java:439)
	at com.kms.katalon.core.main.TestCaseExecutor.processExecutionPhase(TestCaseExecutor.java:418)
	at com.kms.katalon.core.main.TestCaseExecutor.accessMainPhase(TestCaseExecutor.java:410)
	at com.kms.katalon.core.main.TestCaseExecutor.execute(TestCaseExecutor.java:285)
	at com.kms.katalon.core.common.CommonExecutor.accessTestCaseMainPhase(CommonExecutor.java:65)
	at com.kms.katalon.core.main.TestSuiteExecutor.accessTestSuiteMainPhase(TestSuiteExecutor.java:148)
	at com.kms.katalon.core.main.TestSuiteExecutor.execute(TestSuiteExecutor.java:106)
	at com.kms.katalon.core.main.TestCaseMain.startTestSuite(TestCaseMain.java:180)
	at TempTestSuite1707717725177.run(TempTestSuite1707717725177.groovy:36)
	at java.base/jdk.internal.reflect.NativeMethodAccessorImpl.invoke0(Native Method)
	at java.base/jdk.internal.reflect.NativeMethodAccessorImpl.invoke(NativeMethodAccessorImpl.java:77)
	at java.base/jdk.internal.reflect.DelegatingMethodAccessorImpl.invoke(DelegatingMethodAccessorImpl.java:43)
Caused by: org.openqa.selenium.WebDriverException: disconnected: unable to send message to renderer
  (failed to check if window was closed: disconnected: not connected to DevTools)
  (Session info: chrome=121.0.6167.161)
Build info: version: '3.141.59', revision: 'e82be7d358', time: '2018-11-14T08:25:53'
System info: host: 'LINSHIOCT23-292', ip: '192.168.1.3', os.name: 'Windows 11', os.arch: 'amd64', os.version: '10.0', java.version: '17.0.7'
Driver info: org.openqa.selenium.chrome.ChromeDriver
Capabilities {acceptInsecureCerts: false, browserName: chrome, browserVersion: 121.0.6167.161, chrome: {chromedriverVersion: 121.0.6167.85 (3f98d690ad7e..., userDataDir: C:\Users\DILIPS~1\AppData\L...}, fedcm:accounts: true, goog:chromeOptions: {debuggerAddress: localhost:59444}, javascriptEnabled: true, networkConnectionEnabled: false, pageLoadStrategy: normal, platform: WINDOWS, platformName: WINDOWS, proxy: Proxy(), setWindowRect: true, strictFileInteractability: false, timeouts: {implicit: 0, pageLoad: 300000, script: 30000}, unhandledPromptBehavior: dismiss and notify, webauthn:extension:credBlob: true, webauthn:extension:largeBlob: true, webauthn:extension:minPinLength: true, webauthn:extension:prf: true, webauthn:virtualAuthenticators: true}
Session ID: dca3b5c77af274d7b5d7599cb0fa3d89
	at java.base/jdk.internal.reflect.NativeConstructorAccessorImpl.newInstance0(Native Method)
	at java.base/jdk.internal.reflect.NativeConstructorAccessorImpl.newInstance(NativeConstructorAccessorImpl.java:77)
	at java.base/jdk.internal.reflect.DelegatingConstructorAccessorImpl.newInstance(DelegatingConstructorAccessorImpl.java:45)
	at org.openqa.selenium.remote.http.W3CHttpResponseCodec.createException(W3CHttpResponseCodec.java:187)
	at org.openqa.selenium.remote.http.W3CHttpResponseCodec.decode(W3CHttpResponseCodec.java:122)
	at org.openqa.selenium.remote.http.W3CHttpResponseCodec.decode(W3CHttpResponseCodec.java:49)
	at org.openqa.selenium.remote.HttpCommandExecutor.execute(HttpCommandExecutor.java:158)
	at org.openqa.selenium.remote.service.DriverCommandExecutor.execute(DriverCommandExecutor.java:83)
	at org.openqa.selenium.remote.RemoteWebDriver.execute(RemoteWebDriver.java:552)
	at org.openqa.selenium.remote.RemoteWebElement.execute(RemoteWebElement.java:285)
	at org.openqa.selenium.remote.RemoteWebElement.click(RemoteWebElement.java:84)
	at jdk.internal.reflect.GeneratedMethodAccessor13.invoke(Unknown Source)
	at java.base/jdk.internal.reflect.DelegatingMethodAccessorImpl.invoke(DelegatingMethodAccessorImpl.java:43)
	at org.openqa.selenium.support.events.EventFiringWebDriver$EventFiringWebElement.lambda$new$0(EventFiringWebDriver.java:404)
	at jdk.proxy2/jdk.proxy2.$Proxy26.click(Unknown Source)
	at org.openqa.selenium.support.events.EventFiringWebDriver$EventFiringWebElement.click(EventFiringWebDriver.java:417)
	at org.openqa.selenium.WebElement$click.call(Unknown Source)
	at com.kms.katalon.core.webui.keyword.builtin.ClickKeyword.clickUntilSuccessWithTimeout(ClickKeyword.groovy:81)
	at com.kms.katalon.core.webui.keyword.builtin.ClickKeyword.clickUntilSuccessWithTimeout(ClickKeyword.groovy)
	at jdk.internal.reflect.GeneratedMethodAccessor15.invoke(Unknown Source)
	at java.base/jdk.internal.reflect.DelegatingMethodAccessorImpl.invoke(DelegatingMethodAccessorImpl.java:43)
	at com.kms.katalon.core.webui.keyword.builtin.ClickKeyword$_click_closure1.doCall(ClickKeyword.groovy:67)
	at com.kms.katalon.core.webui.keyword.builtin.ClickKeyword$_click_closure1.call(ClickKeyword.groovy)
	at com.kms.katalon.core.webui.keyword.internal.WebUIKeywordMain.runKeyword(WebUIKeywordMain.groovy:20)
	at com.kms.katalon.core.webui.keyword.builtin.ClickKeyword.click(ClickKeyword.groovy:74)
	at com.kms.katalon.core.webui.keyword.builtin.ClickKeyword.execute(ClickKeyword.groovy:40)
	at com.kms.katalon.core.keyword.internal.KeywordExecutor.executeKeywordForPlatform(KeywordExecutor.groovy:74)
	at com.kms.katalon.core.webui.keyword.WebUiBuiltInKeywords.click(WebUiBuiltInKeywords.groovy:659)
	at Script1701260651705.run(Script1701260651705.groovy:42)
	... 15 more
)

12-02-2024T11:35:37 - [MESSAGE][WARNING] - Cannot take screenshot

12-02-2024T11:35:37 - [MESSAGE][FAILED] - Unable to click on object 'Object Repository/Category_View_Page/Category_View_Page_Objects/button_Re-record' (Root cause: com.kms.katalon.core.exception.StepFailedException: Unable to click on object 'Object Repository/Category_View_Page/Category_View_Page_Objects/button_Re-record'
	at com.kms.katalon.core.webui.keyword.internal.WebUIKeywordMain.stepFailed(WebUIKeywordMain.groovy:64)
	at com.kms.katalon.core.webui.keyword.internal.WebUIKeywordMain.runKeyword(WebUIKeywordMain.groovy:26)
	at com.kms.katalon.core.webui.keyword.builtin.ClickKeyword.click(ClickKeyword.groovy:74)
	at com.kms.katalon.core.webui.keyword.builtin.ClickKeyword.execute(ClickKeyword.groovy:40)
	at com.kms.katalon.core.keyword.internal.KeywordExecutor.executeKeywordForPlatform(KeywordExecutor.groovy:74)
	at com.kms.katalon.core.webui.keyword.WebUiBuiltInKeywords.click(WebUiBuiltInKeywords.groovy:659)
	at TC05_ReRecord_Speak.run(TC05_ReRecord_Speak:42)
	at com.kms.katalon.core.main.ScriptEngine.run(ScriptEngine.java:194)
	at com.kms.katalon.core.main.ScriptEngine.runScriptAsRawText(ScriptEngine.java:119)
	at com.kms.katalon.core.main.TestCaseExecutor.runScript(TestCaseExecutor.java:448)
	at com.kms.katalon.core.main.TestCaseExecutor.doExecute(TestCaseExecutor.java:439)
	at com.kms.katalon.core.main.TestCaseExecutor.processExecutionPhase(TestCaseExecutor.java:418)
	at com.kms.katalon.core.main.TestCaseExecutor.accessMainPhase(TestCaseExecutor.java:410)
	at com.kms.katalon.core.main.TestCaseExecutor.execute(TestCaseExecutor.java:285)
	at com.kms.katalon.core.common.CommonExecutor.accessTestCaseMainPhase(CommonExecutor.java:65)
	at com.kms.katalon.core.main.TestSuiteExecutor.accessTestSuiteMainPhase(TestSuiteExecutor.java:148)
	at com.kms.katalon.core.main.TestSuiteExecutor.execute(TestSuiteExecutor.java:106)
	at com.kms.katalon.core.main.TestCaseMain.startTestSuite(TestCaseMain.java:180)
	at TempTestSuite1707717725177.run(TempTestSuite1707717725177.groovy:36)
	at java.base/jdk.internal.reflect.NativeMethodAccessorImpl.invoke0(Native Method)
	at java.base/jdk.internal.reflect.NativeMethodAccessorImpl.invoke(NativeMethodAccessorImpl.java:77)
	at java.base/jdk.internal.reflect.DelegatingMethodAccessorImpl.invoke(DelegatingMethodAccessorImpl.java:43)
Caused by: org.openqa.selenium.WebDriverException: disconnected: unable to send message to renderer
  (failed to check if window was closed: disconnected: not connected to DevTools)
  (Session info: chrome=121.0.6167.161)
Build info: version: '3.141.59', revision: 'e82be7d358', time: '2018-11-14T08:25:53'
System info: host: 'LINSHIOCT23-292', ip: '192.168.1.3', os.name: 'Windows 11', os.arch: 'amd64', os.version: '10.0', java.version: '17.0.7'
Driver info: org.openqa.selenium.chrome.ChromeDriver
Capabilities {acceptInsecureCerts: false, browserName: chrome, browserVersion: 121.0.6167.161, chrome: {chromedriverVersion: 121.0.6167.85 (3f98d690ad7e..., userDataDir: C:\Users\DILIPS~1\AppData\L...}, fedcm:accounts: true, goog:chromeOptions: {debuggerAddress: localhost:59444}, javascriptEnabled: true, networkConnectionEnabled: false, pageLoadStrategy: normal, platform: WINDOWS, platformName: WINDOWS, proxy: Proxy(), setWindowRect: true, strictFileInteractability: false, timeouts: {implicit: 0, pageLoad: 300000, script: 30000}, unhandledPromptBehavior: dismiss and notify, webauthn:extension:credBlob: true, webauthn:extension:largeBlob: true, webauthn:extension:minPinLength: true, webauthn:extension:prf: true, webauthn:virtualAuthenticators: true}
Session ID: dca3b5c77af274d7b5d7599cb0fa3d89
	at java.base/jdk.internal.reflect.NativeConstructorAccessorImpl.newInstance0(Native Method)
	at java.base/jdk.internal.reflect.NativeConstructorAccessorImpl.newInstance(NativeConstructorAccessorImpl.java:77)
	at java.base/jdk.internal.reflect.DelegatingConstructorAccessorImpl.newInstance(DelegatingConstructorAccessorImpl.java:45)
	at org.openqa.selenium.remote.http.W3CHttpResponseCodec.createException(W3CHttpResponseCodec.java:187)
	at org.openqa.selenium.remote.http.W3CHttpResponseCodec.decode(W3CHttpResponseCodec.java:122)
	at org.openqa.selenium.remote.http.W3CHttpResponseCodec.decode(W3CHttpResponseCodec.java:49)
	at org.openqa.selenium.remote.HttpCommandExecutor.execute(HttpCommandExecutor.java:158)
	at org.openqa.selenium.remote.service.DriverCommandExecutor.execute(DriverCommandExecutor.java:83)
	at org.openqa.selenium.remote.RemoteWebDriver.execute(RemoteWebDriver.java:552)
	at org.openqa.selenium.remote.RemoteWebElement.execute(RemoteWebElement.java:285)
	at org.openqa.selenium.remote.RemoteWebElement.click(RemoteWebElement.java:84)
	at jdk.internal.reflect.GeneratedMethodAccessor13.invoke(Unknown Source)
	at java.base/jdk.internal.reflect.DelegatingMethodAccessorImpl.invoke(DelegatingMethodAccessorImpl.java:43)
	at org.openqa.selenium.support.events.EventFiringWebDriver$EventFiringWebElement.lambda$new$0(EventFiringWebDriver.java:404)
	at jdk.proxy2/jdk.proxy2.$Proxy26.click(Unknown Source)
	at org.openqa.selenium.support.events.EventFiringWebDriver$EventFiringWebElement.click(EventFiringWebDriver.java:417)
	at org.openqa.selenium.WebElement$click.call(Unknown Source)
	at com.kms.katalon.core.webui.keyword.builtin.ClickKeyword.clickUntilSuccessWithTimeout(ClickKeyword.groovy:81)
	at com.kms.katalon.core.webui.keyword.builtin.ClickKeyword.clickUntilSuccessWithTimeout(ClickKeyword.groovy)
	at jdk.internal.reflect.GeneratedMethodAccessor15.invoke(Unknown Source)
	at java.base/jdk.internal.reflect.DelegatingMethodAccessorImpl.invoke(DelegatingMethodAccessorImpl.java:43)
	at com.kms.katalon.core.webui.keyword.builtin.ClickKeyword$_click_closure1.doCall(ClickKeyword.groovy:67)
	at com.kms.katalon.core.webui.keyword.builtin.ClickKeyword$_click_closure1.call(ClickKeyword.groovy)
	at com.kms.katalon.core.webui.keyword.internal.WebUIKeywordMain.runKeyword(WebUIKeywordMain.groovy:20)
	at com.kms.katalon.core.webui.keyword.builtin.ClickKeyword.click(ClickKeyword.groovy:74)
	at com.kms.katalon.core.webui.keyword.builtin.ClickKeyword.execute(ClickKeyword.groovy:40)
	at com.kms.katalon.core.keyword.internal.KeywordExecutor.executeKeywordForPlatform(KeywordExecutor.groovy:74)
	at com.kms.katalon.core.webui.keyword.WebUiBuiltInKeywords.click(WebUiBuiltInKeywords.groovy:659)
	at Script1701260651705.run(Script1701260651705.groovy:42)
	... 15 more
)]]></system-out>
         <system-err><![CDATA[12-02-2024T11:35:24 - [TEST_CASE][FAILED] - Test Cases/Senior_TestCases/TC05_ReRecord_Speak: Test Cases/Senior_TestCases/TC05_ReRecord_Speak FAILED.
Reason:
com.kms.katalon.core.exception.StepFailedException: Unable to click on object 'Object Repository/Category_View_Page/Category_View_Page_Objects/button_Re-record'
	at com.kms.katalon.core.webui.keyword.internal.WebUIKeywordMain.stepFailed(WebUIKeywordMain.groovy:64)
	at com.kms.katalon.core.webui.keyword.internal.WebUIKeywordMain.runKeyword(WebUIKeywordMain.groovy:26)
	at com.kms.katalon.core.webui.keyword.builtin.ClickKeyword.click(ClickKeyword.groovy:74)
	at com.kms.katalon.core.webui.keyword.builtin.ClickKeyword.execute(ClickKeyword.groovy:40)
	at com.kms.katalon.core.keyword.internal.KeywordExecutor.executeKeywordForPlatform(KeywordExecutor.groovy:74)
	at com.kms.katalon.core.webui.keyword.WebUiBuiltInKeywords.click(WebUiBuiltInKeywords.groovy:659)
	at TC05_ReRecord_Speak.run(TC05_ReRecord_Speak:42)
	at com.kms.katalon.core.main.ScriptEngine.run(ScriptEngine.java:194)
	at com.kms.katalon.core.main.ScriptEngine.runScriptAsRawText(ScriptEngine.java:119)
	at com.kms.katalon.core.main.TestCaseExecutor.runScript(TestCaseExecutor.java:448)
	at com.kms.katalon.core.main.TestCaseExecutor.doExecute(TestCaseExecutor.java:439)
	at com.kms.katalon.core.main.TestCaseExecutor.processExecutionPhase(TestCaseExecutor.java:418)
	at com.kms.katalon.core.main.TestCaseExecutor.accessMainPhase(TestCaseExecutor.java:410)
	at com.kms.katalon.core.main.TestCaseExecutor.execute(TestCaseExecutor.java:285)
	at com.kms.katalon.core.common.CommonExecutor.accessTestCaseMainPhase(CommonExecutor.java:65)
	at com.kms.katalon.core.main.TestSuiteExecutor.accessTestSuiteMainPhase(TestSuiteExecutor.java:148)
	at com.kms.katalon.core.main.TestSuiteExecutor.execute(TestSuiteExecutor.java:106)
	at com.kms.katalon.core.main.TestCaseMain.startTestSuite(TestCaseMain.java:180)
	at TempTestSuite1707717725177.run(TempTestSuite1707717725177.groovy:36)
	at java.base/jdk.internal.reflect.NativeMethodAccessorImpl.invoke0(Native Method)
	at java.base/jdk.internal.reflect.NativeMethodAccessorImpl.invoke(NativeMethodAccessorImpl.java:77)
	at java.base/jdk.internal.reflect.DelegatingMethodAccessorImpl.invoke(DelegatingMethodAccessorImpl.java:43)
Caused by: org.openqa.selenium.WebDriverException: disconnected: unable to send message to renderer
  (failed to check if window was closed: disconnected: not connected to DevTools)
  (Session info: chrome=121.0.6167.161)
Build info: version: '3.141.59', revision: 'e82be7d358', time: '2018-11-14T08:25:53'
System info: host: 'LINSHIOCT23-292', ip: '192.168.1.3', os.name: 'Windows 11', os.arch: 'amd64', os.version: '10.0', java.version: '17.0.7'
Driver info: org.openqa.selenium.chrome.ChromeDriver
Capabilities {acceptInsecureCerts: false, browserName: chrome, browserVersion: 121.0.6167.161, chrome: {chromedriverVersion: 121.0.6167.85 (3f98d690ad7e..., userDataDir: C:\Users\DILIPS~1\AppData\L...}, fedcm:accounts: true, goog:chromeOptions: {debuggerAddress: localhost:59444}, javascriptEnabled: true, networkConnectionEnabled: false, pageLoadStrategy: normal, platform: WINDOWS, platformName: WINDOWS, proxy: Proxy(), setWindowRect: true, strictFileInteractability: false, timeouts: {implicit: 0, pageLoad: 300000, script: 30000}, unhandledPromptBehavior: dismiss and notify, webauthn:extension:credBlob: true, webauthn:extension:largeBlob: true, webauthn:extension:minPinLength: true, webauthn:extension:prf: true, webauthn:virtualAuthenticators: true}
Session ID: dca3b5c77af274d7b5d7599cb0fa3d89
	at java.base/jdk.internal.reflect.NativeConstructorAccessorImpl.newInstance0(Native Method)
	at java.base/jdk.internal.reflect.NativeConstructorAccessorImpl.newInstance(NativeConstructorAccessorImpl.java:77)
	at java.base/jdk.internal.reflect.DelegatingConstructorAccessorImpl.newInstance(DelegatingConstructorAccessorImpl.java:45)
	at org.openqa.selenium.remote.http.W3CHttpResponseCodec.createException(W3CHttpResponseCodec.java:187)
	at org.openqa.selenium.remote.http.W3CHttpResponseCodec.decode(W3CHttpResponseCodec.java:122)
	at org.openqa.selenium.remote.http.W3CHttpResponseCodec.decode(W3CHttpResponseCodec.java:49)
	at org.openqa.selenium.remote.HttpCommandExecutor.execute(HttpCommandExecutor.java:158)
	at org.openqa.selenium.remote.service.DriverCommandExecutor.execute(DriverCommandExecutor.java:83)
	at org.openqa.selenium.remote.RemoteWebDriver.execute(RemoteWebDriver.java:552)
	at org.openqa.selenium.remote.RemoteWebElement.execute(RemoteWebElement.java:285)
	at org.openqa.selenium.remote.RemoteWebElement.click(RemoteWebElement.java:84)
	at jdk.internal.reflect.GeneratedMethodAccessor13.invoke(Unknown Source)
	at java.base/jdk.internal.reflect.DelegatingMethodAccessorImpl.invoke(DelegatingMethodAccessorImpl.java:43)
	at org.openqa.selenium.support.events.EventFiringWebDriver$EventFiringWebElement.lambda$new$0(EventFiringWebDriver.java:404)
	at jdk.proxy2/jdk.proxy2.$Proxy26.click(Unknown Source)
	at org.openqa.selenium.support.events.EventFiringWebDriver$EventFiringWebElement.click(EventFiringWebDriver.java:417)
	at org.openqa.selenium.WebElement$click.call(Unknown Source)
	at com.kms.katalon.core.webui.keyword.builtin.ClickKeyword.clickUntilSuccessWithTimeout(ClickKeyword.groovy:81)
	at com.kms.katalon.core.webui.keyword.builtin.ClickKeyword.clickUntilSuccessWithTimeout(ClickKeyword.groovy)
	at jdk.internal.reflect.GeneratedMethodAccessor15.invoke(Unknown Source)
	at java.base/jdk.internal.reflect.DelegatingMethodAccessorImpl.invoke(DelegatingMethodAccessorImpl.java:43)
	at com.kms.katalon.core.webui.keyword.builtin.ClickKeyword$_click_closure1.doCall(ClickKeyword.groovy:67)
	at com.kms.katalon.core.webui.keyword.builtin.ClickKeyword$_click_closure1.call(ClickKeyword.groovy)
	at com.kms.katalon.core.webui.keyword.internal.WebUIKeywordMain.runKeyword(WebUIKeywordMain.groovy:20)
	... 20 more]]></system-err>
      </testcase>
      <system-out><![CDATA[12-02-2024T11:32:08 - [TEST_SUITE][FAILED] - Senior_Speak: Test Cases/Senior_TestCases/TC05_ReRecord_Speak FAILED.
Reason:
com.kms.katalon.core.exception.StepFailedException: Unable to click on object 'Object Repository/Category_View_Page/Category_View_Page_Objects/button_Re-record'
	at com.kms.katalon.core.webui.keyword.internal.WebUIKeywordMain.stepFailed(WebUIKeywordMain.groovy:64)
	at com.kms.katalon.core.webui.keyword.internal.WebUIKeywordMain.runKeyword(WebUIKeywordMain.groovy:26)
	at com.kms.katalon.core.webui.keyword.builtin.ClickKeyword.click(ClickKeyword.groovy:74)
	at com.kms.katalon.core.webui.keyword.builtin.ClickKeyword.execute(ClickKeyword.groovy:40)
	at com.kms.katalon.core.keyword.internal.KeywordExecutor.executeKeywordForPlatform(KeywordExecutor.groovy:74)
	at com.kms.katalon.core.webui.keyword.WebUiBuiltInKeywords.click(WebUiBuiltInKeywords.groovy:659)
	at TC05_ReRecord_Speak.run(TC05_ReRecord_Speak:42)
	at com.kms.katalon.core.main.ScriptEngine.run(ScriptEngine.java:194)
	at com.kms.katalon.core.main.ScriptEngine.runScriptAsRawText(ScriptEngine.java:119)
	at com.kms.katalon.core.main.TestCaseExecutor.runScript(TestCaseExecutor.java:448)
	at com.kms.katalon.core.main.TestCaseExecutor.doExecute(TestCaseExecutor.java:439)
	at com.kms.katalon.core.main.TestCaseExecutor.processExecutionPhase(TestCaseExecutor.java:418)
	at com.kms.katalon.core.main.TestCaseExecutor.accessMainPhase(TestCaseExecutor.java:410)
	at com.kms.katalon.core.main.TestCaseExecutor.execute(TestCaseExecutor.java:285)
	at com.kms.katalon.core.common.CommonExecutor.accessTestCaseMainPhase(CommonExecutor.java:65)
	at com.kms.katalon.core.main.TestSuiteExecutor.accessTestSuiteMainPhase(TestSuiteExecutor.java:148)
	at com.kms.katalon.core.main.TestSuiteExecutor.execute(TestSuiteExecutor.java:106)
	at com.kms.katalon.core.main.TestCaseMain.startTestSuite(TestCaseMain.java:180)
	at TempTestSuite1707717725177.run(TempTestSuite1707717725177.groovy:36)
	at java.base/jdk.internal.reflect.NativeMethodAccessorImpl.invoke0(Native Method)
	at java.base/jdk.internal.reflect.NativeMethodAccessorImpl.invoke(NativeMethodAccessorImpl.java:77)
	at java.base/jdk.internal.reflect.DelegatingMethodAccessorImpl.invoke(DelegatingMethodAccessorImpl.java:43)
Caused by: org.openqa.selenium.WebDriverException: disconnected: unable to send message to renderer
  (failed to check if window was closed: disconnected: not connected to DevTools)
  (Session info: chrome=121.0.6167.161)
Build info: version: '3.141.59', revision: 'e82be7d358', time: '2018-11-14T08:25:53'
System info: host: 'LINSHIOCT23-292', ip: '192.168.1.3', os.name: 'Windows 11', os.arch: 'amd64', os.version: '10.0', java.version: '17.0.7'
Driver info: org.openqa.selenium.chrome.ChromeDriver
Capabilities {acceptInsecureCerts: false, browserName: chrome, browserVersion: 121.0.6167.161, chrome: {chromedriverVersion: 121.0.6167.85 (3f98d690ad7e..., userDataDir: C:\Users\DILIPS~1\AppData\L...}, fedcm:accounts: true, goog:chromeOptions: {debuggerAddress: localhost:59444}, javascriptEnabled: true, networkConnectionEnabled: false, pageLoadStrategy: normal, platform: WINDOWS, platformName: WINDOWS, proxy: Proxy(), setWindowRect: true, strictFileInteractability: false, timeouts: {implicit: 0, pageLoad: 300000, script: 30000}, unhandledPromptBehavior: dismiss and notify, webauthn:extension:credBlob: true, webauthn:extension:largeBlob: true, webauthn:extension:minPinLength: true, webauthn:extension:prf: true, webauthn:virtualAuthenticators: true}
Session ID: dca3b5c77af274d7b5d7599cb0fa3d89
	at java.base/jdk.internal.reflect.NativeConstructorAccessorImpl.newInstance0(Native Method)
	at java.base/jdk.internal.reflect.NativeConstructorAccessorImpl.newInstance(NativeConstructorAccessorImpl.java:77)
	at java.base/jdk.internal.reflect.DelegatingConstructorAccessorImpl.newInstance(DelegatingConstructorAccessorImpl.java:45)
	at org.openqa.selenium.remote.http.W3CHttpResponseCodec.createException(W3CHttpResponseCodec.java:187)
	at org.openqa.selenium.remote.http.W3CHttpResponseCodec.decode(W3CHttpResponseCodec.java:122)
	at org.openqa.selenium.remote.http.W3CHttpResponseCodec.decode(W3CHttpResponseCodec.java:49)
	at org.openqa.selenium.remote.HttpCommandExecutor.execute(HttpCommandExecutor.java:158)
	at org.openqa.selenium.remote.service.DriverCommandExecutor.execute(DriverCommandExecutor.java:83)
	at org.openqa.selenium.remote.RemoteWebDriver.execute(RemoteWebDriver.java:552)
	at org.openqa.selenium.remote.RemoteWebElement.execute(RemoteWebElement.java:285)
	at org.openqa.selenium.remote.RemoteWebElement.click(RemoteWebElement.java:84)
	at jdk.internal.reflect.GeneratedMethodAccessor13.invoke(Unknown Source)
	at java.base/jdk.internal.reflect.DelegatingMethodAccessorImpl.invoke(DelegatingMethodAccessorImpl.java:43)
	at org.openqa.selenium.support.events.EventFiringWebDriver$EventFiringWebElement.lambda$new$0(EventFiringWebDriver.java:404)
	at jdk.proxy2/jdk.proxy2.$Proxy26.click(Unknown Source)
	at org.openqa.selenium.support.events.EventFiringWebDriver$EventFiringWebElement.click(EventFiringWebDriver.java:417)
	at org.openqa.selenium.WebElement$click.call(Unknown Source)
	at com.kms.katalon.core.webui.keyword.builtin.ClickKeyword.clickUntilSuccessWithTimeout(ClickKeyword.groovy:81)
	at com.kms.katalon.core.webui.keyword.builtin.ClickKeyword.clickUntilSuccessWithTimeout(ClickKeyword.groovy)
	at jdk.internal.reflect.GeneratedMethodAccessor15.invoke(Unknown Source)
	at java.base/jdk.internal.reflect.DelegatingMethodAccessorImpl.invoke(DelegatingMethodAccessorImpl.java:43)
	at com.kms.katalon.core.webui.keyword.builtin.ClickKeyword$_click_closure1.doCall(ClickKeyword.groovy:67)
	at com.kms.katalon.core.webui.keyword.builtin.ClickKeyword$_click_closure1.call(ClickKeyword.groovy)
	at com.kms.katalon.core.webui.keyword.internal.WebUIKeywordMain.runKeyword(WebUIKeywordMain.groovy:20)
	... 20 more]]></system-out>
      <system-err><![CDATA[12-02-2024T11:32:08 - [TEST_SUITE][FAILED] - Senior_Speak: Test Cases/Senior_TestCases/TC05_ReRecord_Speak FAILED.
Reason:
com.kms.katalon.core.exception.StepFailedException: Unable to click on object 'Object Repository/Category_View_Page/Category_View_Page_Objects/button_Re-record'
	at com.kms.katalon.core.webui.keyword.internal.WebUIKeywordMain.stepFailed(WebUIKeywordMain.groovy:64)
	at com.kms.katalon.core.webui.keyword.internal.WebUIKeywordMain.runKeyword(WebUIKeywordMain.groovy:26)
	at com.kms.katalon.core.webui.keyword.builtin.ClickKeyword.click(ClickKeyword.groovy:74)
	at com.kms.katalon.core.webui.keyword.builtin.ClickKeyword.execute(ClickKeyword.groovy:40)
	at com.kms.katalon.core.keyword.internal.KeywordExecutor.executeKeywordForPlatform(KeywordExecutor.groovy:74)
	at com.kms.katalon.core.webui.keyword.WebUiBuiltInKeywords.click(WebUiBuiltInKeywords.groovy:659)
	at TC05_ReRecord_Speak.run(TC05_ReRecord_Speak:42)
	at com.kms.katalon.core.main.ScriptEngine.run(ScriptEngine.java:194)
	at com.kms.katalon.core.main.ScriptEngine.runScriptAsRawText(ScriptEngine.java:119)
	at com.kms.katalon.core.main.TestCaseExecutor.runScript(TestCaseExecutor.java:448)
	at com.kms.katalon.core.main.TestCaseExecutor.doExecute(TestCaseExecutor.java:439)
	at com.kms.katalon.core.main.TestCaseExecutor.processExecutionPhase(TestCaseExecutor.java:418)
	at com.kms.katalon.core.main.TestCaseExecutor.accessMainPhase(TestCaseExecutor.java:410)
	at com.kms.katalon.core.main.TestCaseExecutor.execute(TestCaseExecutor.java:285)
	at com.kms.katalon.core.common.CommonExecutor.accessTestCaseMainPhase(CommonExecutor.java:65)
	at com.kms.katalon.core.main.TestSuiteExecutor.accessTestSuiteMainPhase(TestSuiteExecutor.java:148)
	at com.kms.katalon.core.main.TestSuiteExecutor.execute(TestSuiteExecutor.java:106)
	at com.kms.katalon.core.main.TestCaseMain.startTestSuite(TestCaseMain.java:180)
	at TempTestSuite1707717725177.run(TempTestSuite1707717725177.groovy:36)
	at java.base/jdk.internal.reflect.NativeMethodAccessorImpl.invoke0(Native Method)
	at java.base/jdk.internal.reflect.NativeMethodAccessorImpl.invoke(NativeMethodAccessorImpl.java:77)
	at java.base/jdk.internal.reflect.DelegatingMethodAccessorImpl.invoke(DelegatingMethodAccessorImpl.java:43)
Caused by: org.openqa.selenium.WebDriverException: disconnected: unable to send message to renderer
  (failed to check if window was closed: disconnected: not connected to DevTools)
  (Session info: chrome=121.0.6167.161)
Build info: version: '3.141.59', revision: 'e82be7d358', time: '2018-11-14T08:25:53'
System info: host: 'LINSHIOCT23-292', ip: '192.168.1.3', os.name: 'Windows 11', os.arch: 'amd64', os.version: '10.0', java.version: '17.0.7'
Driver info: org.openqa.selenium.chrome.ChromeDriver
Capabilities {acceptInsecureCerts: false, browserName: chrome, browserVersion: 121.0.6167.161, chrome: {chromedriverVersion: 121.0.6167.85 (3f98d690ad7e..., userDataDir: C:\Users\DILIPS~1\AppData\L...}, fedcm:accounts: true, goog:chromeOptions: {debuggerAddress: localhost:59444}, javascriptEnabled: true, networkConnectionEnabled: false, pageLoadStrategy: normal, platform: WINDOWS, platformName: WINDOWS, proxy: Proxy(), setWindowRect: true, strictFileInteractability: false, timeouts: {implicit: 0, pageLoad: 300000, script: 30000}, unhandledPromptBehavior: dismiss and notify, webauthn:extension:credBlob: true, webauthn:extension:largeBlob: true, webauthn:extension:minPinLength: true, webauthn:extension:prf: true, webauthn:virtualAuthenticators: true}
Session ID: dca3b5c77af274d7b5d7599cb0fa3d89
	at java.base/jdk.internal.reflect.NativeConstructorAccessorImpl.newInstance0(Native Method)
	at java.base/jdk.internal.reflect.NativeConstructorAccessorImpl.newInstance(NativeConstructorAccessorImpl.java:77)
	at java.base/jdk.internal.reflect.DelegatingConstructorAccessorImpl.newInstance(DelegatingConstructorAccessorImpl.java:45)
	at org.openqa.selenium.remote.http.W3CHttpResponseCodec.createException(W3CHttpResponseCodec.java:187)
	at org.openqa.selenium.remote.http.W3CHttpResponseCodec.decode(W3CHttpResponseCodec.java:122)
	at org.openqa.selenium.remote.http.W3CHttpResponseCodec.decode(W3CHttpResponseCodec.java:49)
	at org.openqa.selenium.remote.HttpCommandExecutor.execute(HttpCommandExecutor.java:158)
	at org.openqa.selenium.remote.service.DriverCommandExecutor.execute(DriverCommandExecutor.java:83)
	at org.openqa.selenium.remote.RemoteWebDriver.execute(RemoteWebDriver.java:552)
	at org.openqa.selenium.remote.RemoteWebElement.execute(RemoteWebElement.java:285)
	at org.openqa.selenium.remote.RemoteWebElement.click(RemoteWebElement.java:84)
	at jdk.internal.reflect.GeneratedMethodAccessor13.invoke(Unknown Source)
	at java.base/jdk.internal.reflect.DelegatingMethodAccessorImpl.invoke(DelegatingMethodAccessorImpl.java:43)
	at org.openqa.selenium.support.events.EventFiringWebDriver$EventFiringWebElement.lambda$new$0(EventFiringWebDriver.java:404)
	at jdk.proxy2/jdk.proxy2.$Proxy26.click(Unknown Source)
	at org.openqa.selenium.support.events.EventFiringWebDriver$EventFiringWebElement.click(EventFiringWebDriver.java:417)
	at org.openqa.selenium.WebElement$click.call(Unknown Source)
	at com.kms.katalon.core.webui.keyword.builtin.ClickKeyword.clickUntilSuccessWithTimeout(ClickKeyword.groovy:81)
	at com.kms.katalon.core.webui.keyword.builtin.ClickKeyword.clickUntilSuccessWithTimeout(ClickKeyword.groovy)
	at jdk.internal.reflect.GeneratedMethodAccessor15.invoke(Unknown Source)
	at java.base/jdk.internal.reflect.DelegatingMethodAccessorImpl.invoke(DelegatingMethodAccessorImpl.java:43)
	at com.kms.katalon.core.webui.keyword.builtin.ClickKeyword$_click_closure1.doCall(ClickKeyword.groovy:67)
	at com.kms.katalon.core.webui.keyword.builtin.ClickKeyword$_click_closure1.call(ClickKeyword.groovy)
	at com.kms.katalon.core.webui.keyword.internal.WebUIKeywordMain.runKeyword(WebUIKeywordMain.groovy:20)
	... 20 more]]></system-err>
   </testsuite>
</testsuites>
