<?xml version="1.0" encoding="UTF-8"?>
<testsuites name="Companion_Speak" time="296.393" tests="2" failures="0" errors="0">
   <testsuite name="Companion_Speak" tests="2" failures="0" errors="0" time="296.393" skipped="0" timestamp="2024-01-19 13:48:07" hostname="PalakGupta - LININDAUG23-266.bbrouter" id="Test Suites/RegressionTestSuites/Companion/Companion_Speak">
      <properties>
         <property name="deviceName" value=""/>
         <property name="devicePlatform" value=""/>
         <property name="logFolder" value="C:\\Users\\PalakGupta\\OneDrive - pursuit software development pvt. ltd\\Desktop\\Automation_CaringConnection\\Reports\\20240119_134803\\RegressionTestSuites\\Companion\\Companion_Speak\\20240119_134804"/>
         <property name="logFiles" value="C:\\Users\\PalakGupta\\OneDrive - pursuit software development pvt. ltd\\Desktop\\Automation_CaringConnection\\Reports\\20240119_134803\\RegressionTestSuites\\Companion\\Companion_Speak\\20240119_134804\\execution0.log"/>
         <property name="attachments" value=""/>
         <property name="hostName" value="PalakGupta - LININDAUG23-266.bbrouter"/>
         <property name="os" value="Windows 11 64bit"/>
         <property name="katalonVersion" value="9.0.0.212"/>
         <property name="browser" value="Chrome 120.0.0.0"/>
         <property name="hostAddress" value="192.168.1.2"/>
         <property name="sessionId" value="6104a19fea191d4e747fa3c1c340dec2"/>
         <property name="seleniumVersion" value="3.141.59"/>
         <property name="proxyInformation" value="ProxyInformation { proxyOption=NO_PROXY, proxyServerType=HTTP, username=, password=********, proxyServerAddress=, proxyServerPort=0, executionList=&quot;&quot;, isApplyToDesiredCapabilities=true }"/>
         <property name="platform" value="Windows 11"/>
      </properties>
      <testcase name="Test Cases/Companion_TestCases/TC08_CreateProfile_Speak" time="155.243" classname="Test Cases/Companion_TestCases/TC08_CreateProfile_Speak" status="PASSED">
         <system-out><![CDATA[2024-01-19 13:48:07 - [TEST_CASE][PASSED] - Test Cases/Companion_TestCases/TC08_CreateProfile_Speak: Test Cases/Companion_TestCases/TC08_CreateProfile_Speak

2024-01-19 13:48:07 - [TEST_STEP][PASSED] - callTestCase(findTestCase("Common_TestCases/Companion_SignUp"), ["username":UserName, "zipcode":ZipCode, "email":Email, "password":Password], STOP_ON_FAILURE): Call Test Case 'Test Cases/Common_TestCases/Companion_SignUp' successfully

2024-01-19 13:48:08 - [TEST_CASE][PASSED] - Test Cases/Common_TestCases/Companion_SignUp: Test Cases/Common_TestCases/Companion_SignUp

2024-01-19 13:48:08 - [TEST_STEP][PASSED] - System.setProperty("webdriver.chrome.driver", "Data Files/chromedriver-win64/chromedriver.exe"): null

2024-01-19 13:48:08 - [TEST_STEP][PASSED] - options = new org.openqa.selenium.chrome.ChromeOptions(): null

2024-01-19 13:48:08 - [TEST_STEP][PASSED] - options.addArguments("start-maximized"): null

2024-01-19 13:48:08 - [TEST_STEP][PASSED] - options.addArguments("force-device-scale-factor=1.2"): null

2024-01-19 13:48:08 - [TEST_STEP][PASSED] - options.setExperimentalOption("prefs", new Script1700728747784$1(this)): null

2024-01-19 13:48:08 - [TEST_STEP][PASSED] - capabilities = DesiredCapabilities.chrome(): null

2024-01-19 13:48:08 - [TEST_STEP][PASSED] - capabilities.setCapability(CAPABILITY, options): null

2024-01-19 13:48:08 - [TEST_STEP][PASSED] - driver = new org.openqa.selenium.chrome.ChromeDriver(capabilities): null

2024-01-19 13:48:09 - [TEST_STEP][PASSED] - changeWebDriver(driver): null

2024-01-19 13:48:09 - [TEST_STEP][PASSED] - navigateToUrl("https://caring-connections-qa.azurewebsites.net/"): Navigate to 'https://caring-connections-qa.azurewebsites.net/' successfully

2024-01-19 13:48:14 - [MESSAGE][PASSED] - Navigate to 'https://caring-connections-qa.azurewebsites.net/' successfully

2024-01-19 13:48:14 - [TEST_STEP][PASSED] - click(findTestObject("Login_Pages/Sign_In_Page/button_Sign_Up")): Object: 'Object Repository/Login_Pages/Sign_In_Page/button_Sign_Up' is clicked on

2024-01-19 13:48:14 - [MESSAGE][PASSED] - Object: 'Object Repository/Login_Pages/Sign_In_Page/button_Sign_Up' is clicked on

2024-01-19 13:48:14 - [TEST_STEP][PASSED] - setText(findTestObject("Login_Pages/Sign_Up_Page/Input_First_Last_Name"), username): Text 'Sagar' is set on object 'Object Repository/Login_Pages/Sign_Up_Page/Input_First_Last_Name'

2024-01-19 13:48:14 - [MESSAGE][PASSED] - Text 'Sagar' is set on object 'Object Repository/Login_Pages/Sign_Up_Page/Input_First_Last_Name'

2024-01-19 13:48:14 - [TEST_STEP][PASSED] - setText(findTestObject("Login_Pages/Sign_Up_Page/Input_ZIP_code"), zipcode): Text '462046' is set on object 'Object Repository/Login_Pages/Sign_Up_Page/Input_ZIP_code'

2024-01-19 13:48:14 - [MESSAGE][PASSED] - Text '462046' is set on object 'Object Repository/Login_Pages/Sign_Up_Page/Input_ZIP_code'

2024-01-19 13:48:14 - [TEST_STEP][PASSED] - setText(findTestObject("Login_Pages/Sign_Up_Page/Input_Username"), email): Text 'sagars124@gmail.com' is set on object 'Object Repository/Login_Pages/Sign_Up_Page/Input_Username'

2024-01-19 13:48:14 - [MESSAGE][PASSED] - Text 'sagars124@gmail.com' is set on object 'Object Repository/Login_Pages/Sign_Up_Page/Input_Username'

2024-01-19 13:48:14 - [TEST_STEP][PASSED] - setText(findTestObject("Login_Pages/Sign_Up_Page/Input_Password"), password): Text 'Test@123' is set on object 'Object Repository/Login_Pages/Sign_Up_Page/Input_Password'

2024-01-19 13:48:15 - [MESSAGE][PASSED] - Text 'Test@123' is set on object 'Object Repository/Login_Pages/Sign_Up_Page/Input_Password'

2024-01-19 13:48:15 - [TEST_STEP][PASSED] - click(findTestObject("Login_Pages/Sign_Up_Page/button_role_Companion")): Object: 'Object Repository/Login_Pages/Sign_Up_Page/button_role_Companion' is clicked on

2024-01-19 13:48:15 - [MESSAGE][PASSED] - Object: 'Object Repository/Login_Pages/Sign_Up_Page/button_role_Companion' is clicked on

2024-01-19 13:48:15 - [TEST_STEP][PASSED] - click(findTestObject("Login_Pages/Sign_Up_Page/button_Sign_Up")): Object: 'Object Repository/Login_Pages/Sign_Up_Page/button_Sign_Up' is clicked on

2024-01-19 13:48:15 - [MESSAGE][PASSED] - Object: 'Object Repository/Login_Pages/Sign_Up_Page/button_Sign_Up' is clicked on

2024-01-19 13:48:15 - [MESSAGE][PASSED] - Call Test Case 'Test Cases/Common_TestCases/Companion_SignUp' successfully

2024-01-19 13:48:15 - [TEST_STEP][PASSED] - verifyElementPresent(findTestObject("Profile_Creation_Page/Profile_Creation_Page_Objects/Text_Select the button of your choice to create your profile"), 10): Object 'Object Repository/Profile_Creation_Page/Profile_Creation_Page_Objects/Text_Select the button of your choice to create your profile' is present

2024-01-19 13:48:20 - [MESSAGE][PASSED] - Object 'Object Repository/Profile_Creation_Page/Profile_Creation_Page_Objects/Text_Select the button of your choice to create your profile' is present

2024-01-19 13:48:20 - [TEST_STEP][PASSED] - verifyElementPresent(findTestObject("Profile_Creation_Page/Profile_Creation_Page_Objects/Text_We are excited"), 10): Object 'Object Repository/Profile_Creation_Page/Profile_Creation_Page_Objects/Text_We are excited' is present

2024-01-19 13:48:20 - [MESSAGE][PASSED] - Object 'Object Repository/Profile_Creation_Page/Profile_Creation_Page_Objects/Text_We are excited' is present

2024-01-19 13:48:20 - [TEST_STEP][PASSED] - waitForElementClickable(findTestObject("Profile_Creation_Page/Profile_Creation_Page_Objects/btn_Click_Record"), 67): Object 'Object Repository/Profile_Creation_Page/Profile_Creation_Page_Objects/btn_Click_Record' is clickable

2024-01-19 13:49:02 - [MESSAGE][PASSED] - Object 'Object Repository/Profile_Creation_Page/Profile_Creation_Page_Objects/btn_Click_Record' is clickable

2024-01-19 13:49:02 - [TEST_STEP][PASSED] - click(findTestObject("Profile_Creation_Page/Profile_Creation_Page_Objects/btn_Click_Record")): Object: 'Object Repository/Profile_Creation_Page/Profile_Creation_Page_Objects/btn_Click_Record' is clicked on

2024-01-19 13:49:03 - [MESSAGE][PASSED] - Object: 'Object Repository/Profile_Creation_Page/Profile_Creation_Page_Objects/btn_Click_Record' is clicked on

2024-01-19 13:49:03 - [TEST_STEP][PASSED] - try: null

2024-01-19 13:49:03 - [TEST_STEP][PASSED] - audioInputStream = AudioSystem.getAudioInputStream(new java.io.File(Data Files/ProfileAudio.wav)): null

2024-01-19 13:49:03 - [TEST_STEP][PASSED] - clip = AudioSystem.getClip(): null

2024-01-19 13:49:03 - [TEST_STEP][PASSED] - clip.open(audioInputStream): null

2024-01-19 13:49:03 - [TEST_STEP][PASSED] - clip.start(): null

2024-01-19 13:49:03 - [TEST_STEP][PASSED] - while (clip.isRunning()): null

2024-01-19 13:49:03 - [TEST_STEP][PASSED] - Thread.sleep(1000): null

2024-01-19 13:49:04 - [TEST_STEP][PASSED] - Thread.sleep(1000): null

2024-01-19 13:49:05 - [TEST_STEP][PASSED] - Thread.sleep(1000): null

2024-01-19 13:49:06 - [TEST_STEP][PASSED] - Thread.sleep(1000): null

2024-01-19 13:49:07 - [TEST_STEP][PASSED] - Thread.sleep(1000): null

2024-01-19 13:49:08 - [TEST_STEP][PASSED] - Thread.sleep(1000): null

2024-01-19 13:49:09 - [TEST_STEP][PASSED] - Thread.sleep(1000): null

2024-01-19 13:49:10 - [TEST_STEP][PASSED] - Thread.sleep(1000): null

2024-01-19 13:49:11 - [TEST_STEP][PASSED] - Thread.sleep(1000): null

2024-01-19 13:49:12 - [TEST_STEP][PASSED] - Thread.sleep(1000): null

2024-01-19 13:49:13 - [TEST_STEP][PASSED] - Thread.sleep(1000): null

2024-01-19 13:49:14 - [TEST_STEP][PASSED] - Thread.sleep(1000): null

2024-01-19 13:49:15 - [TEST_STEP][PASSED] - Thread.sleep(1000): null

2024-01-19 13:49:16 - [TEST_STEP][PASSED] - Thread.sleep(1000): null

2024-01-19 13:49:17 - [TEST_STEP][PASSED] - Thread.sleep(1000): null

2024-01-19 13:49:18 - [TEST_STEP][PASSED] - Thread.sleep(1000): null

2024-01-19 13:49:19 - [TEST_STEP][PASSED] - Thread.sleep(1000): null

2024-01-19 13:49:20 - [TEST_STEP][PASSED] - clip.stop(): null

2024-01-19 13:49:20 - [TEST_STEP][PASSED] - click(findTestObject("Profile_Creation_Page/Profile_Creation_Page_Objects/btn_Stop")): Object: 'Object Repository/Profile_Creation_Page/Profile_Creation_Page_Objects/btn_Stop' is clicked on

2024-01-19 13:49:20 - [MESSAGE][PASSED] - Object: 'Object Repository/Profile_Creation_Page/Profile_Creation_Page_Objects/btn_Stop' is clicked on

2024-01-19 13:49:20 - [TEST_STEP][PASSED] - scrollToElement(findTestObject("Profile_Creation_Page/Profile_Creation_Page_Objects/btn_Next"), 0): Scroll to object 'Object Repository/Profile_Creation_Page/Profile_Creation_Page_Objects/btn_Next' successfully

2024-01-19 13:49:20 - [MESSAGE][WARNING] - Timeout '0' is invalid. Using default page load timeout: '30'

2024-01-19 13:49:20 - [MESSAGE][PASSED] - Scroll to object 'Object Repository/Profile_Creation_Page/Profile_Creation_Page_Objects/btn_Next' successfully

2024-01-19 13:49:20 - [TEST_STEP][PASSED] - waitForElementClickable(findTestObject("Profile_Creation_Page/Profile_Creation_Page_Objects/btn_Next"), 60): Object 'Object Repository/Profile_Creation_Page/Profile_Creation_Page_Objects/btn_Next' is clickable

2024-01-19 13:49:34 - [MESSAGE][PASSED] - Object 'Object Repository/Profile_Creation_Page/Profile_Creation_Page_Objects/btn_Next' is clickable

2024-01-19 13:49:34 - [TEST_STEP][PASSED] - click(findTestObject("Profile_Creation_Page/Profile_Creation_Page_Objects/btn_Next")): Object: 'Object Repository/Profile_Creation_Page/Profile_Creation_Page_Objects/btn_Next' is clicked on

2024-01-19 13:49:34 - [MESSAGE][PASSED] - Object: 'Object Repository/Profile_Creation_Page/Profile_Creation_Page_Objects/btn_Next' is clicked on

2024-01-19 13:49:34 - [TEST_STEP][PASSED] - Thread.sleep(40000): null

2024-01-19 13:50:14 - [TEST_STEP][PASSED] - Education = getAttribute(findTestObject("Category_View_Page/Category_View_Page_Objects/Input_Edit_Educational_Info"), "value"): Attribute 'value' of object 'Object Repository/Category_View_Page/Category_View_Page_Objects/Input_Edit_Educational_Info' is: 'I'm a software engineer from Shillong.'

2024-01-19 13:50:14 - [MESSAGE][PASSED] - Attribute 'value' of object 'Object Repository/Category_View_Page/Category_View_Page_Objects/Input_Edit_Educational_Info' is: 'I'm a software engineer from Shillong.'

2024-01-19 13:50:14 - [TEST_STEP][PASSED] - validateText.ValidateText.calculateAndPrintPercentageMatch("EDUCATION", Education, EducationNew): validateText.ValidateText.calculateAndPrintPercentageMatch is PASSED

2024-01-19 13:50:15 - [MESSAGE][PASSED] - validateText.ValidateText.calculateAndPrintPercentageMatch is PASSED

2024-01-19 13:50:15 - [TEST_STEP][PASSED] - Hobbies = getAttribute(findTestObject("Category_View_Page/Category_View_Page_Objects/Input_Edit_Appropriate_Hobbies"), "value"): Attribute 'value' of object 'Object Repository/Category_View_Page/Category_View_Page_Objects/Input_Edit_Appropriate_Hobbies' is: 'I like playing cricket. I like watching football. I like taking a walk in the park.'

2024-01-19 13:50:15 - [MESSAGE][PASSED] - Attribute 'value' of object 'Object Repository/Category_View_Page/Category_View_Page_Objects/Input_Edit_Appropriate_Hobbies' is: 'I like playing cricket. I like watching football. I like taking a walk in the park.'

2024-01-19 13:50:15 - [TEST_STEP][PASSED] - validateText.ValidateText.calculateAndPrintPercentageMatch("HOBBIES", Hobbies, HobbiesNew): validateText.ValidateText.calculateAndPrintPercentageMatch is PASSED

2024-01-19 13:50:15 - [MESSAGE][PASSED] - validateText.ValidateText.calculateAndPrintPercentageMatch is PASSED

2024-01-19 13:50:15 - [TEST_STEP][PASSED] - Expectations = getAttribute(findTestObject("Category_View_Page/Category_View_Page_Objects/Input_Edit_expectation"), "value"): Attribute 'value' of object 'Object Repository/Category_View_Page/Category_View_Page_Objects/Input_Edit_expectation' is: 'I have no expectation from companion.'

2024-01-19 13:50:15 - [MESSAGE][PASSED] - Attribute 'value' of object 'Object Repository/Category_View_Page/Category_View_Page_Objects/Input_Edit_expectation' is: 'I have no expectation from companion.'

2024-01-19 13:50:15 - [TEST_STEP][PASSED] - validateText.ValidateText.calculateAndPrintPercentageMatch("EXPECTATIONS", Expectations, ExpectationsNew): validateText.ValidateText.calculateAndPrintPercentageMatch is PASSED

2024-01-19 13:50:15 - [MESSAGE][PASSED] - validateText.ValidateText.calculateAndPrintPercentageMatch is PASSED

2024-01-19 13:50:15 - [TEST_STEP][PASSED] - Others = getAttribute(findTestObject("Category_View_Page/Category_View_Page_Objects/Input_Edit_Appropriate_Health"), "value"): Attribute 'value' of object 'Object Repository/Category_View_Page/Category_View_Page_Objects/Input_Edit_Appropriate_Health' is: 'Hi, I'm Danbal. I have mild fever and I have asthma.'

2024-01-19 13:50:15 - [MESSAGE][PASSED] - Attribute 'value' of object 'Object Repository/Category_View_Page/Category_View_Page_Objects/Input_Edit_Appropriate_Health' is: 'Hi, I'm Danbal. I have mild fever and I have asthma.'

2024-01-19 13:50:15 - [TEST_STEP][PASSED] - validateText.ValidateText.calculateAndPrintPercentageMatch("OTHERS", Others, OtherNew): validateText.ValidateText.calculateAndPrintPercentageMatch is PASSED

2024-01-19 13:50:15 - [MESSAGE][PASSED] - validateText.ValidateText.calculateAndPrintPercentageMatch is PASSED

2024-01-19 13:50:15 - [TEST_STEP][PASSED] - waitForElementClickable(findTestObject("Category_View_Page/Category_View_Page_Objects/button_Next"), 65): Object 'Object Repository/Category_View_Page/Category_View_Page_Objects/button_Next' is clickable

2024-01-19 13:50:15 - [MESSAGE][PASSED] - Object 'Object Repository/Category_View_Page/Category_View_Page_Objects/button_Next' is clickable

2024-01-19 13:50:15 - [TEST_STEP][PASSED] - click(findTestObject("Category_View_Page/Category_View_Page_Objects/button_Next")): Object: 'Object Repository/Category_View_Page/Category_View_Page_Objects/button_Next' is clicked on

2024-01-19 13:50:17 - [MESSAGE][PASSED] - Object: 'Object Repository/Category_View_Page/Category_View_Page_Objects/button_Next' is clicked on

2024-01-19 13:50:17 - [TEST_STEP][PASSED] - waitForElementNotPresent(findTestObject("WaitingPage/Waiting_Page/Clock_categoryToCalender"), 10): Web element with id: 'Object Repository/WaitingPage/Waiting_Page/Clock_categoryToCalender' located by 'By.xpath: //div[@id='root']/div/div/div/div/span' is not present after '10' second(s)

2024-01-19 13:50:19 - [MESSAGE][PASSED] - Web element with id: 'Object Repository/WaitingPage/Waiting_Page/Clock_categoryToCalender' located by 'By.xpath: //div[@id='root']/div/div/div/div/span' is not present after '10' second(s)

2024-01-19 13:50:19 - [TEST_STEP][PASSED] - scrollToElement(findTestObject("Calendar_page/Input_Start_Date"), 0): Scroll to object 'Object Repository/Calendar_page/Input_Start_Date' successfully

2024-01-19 13:50:19 - [MESSAGE][WARNING] - Timeout '0' is invalid. Using default page load timeout: '30'

2024-01-19 13:50:19 - [MESSAGE][PASSED] - Scroll to object 'Object Repository/Calendar_page/Input_Start_Date' successfully

2024-01-19 13:50:19 - [TEST_STEP][PASSED] - click(findTestObject("Calendar_page/Input_Start_Date")): Object: 'Object Repository/Calendar_page/Input_Start_Date' is clicked on

2024-01-19 13:50:20 - [MESSAGE][PASSED] - Object: 'Object Repository/Calendar_page/Input_Start_Date' is clicked on

2024-01-19 13:50:20 - [TEST_STEP][PASSED] - delay(3): Delayed 3 second(s)

2024-01-19 13:50:23 - [MESSAGE][PASSED] - Delayed 3 second(s)

2024-01-19 13:50:23 - [TEST_STEP][PASSED] - click(findTestObject("Calendar_page/startDate/JanuaryStartDates/div_20")): Object: 'Object Repository/Calendar_page/startDate/JanuaryStartDates/div_20' is clicked on

2024-01-19 13:50:23 - [MESSAGE][PASSED] - Object: 'Object Repository/Calendar_page/startDate/JanuaryStartDates/div_20' is clicked on

2024-01-19 13:50:23 - [TEST_STEP][PASSED] - delay(3): Delayed 3 second(s)

2024-01-19 13:50:26 - [MESSAGE][PASSED] - Delayed 3 second(s)

2024-01-19 13:50:26 - [TEST_STEP][PASSED] - click(findTestObject("Calendar_page/Input_Busy_Days")): Object: 'Object Repository/Calendar_page/Input_Busy_Days' is clicked on

2024-01-19 13:50:26 - [MESSAGE][PASSED] - Object: 'Object Repository/Calendar_page/Input_Busy_Days' is clicked on

2024-01-19 13:50:26 - [TEST_STEP][PASSED] - click(findTestObject("Calendar_page/busyDates/JanuaryBusyDate/div_23")): Object: 'Object Repository/Calendar_page/busyDates/JanuaryBusyDate/div_23' is clicked on

2024-01-19 13:50:26 - [MESSAGE][PASSED] - Object: 'Object Repository/Calendar_page/busyDates/JanuaryBusyDate/div_23' is clicked on

2024-01-19 13:50:26 - [TEST_STEP][PASSED] - delay(2): Delayed 2 second(s)

2024-01-19 13:50:28 - [MESSAGE][PASSED] - Delayed 2 second(s)

2024-01-19 13:50:28 - [TEST_STEP][PASSED] - click(findTestObject("Calendar_page/busyDates/JanuaryBusyDate/div_24")): Object: 'Object Repository/Calendar_page/busyDates/JanuaryBusyDate/div_24' is clicked on

2024-01-19 13:50:28 - [MESSAGE][PASSED] - Object: 'Object Repository/Calendar_page/busyDates/JanuaryBusyDate/div_24' is clicked on

2024-01-19 13:50:28 - [TEST_STEP][PASSED] - delay(2): Delayed 2 second(s)

2024-01-19 13:50:30 - [MESSAGE][PASSED] - Delayed 2 second(s)

2024-01-19 13:50:30 - [TEST_STEP][PASSED] - click(findTestObject("Calendar_page/div_day_Column")): Object: 'Object Repository/Calendar_page/div_day_Column' is clicked on

2024-01-19 13:50:30 - [MESSAGE][PASSED] - Object: 'Object Repository/Calendar_page/div_day_Column' is clicked on

2024-01-19 13:50:30 - [TEST_STEP][PASSED] - selectOptionByLabel(findTestObject("Calendar_page/Select_Available_From"), "05:30 PM", false): All options with label '05:30 PM' are selected in object 'Object Repository/Calendar_page/Select_Available_From' 

2024-01-19 13:50:30 - [MESSAGE][PASSED] - All options with label '05:30 PM' are selected in object 'Object Repository/Calendar_page/Select_Available_From' 

2024-01-19 13:50:30 - [TEST_STEP][PASSED] - delay(2): Delayed 2 second(s)

2024-01-19 13:50:32 - [MESSAGE][PASSED] - Delayed 2 second(s)

2024-01-19 13:50:32 - [TEST_STEP][PASSED] - selectOptionByLabel(findTestObject("Calendar_page/Select_Available_To"), "06:00 PM", false): All options with label '06:00 PM' are selected in object 'Object Repository/Calendar_page/Select_Available_To' 

2024-01-19 13:50:32 - [MESSAGE][PASSED] - All options with label '06:00 PM' are selected in object 'Object Repository/Calendar_page/Select_Available_To' 

2024-01-19 13:50:32 - [TEST_STEP][PASSED] - delay(2): Delayed 2 second(s)

2024-01-19 13:50:34 - [MESSAGE][PASSED] - Delayed 2 second(s)

2024-01-19 13:50:34 - [TEST_STEP][PASSED] - click(findTestObject("Calendar_page/button_Save")): Object: 'Object Repository/Calendar_page/button_Save' is clicked on

2024-01-19 13:50:35 - [MESSAGE][PASSED] - Object: 'Object Repository/Calendar_page/button_Save' is clicked on

2024-01-19 13:50:35 - [TEST_STEP][PASSED] - delay(2): Delayed 2 second(s)

2024-01-19 13:50:37 - [MESSAGE][PASSED] - Delayed 2 second(s)

2024-01-19 13:50:37 - [TEST_STEP][PASSED] - click(findTestObject("Calendar_page/Button_Next (1)")): Object: 'Object Repository/Calendar_page/Button_Next (1)' is clicked on

2024-01-19 13:50:37 - [MESSAGE][PASSED] - Object: 'Object Repository/Calendar_page/Button_Next (1)' is clicked on

2024-01-19 13:50:37 - [TEST_STEP][PASSED] - delay(3): Delayed 3 second(s)

2024-01-19 13:50:40 - [MESSAGE][PASSED] - Delayed 3 second(s)

2024-01-19 13:50:40 - [TEST_STEP][PASSED] - click(findTestObject("Calendar_page/button_Ok")): Object: 'Object Repository/Calendar_page/button_Ok' is clicked on

2024-01-19 13:50:40 - [MESSAGE][PASSED] - Object: 'Object Repository/Calendar_page/button_Ok' is clicked on

2024-01-19 13:50:40 - [TEST_STEP][PASSED] - delay(2): Delayed 2 second(s)

2024-01-19 13:50:42 - [MESSAGE][PASSED] - Delayed 2 second(s)

2024-01-19 13:50:42 - [TEST_STEP][PASSED] - closeBrowser(): Browser is closed

2024-01-19 13:50:42 - [MESSAGE][PASSED] - Browser is closed]]></system-out>
         <system-err><![CDATA[]]></system-err>
      </testcase>
      <testcase name="Test Cases/Companion_TestCases/TC09_ReRecord_Speak" time="140.876" classname="Test Cases/Companion_TestCases/TC09_ReRecord_Speak" status="PASSED">
         <system-out><![CDATA[2024-01-19 13:50:42 - [TEST_CASE][PASSED] - Test Cases/Companion_TestCases/TC09_ReRecord_Speak: Test Cases/Companion_TestCases/TC09_ReRecord_Speak

2024-01-19 13:50:42 - [TEST_STEP][PASSED] - callTestCase(findTestCase("Common_TestCases/Sign_In"), ["email":Email, "password":Password], STOP_ON_FAILURE): Call Test Case 'Test Cases/Common_TestCases/Sign_In' successfully

2024-01-19 13:50:42 - [TEST_CASE][PASSED] - Test Cases/Common_TestCases/Sign_In: Test Cases/Common_TestCases/Sign_In

2024-01-19 13:50:42 - [TEST_STEP][PASSED] - System.setProperty("webdriver.chrome.driver", "Data Files/chromedriver-win64/chromedriver.exe"): null

2024-01-19 13:50:42 - [TEST_STEP][PASSED] - options = new org.openqa.selenium.chrome.ChromeOptions(): null

2024-01-19 13:50:42 - [TEST_STEP][PASSED] - options.addArguments("start-maximized"): null

2024-01-19 13:50:42 - [TEST_STEP][PASSED] - options.addArguments("force-device-scale-factor=1.2"): null

2024-01-19 13:50:42 - [TEST_STEP][PASSED] - options.setExperimentalOption("prefs", new Script1700728747802$1(this)): null

2024-01-19 13:50:42 - [TEST_STEP][PASSED] - capabilities = DesiredCapabilities.chrome(): null

2024-01-19 13:50:43 - [TEST_STEP][PASSED] - capabilities.setCapability(CAPABILITY, options): null

2024-01-19 13:50:43 - [TEST_STEP][PASSED] - driver = new org.openqa.selenium.chrome.ChromeDriver(capabilities): null

2024-01-19 13:50:44 - [TEST_STEP][PASSED] - changeWebDriver(driver): null

2024-01-19 13:50:44 - [TEST_STEP][PASSED] - navigateToUrl("https://caring-connections-qa.azurewebsites.net/"): Navigate to 'https://caring-connections-qa.azurewebsites.net/' successfully

2024-01-19 13:50:48 - [MESSAGE][PASSED] - Navigate to 'https://caring-connections-qa.azurewebsites.net/' successfully

2024-01-19 13:50:48 - [TEST_STEP][PASSED] - setText(findTestObject("Login_Pages/Sign_In_Page/input_Username"), email): Text 'sagars124@gmail.com' is set on object 'Object Repository/Login_Pages/Sign_In_Page/input_Username'

2024-01-19 13:50:48 - [MESSAGE][PASSED] - Text 'sagars124@gmail.com' is set on object 'Object Repository/Login_Pages/Sign_In_Page/input_Username'

2024-01-19 13:50:48 - [TEST_STEP][PASSED] - setText(findTestObject("Login_Pages/Sign_In_Page/input_Password"), password): Text 'Test@123' is set on object 'Object Repository/Login_Pages/Sign_In_Page/input_Password'

2024-01-19 13:50:48 - [MESSAGE][PASSED] - Text 'Test@123' is set on object 'Object Repository/Login_Pages/Sign_In_Page/input_Password'

2024-01-19 13:50:48 - [TEST_STEP][PASSED] - click(findTestObject("Object Repository/Login_Pages/Sign_In_Page/button_Sign_In")): Object: 'Object Repository/Login_Pages/Sign_In_Page/button_Sign_In' is clicked on

2024-01-19 13:50:48 - [MESSAGE][PASSED] - Object: 'Object Repository/Login_Pages/Sign_In_Page/button_Sign_In' is clicked on

2024-01-19 13:50:48 - [MESSAGE][PASSED] - Call Test Case 'Test Cases/Common_TestCases/Sign_In' successfully

2024-01-19 13:50:48 - [TEST_STEP][PASSED] - delay(5): Delayed 5 second(s)

2024-01-19 13:50:53 - [MESSAGE][PASSED] - Delayed 5 second(s)

2024-01-19 13:50:53 - [TEST_STEP][PASSED] - scrollToElement(findTestObject("Category_View_Page/Category_View_Page_Objects/button_Re-record"), 0): Scroll to object 'Object Repository/Category_View_Page/Category_View_Page_Objects/button_Re-record' successfully

2024-01-19 13:50:53 - [MESSAGE][WARNING] - Timeout '0' is invalid. Using default page load timeout: '30'

2024-01-19 13:50:53 - [MESSAGE][PASSED] - Scroll to object 'Object Repository/Category_View_Page/Category_View_Page_Objects/button_Re-record' successfully

2024-01-19 13:50:53 - [TEST_STEP][PASSED] - click(findTestObject("Category_View_Page/Category_View_Page_Objects/button_Re-record")): Object: 'Object Repository/Category_View_Page/Category_View_Page_Objects/button_Re-record' is clicked on

2024-01-19 13:50:55 - [MESSAGE][PASSED] - Object: 'Object Repository/Category_View_Page/Category_View_Page_Objects/button_Re-record' is clicked on

2024-01-19 13:50:55 - [TEST_STEP][PASSED] - click(findTestObject("Category_View_Page/Category_View_Page_Objects/btn_Proceed_ReRecord")): Object: 'Object Repository/Category_View_Page/Category_View_Page_Objects/btn_Proceed_ReRecord' is clicked on

2024-01-19 13:50:58 - [MESSAGE][PASSED] - Object: 'Object Repository/Category_View_Page/Category_View_Page_Objects/btn_Proceed_ReRecord' is clicked on

2024-01-19 13:50:58 - [TEST_STEP][PASSED] - waitForElementClickable(findTestObject("Profile_Creation_Page/Profile_Creation_Page_Objects/btn_Click_Record"), 67): Object 'Object Repository/Profile_Creation_Page/Profile_Creation_Page_Objects/btn_Click_Record' is clickable

2024-01-19 13:51:40 - [MESSAGE][PASSED] - Object 'Object Repository/Profile_Creation_Page/Profile_Creation_Page_Objects/btn_Click_Record' is clickable

2024-01-19 13:51:40 - [TEST_STEP][PASSED] - click(findTestObject("Profile_Creation_Page/Profile_Creation_Page_Objects/btn_Click_Record")): Object: 'Object Repository/Profile_Creation_Page/Profile_Creation_Page_Objects/btn_Click_Record' is clicked on

2024-01-19 13:51:40 - [MESSAGE][PASSED] - Object: 'Object Repository/Profile_Creation_Page/Profile_Creation_Page_Objects/btn_Click_Record' is clicked on

2024-01-19 13:51:40 - [TEST_STEP][PASSED] - try: null

2024-01-19 13:51:40 - [TEST_STEP][PASSED] - audioInputStream = AudioSystem.getAudioInputStream(new java.io.File(Data Files/ProfileAudio.wav)): null

2024-01-19 13:51:40 - [TEST_STEP][PASSED] - clip = AudioSystem.getClip(): null

2024-01-19 13:51:40 - [TEST_STEP][PASSED] - clip.open(audioInputStream): null

2024-01-19 13:51:40 - [TEST_STEP][PASSED] - clip.start(): null

2024-01-19 13:51:40 - [TEST_STEP][PASSED] - while (clip.isRunning()): null

2024-01-19 13:51:40 - [TEST_STEP][PASSED] - Thread.sleep(1000): null

2024-01-19 13:51:41 - [TEST_STEP][PASSED] - Thread.sleep(1000): null

2024-01-19 13:51:42 - [TEST_STEP][PASSED] - Thread.sleep(1000): null

2024-01-19 13:51:43 - [TEST_STEP][PASSED] - Thread.sleep(1000): null

2024-01-19 13:51:44 - [TEST_STEP][PASSED] - Thread.sleep(1000): null

2024-01-19 13:51:45 - [TEST_STEP][PASSED] - Thread.sleep(1000): null

2024-01-19 13:51:46 - [TEST_STEP][PASSED] - Thread.sleep(1000): null

2024-01-19 13:51:47 - [TEST_STEP][PASSED] - Thread.sleep(1000): null

2024-01-19 13:51:48 - [TEST_STEP][PASSED] - Thread.sleep(1000): null

2024-01-19 13:51:49 - [TEST_STEP][PASSED] - Thread.sleep(1000): null

2024-01-19 13:51:50 - [TEST_STEP][PASSED] - Thread.sleep(1000): null

2024-01-19 13:51:51 - [TEST_STEP][PASSED] - Thread.sleep(1000): null

2024-01-19 13:51:52 - [TEST_STEP][PASSED] - Thread.sleep(1000): null

2024-01-19 13:51:53 - [TEST_STEP][PASSED] - Thread.sleep(1000): null

2024-01-19 13:51:54 - [TEST_STEP][PASSED] - Thread.sleep(1000): null

2024-01-19 13:51:55 - [TEST_STEP][PASSED] - Thread.sleep(1000): null

2024-01-19 13:51:56 - [TEST_STEP][PASSED] - Thread.sleep(1000): null

2024-01-19 13:51:57 - [TEST_STEP][PASSED] - clip.stop(): null

2024-01-19 13:51:57 - [TEST_STEP][PASSED] - click(findTestObject("Profile_Creation_Page/Profile_Creation_Page_Objects/btn_Stop")): Object: 'Object Repository/Profile_Creation_Page/Profile_Creation_Page_Objects/btn_Stop' is clicked on

2024-01-19 13:51:57 - [MESSAGE][PASSED] - Object: 'Object Repository/Profile_Creation_Page/Profile_Creation_Page_Objects/btn_Stop' is clicked on

2024-01-19 13:51:57 - [TEST_STEP][PASSED] - delay(5): Delayed 5 second(s)

2024-01-19 13:52:02 - [MESSAGE][PASSED] - Delayed 5 second(s)

2024-01-19 13:52:02 - [TEST_STEP][PASSED] - scrollToElement(findTestObject("Profile_Creation_Page/Profile_Creation_Page_Objects/btn_Next"), 0): Scroll to object 'Object Repository/Profile_Creation_Page/Profile_Creation_Page_Objects/btn_Next' successfully

2024-01-19 13:52:02 - [MESSAGE][WARNING] - Timeout '0' is invalid. Using default page load timeout: '30'

2024-01-19 13:52:02 - [MESSAGE][PASSED] - Scroll to object 'Object Repository/Profile_Creation_Page/Profile_Creation_Page_Objects/btn_Next' successfully

2024-01-19 13:52:02 - [TEST_STEP][PASSED] - click(findTestObject("Profile_Creation_Page/Profile_Creation_Page_Objects/btn_Next")): Object: 'Object Repository/Profile_Creation_Page/Profile_Creation_Page_Objects/btn_Next' is clicked on

2024-01-19 13:52:03 - [MESSAGE][PASSED] - Object: 'Object Repository/Profile_Creation_Page/Profile_Creation_Page_Objects/btn_Next' is clicked on

2024-01-19 13:52:03 - [TEST_STEP][PASSED] - Thread.sleep(40000): null

2024-01-19 13:52:43 - [TEST_STEP][PASSED] - Education = getAttribute(findTestObject("Category_View_Page/Category_View_Page_Objects/Input_Edit_Educational_Info"), "value"): Attribute 'value' of object 'Object Repository/Category_View_Page/Category_View_Page_Objects/Input_Edit_Educational_Info' is: 'I'm a software engineer'

2024-01-19 13:52:43 - [MESSAGE][PASSED] - Attribute 'value' of object 'Object Repository/Category_View_Page/Category_View_Page_Objects/Input_Edit_Educational_Info' is: 'I'm a software engineer'

2024-01-19 13:52:43 - [TEST_STEP][PASSED] - validateText.ValidateText.calculateAndPrintPercentageMatch("EDUCATION", Education, EducationNew): validateText.ValidateText.calculateAndPrintPercentageMatch is PASSED

2024-01-19 13:52:43 - [MESSAGE][PASSED] - validateText.ValidateText.calculateAndPrintPercentageMatch is PASSED

2024-01-19 13:52:43 - [TEST_STEP][PASSED] - Hobbies = getAttribute(findTestObject("Category_View_Page/Category_View_Page_Objects/Input_Edit_Appropriate_Hobbies"), "value"): Attribute 'value' of object 'Object Repository/Category_View_Page/Category_View_Page_Objects/Input_Edit_Appropriate_Hobbies' is: 'I like playing cricket. I like watching football. I like taking a walk in the park'

2024-01-19 13:52:43 - [MESSAGE][PASSED] - Attribute 'value' of object 'Object Repository/Category_View_Page/Category_View_Page_Objects/Input_Edit_Appropriate_Hobbies' is: 'I like playing cricket. I like watching football. I like taking a walk in the park'

2024-01-19 13:52:43 - [TEST_STEP][PASSED] - validateText.ValidateText.calculateAndPrintPercentageMatch("HOBBIES", Hobbies, HobbiesNew): validateText.ValidateText.calculateAndPrintPercentageMatch is PASSED

2024-01-19 13:52:43 - [MESSAGE][PASSED] - validateText.ValidateText.calculateAndPrintPercentageMatch is PASSED

2024-01-19 13:52:43 - [TEST_STEP][PASSED] - Expectations = getAttribute(findTestObject("Category_View_Page/Category_View_Page_Objects/Input_Edit_expectation"), "value"): Attribute 'value' of object 'Object Repository/Category_View_Page/Category_View_Page_Objects/Input_Edit_expectation' is: 'I have no expectation from companion'

2024-01-19 13:52:43 - [MESSAGE][PASSED] - Attribute 'value' of object 'Object Repository/Category_View_Page/Category_View_Page_Objects/Input_Edit_expectation' is: 'I have no expectation from companion'

2024-01-19 13:52:43 - [TEST_STEP][PASSED] - validateText.ValidateText.calculateAndPrintPercentageMatch("EXPECTATIONS", Expectations, ExpectationsNew): validateText.ValidateText.calculateAndPrintPercentageMatch is PASSED

2024-01-19 13:52:43 - [MESSAGE][PASSED] - validateText.ValidateText.calculateAndPrintPercentageMatch is PASSED

2024-01-19 13:52:43 - [TEST_STEP][PASSED] - Others = getAttribute(findTestObject("Category_View_Page/Category_View_Page_Objects/Input_Edit_Appropriate_Health"), "value"): Attribute 'value' of object 'Object Repository/Category_View_Page/Category_View_Page_Objects/Input_Edit_Appropriate_Health' is: 'Hi, I'm Danvil. I'm from Shillong I have mild fever and I have asthma'

2024-01-19 13:52:43 - [MESSAGE][PASSED] - Attribute 'value' of object 'Object Repository/Category_View_Page/Category_View_Page_Objects/Input_Edit_Appropriate_Health' is: 'Hi, I'm Danvil. I'm from Shillong I have mild fever and I have asthma'

2024-01-19 13:52:43 - [TEST_STEP][PASSED] - validateText.ValidateText.calculateAndPrintPercentageMatch("OTHERS", Others, OtherNew): validateText.ValidateText.calculateAndPrintPercentageMatch is PASSED

2024-01-19 13:52:43 - [MESSAGE][PASSED] - validateText.ValidateText.calculateAndPrintPercentageMatch is PASSED

2024-01-19 13:52:43 - [TEST_STEP][PASSED] - waitForElementClickable(findTestObject("Category_View_Page/Category_View_Page_Objects/button_Next"), 65): Object 'Object Repository/Category_View_Page/Category_View_Page_Objects/button_Next' is clickable

2024-01-19 13:52:43 - [MESSAGE][PASSED] - Object 'Object Repository/Category_View_Page/Category_View_Page_Objects/button_Next' is clickable

2024-01-19 13:52:43 - [TEST_STEP][PASSED] - click(findTestObject("Category_View_Page/Category_View_Page_Objects/button_Next")): Object: 'Object Repository/Category_View_Page/Category_View_Page_Objects/button_Next' is clicked on

2024-01-19 13:52:45 - [MESSAGE][PASSED] - Object: 'Object Repository/Category_View_Page/Category_View_Page_Objects/button_Next' is clicked on

2024-01-19 13:52:45 - [TEST_STEP][PASSED] - waitForElementNotPresent(findTestObject("WaitingPage/Waiting_Page/Clock_categoryToCalender"), 10): Web element with id: 'Object Repository/WaitingPage/Waiting_Page/Clock_categoryToCalender' located by 'By.xpath: //div[@id='root']/div/div/div/div/span' is not present after '10' second(s)

2024-01-19 13:52:46 - [MESSAGE][PASSED] - Web element with id: 'Object Repository/WaitingPage/Waiting_Page/Clock_categoryToCalender' located by 'By.xpath: //div[@id='root']/div/div/div/div/span' is not present after '10' second(s)

2024-01-19 13:52:46 - [TEST_STEP][PASSED] - scrollToElement(findTestObject("Calendar_page/Input_Start_Date"), 0): Scroll to object 'Object Repository/Calendar_page/Input_Start_Date' successfully

2024-01-19 13:52:46 - [MESSAGE][WARNING] - Timeout '0' is invalid. Using default page load timeout: '30'

2024-01-19 13:52:46 - [MESSAGE][PASSED] - Scroll to object 'Object Repository/Calendar_page/Input_Start_Date' successfully

2024-01-19 13:52:46 - [TEST_STEP][PASSED] - click(findTestObject("Calendar_page/Input_Busy_Days")): Object: 'Object Repository/Calendar_page/Input_Busy_Days' is clicked on

2024-01-19 13:52:47 - [MESSAGE][PASSED] - Object: 'Object Repository/Calendar_page/Input_Busy_Days' is clicked on

2024-01-19 13:52:47 - [TEST_STEP][PASSED] - click(findTestObject("Calendar_page/busyDates/JanuaryBusyDate/div_27")): Object: 'Object Repository/Calendar_page/busyDates/JanuaryBusyDate/div_27' is clicked on

2024-01-19 13:52:47 - [MESSAGE][PASSED] - Object: 'Object Repository/Calendar_page/busyDates/JanuaryBusyDate/div_27' is clicked on

2024-01-19 13:52:47 - [TEST_STEP][PASSED] - delay(2): Delayed 2 second(s)

2024-01-19 13:52:49 - [MESSAGE][PASSED] - Delayed 2 second(s)

2024-01-19 13:52:49 - [TEST_STEP][PASSED] - click(findTestObject("Calendar_page/busyDates/JanuaryBusyDate/div_27")): Object: 'Object Repository/Calendar_page/busyDates/JanuaryBusyDate/div_27' is clicked on

2024-01-19 13:52:49 - [MESSAGE][PASSED] - Object: 'Object Repository/Calendar_page/busyDates/JanuaryBusyDate/div_27' is clicked on

2024-01-19 13:52:49 - [TEST_STEP][PASSED] - delay(2): Delayed 2 second(s)

2024-01-19 13:52:51 - [MESSAGE][PASSED] - Delayed 2 second(s)

2024-01-19 13:52:51 - [TEST_STEP][PASSED] - click(findTestObject("Calendar_page/div_day_Column")): Object: 'Object Repository/Calendar_page/div_day_Column' is clicked on

2024-01-19 13:52:51 - [MESSAGE][PASSED] - Object: 'Object Repository/Calendar_page/div_day_Column' is clicked on

2024-01-19 13:52:51 - [TEST_STEP][PASSED] - selectOptionByLabel(findTestObject("Calendar_page/Select_Available_From"), "05:30 PM", false): All options with label '05:30 PM' are selected in object 'Object Repository/Calendar_page/Select_Available_From' 

2024-01-19 13:52:51 - [MESSAGE][PASSED] - All options with label '05:30 PM' are selected in object 'Object Repository/Calendar_page/Select_Available_From' 

2024-01-19 13:52:51 - [TEST_STEP][PASSED] - delay(2): Delayed 2 second(s)

2024-01-19 13:52:53 - [MESSAGE][PASSED] - Delayed 2 second(s)

2024-01-19 13:52:53 - [TEST_STEP][PASSED] - selectOptionByLabel(findTestObject("Calendar_page/Select_Available_To"), "06:00 PM", false): All options with label '06:00 PM' are selected in object 'Object Repository/Calendar_page/Select_Available_To' 

2024-01-19 13:52:53 - [MESSAGE][PASSED] - All options with label '06:00 PM' are selected in object 'Object Repository/Calendar_page/Select_Available_To' 

2024-01-19 13:52:53 - [TEST_STEP][PASSED] - delay(2): Delayed 2 second(s)

2024-01-19 13:52:55 - [MESSAGE][PASSED] - Delayed 2 second(s)

2024-01-19 13:52:55 - [TEST_STEP][PASSED] - click(findTestObject("Calendar_page/button_Save")): Object: 'Object Repository/Calendar_page/button_Save' is clicked on

2024-01-19 13:52:55 - [MESSAGE][PASSED] - Object: 'Object Repository/Calendar_page/button_Save' is clicked on

2024-01-19 13:52:55 - [TEST_STEP][PASSED] - delay(2): Delayed 2 second(s)

2024-01-19 13:52:57 - [MESSAGE][PASSED] - Delayed 2 second(s)

2024-01-19 13:52:57 - [TEST_STEP][PASSED] - click(findTestObject("Calendar_page/Button_Next (1)")): Object: 'Object Repository/Calendar_page/Button_Next (1)' is clicked on

2024-01-19 13:52:57 - [MESSAGE][PASSED] - Object: 'Object Repository/Calendar_page/Button_Next (1)' is clicked on

2024-01-19 13:52:57 - [TEST_STEP][PASSED] - delay(3): Delayed 3 second(s)

2024-01-19 13:53:01 - [MESSAGE][PASSED] - Delayed 3 second(s)

2024-01-19 13:53:01 - [TEST_STEP][PASSED] - click(findTestObject("Calendar_page/button_Ok")): Object: 'Object Repository/Calendar_page/button_Ok' is clicked on

2024-01-19 13:53:01 - [MESSAGE][PASSED] - Object: 'Object Repository/Calendar_page/button_Ok' is clicked on

2024-01-19 13:53:01 - [TEST_STEP][PASSED] - delay(2): Delayed 2 second(s)

2024-01-19 13:53:03 - [MESSAGE][PASSED] - Delayed 2 second(s)

2024-01-19 13:53:03 - [TEST_STEP][PASSED] - closeBrowser(): Browser is closed

2024-01-19 13:53:03 - [MESSAGE][PASSED] - Browser is closed]]></system-out>
         <system-err><![CDATA[]]></system-err>
      </testcase>
      <system-out><![CDATA[2024-01-19 13:48:07 - [TEST_SUITE][PASSED] - Companion_Speak: Test Cases/Companion_TestCases/TC09_ReRecord_Speak]]></system-out>
      <system-err><![CDATA[]]></system-err>
   </testsuite>
</testsuites>
