<?xml version="1.0" encoding="UTF-8"?>
<testsuites name="Companion_Speak" time="272.328" tests="2" failures="0" errors="0">
   <testsuite name="Companion_Speak" tests="2" failures="0" errors="0" time="272.328" skipped="0" timestamp="2024-01-19 14:09:36" hostname="PalakGupta - LININDAUG23-266.bbrouter" id="Test Suites/RegressionTestSuites/Companion/Companion_Speak">
      <properties>
         <property name="deviceName" value=""/>
         <property name="devicePlatform" value=""/>
         <property name="logFolder" value="C:\\Users\\PalakGupta\\OneDrive - pursuit software development pvt. ltd\\Desktop\\Automation_CaringConnection\\Reports\\20240119_140934\\RegressionTestSuites\\Companion\\Companion_Speak\\20240119_140934"/>
         <property name="logFiles" value="C:\\Users\\PalakGupta\\OneDrive - pursuit software development pvt. ltd\\Desktop\\Automation_CaringConnection\\Reports\\20240119_140934\\RegressionTestSuites\\Companion\\Companion_Speak\\20240119_140934\\execution0.log"/>
         <property name="attachments" value=""/>
         <property name="hostName" value="PalakGupta - LININDAUG23-266.bbrouter"/>
         <property name="os" value="Windows 11 64bit"/>
         <property name="katalonVersion" value="9.0.0.212"/>
         <property name="browser" value="Chrome 120.0.0.0"/>
         <property name="hostAddress" value="192.168.1.2"/>
         <property name="sessionId" value="0e258eecf75a8754988649af60a30365"/>
         <property name="seleniumVersion" value="3.141.59"/>
         <property name="proxyInformation" value="ProxyInformation { proxyOption=NO_PROXY, proxyServerType=HTTP, username=, password=********, proxyServerAddress=, proxyServerPort=0, executionList=&quot;&quot;, isApplyToDesiredCapabilities=true }"/>
         <property name="platform" value="Windows 11"/>
      </properties>
      <testcase name="Test Cases/Companion_TestCases/TC08_CreateProfile_Speak" time="136.416" classname="Test Cases/Companion_TestCases/TC08_CreateProfile_Speak" status="PASSED">
         <system-out><![CDATA[2024-01-19 14:09:37 - [TEST_CASE][PASSED] - Test Cases/Companion_TestCases/TC08_CreateProfile_Speak: Test Cases/Companion_TestCases/TC08_CreateProfile_Speak

2024-01-19 14:09:37 - [TEST_STEP][PASSED] - callTestCase(findTestCase("Common_TestCases/Companion_SignUp"), ["username":UserName, "zipcode":ZipCode, "email":Email, "password":Password], STOP_ON_FAILURE): Call Test Case 'Test Cases/Common_TestCases/Companion_SignUp' successfully

2024-01-19 14:09:37 - [TEST_CASE][PASSED] - Test Cases/Common_TestCases/Companion_SignUp: Test Cases/Common_TestCases/Companion_SignUp

2024-01-19 14:09:37 - [TEST_STEP][PASSED] - System.setProperty("webdriver.chrome.driver", "Data Files/chromedriver-win64/chromedriver.exe"): null

2024-01-19 14:09:37 - [TEST_STEP][PASSED] - options = new org.openqa.selenium.chrome.ChromeOptions(): null

2024-01-19 14:09:37 - [TEST_STEP][PASSED] - options.addArguments("start-maximized"): null

2024-01-19 14:09:37 - [TEST_STEP][PASSED] - options.addArguments("force-device-scale-factor=1.2"): null

2024-01-19 14:09:37 - [TEST_STEP][PASSED] - options.setExperimentalOption("prefs", new Script1700728747784$1(this)): null

2024-01-19 14:09:37 - [TEST_STEP][PASSED] - capabilities = DesiredCapabilities.chrome(): null

2024-01-19 14:09:37 - [TEST_STEP][PASSED] - capabilities.setCapability(CAPABILITY, options): null

2024-01-19 14:09:37 - [TEST_STEP][PASSED] - driver = new org.openqa.selenium.chrome.ChromeDriver(capabilities): null

2024-01-19 14:09:39 - [TEST_STEP][PASSED] - changeWebDriver(driver): null

2024-01-19 14:09:39 - [TEST_STEP][PASSED] - navigateToUrl("https://caring-connections-qa.azurewebsites.net/"): Navigate to 'https://caring-connections-qa.azurewebsites.net/' successfully

2024-01-19 14:09:44 - [MESSAGE][PASSED] - Navigate to 'https://caring-connections-qa.azurewebsites.net/' successfully

2024-01-19 14:09:44 - [TEST_STEP][PASSED] - click(findTestObject("Login_Pages/Sign_In_Page/button_Sign_Up")): Object: 'Object Repository/Login_Pages/Sign_In_Page/button_Sign_Up' is clicked on

2024-01-19 14:09:44 - [MESSAGE][PASSED] - Object: 'Object Repository/Login_Pages/Sign_In_Page/button_Sign_Up' is clicked on

2024-01-19 14:09:44 - [TEST_STEP][PASSED] - setText(findTestObject("Login_Pages/Sign_Up_Page/Input_First_Last_Name"), username): Text 'Sagar' is set on object 'Object Repository/Login_Pages/Sign_Up_Page/Input_First_Last_Name'

2024-01-19 14:09:45 - [MESSAGE][PASSED] - Text 'Sagar' is set on object 'Object Repository/Login_Pages/Sign_Up_Page/Input_First_Last_Name'

2024-01-19 14:09:45 - [TEST_STEP][PASSED] - setText(findTestObject("Login_Pages/Sign_Up_Page/Input_ZIP_code"), zipcode): Text '462046' is set on object 'Object Repository/Login_Pages/Sign_Up_Page/Input_ZIP_code'

2024-01-19 14:09:45 - [MESSAGE][PASSED] - Text '462046' is set on object 'Object Repository/Login_Pages/Sign_Up_Page/Input_ZIP_code'

2024-01-19 14:09:45 - [TEST_STEP][PASSED] - setText(findTestObject("Login_Pages/Sign_Up_Page/Input_Username"), email): Text 'sagars126@gmail.com' is set on object 'Object Repository/Login_Pages/Sign_Up_Page/Input_Username'

2024-01-19 14:09:45 - [MESSAGE][PASSED] - Text 'sagars126@gmail.com' is set on object 'Object Repository/Login_Pages/Sign_Up_Page/Input_Username'

2024-01-19 14:09:45 - [TEST_STEP][PASSED] - setText(findTestObject("Login_Pages/Sign_Up_Page/Input_Password"), password): Text 'Test@123' is set on object 'Object Repository/Login_Pages/Sign_Up_Page/Input_Password'

2024-01-19 14:09:45 - [MESSAGE][PASSED] - Text 'Test@123' is set on object 'Object Repository/Login_Pages/Sign_Up_Page/Input_Password'

2024-01-19 14:09:45 - [TEST_STEP][PASSED] - click(findTestObject("Login_Pages/Sign_Up_Page/button_role_Companion")): Object: 'Object Repository/Login_Pages/Sign_Up_Page/button_role_Companion' is clicked on

2024-01-19 14:09:45 - [MESSAGE][PASSED] - Object: 'Object Repository/Login_Pages/Sign_Up_Page/button_role_Companion' is clicked on

2024-01-19 14:09:45 - [TEST_STEP][PASSED] - click(findTestObject("Login_Pages/Sign_Up_Page/button_Sign_Up")): Object: 'Object Repository/Login_Pages/Sign_Up_Page/button_Sign_Up' is clicked on

2024-01-19 14:09:45 - [MESSAGE][PASSED] - Object: 'Object Repository/Login_Pages/Sign_Up_Page/button_Sign_Up' is clicked on

2024-01-19 14:09:45 - [MESSAGE][PASSED] - Call Test Case 'Test Cases/Common_TestCases/Companion_SignUp' successfully

2024-01-19 14:09:45 - [TEST_STEP][PASSED] - verifyElementPresent(findTestObject("Profile_Creation_Page/Profile_Creation_Page_Objects/Text_Select the button of your choice to create your profile"), 10): Object 'Object Repository/Profile_Creation_Page/Profile_Creation_Page_Objects/Text_Select the button of your choice to create your profile' is present

2024-01-19 14:09:50 - [MESSAGE][PASSED] - Object 'Object Repository/Profile_Creation_Page/Profile_Creation_Page_Objects/Text_Select the button of your choice to create your profile' is present

2024-01-19 14:09:50 - [TEST_STEP][PASSED] - verifyElementPresent(findTestObject("Profile_Creation_Page/Profile_Creation_Page_Objects/Text_We are excited"), 10): Object 'Object Repository/Profile_Creation_Page/Profile_Creation_Page_Objects/Text_We are excited' is present

2024-01-19 14:09:50 - [MESSAGE][PASSED] - Object 'Object Repository/Profile_Creation_Page/Profile_Creation_Page_Objects/Text_We are excited' is present

2024-01-19 14:09:50 - [TEST_STEP][PASSED] - waitForElementClickable(findTestObject("Profile_Creation_Page/Profile_Creation_Page_Objects/btn_Click_Record"), 67): Object 'Object Repository/Profile_Creation_Page/Profile_Creation_Page_Objects/btn_Click_Record' is clickable

2024-01-19 14:10:33 - [MESSAGE][PASSED] - Object 'Object Repository/Profile_Creation_Page/Profile_Creation_Page_Objects/btn_Click_Record' is clickable

2024-01-19 14:10:33 - [TEST_STEP][PASSED] - click(findTestObject("Profile_Creation_Page/Profile_Creation_Page_Objects/btn_Click_Record")): Object: 'Object Repository/Profile_Creation_Page/Profile_Creation_Page_Objects/btn_Click_Record' is clicked on

2024-01-19 14:10:33 - [MESSAGE][PASSED] - Object: 'Object Repository/Profile_Creation_Page/Profile_Creation_Page_Objects/btn_Click_Record' is clicked on

2024-01-19 14:10:33 - [TEST_STEP][PASSED] - try: null

2024-01-19 14:10:33 - [TEST_STEP][PASSED] - audioInputStream = AudioSystem.getAudioInputStream(new java.io.File(Data Files/ProfileAudio.wav)): null

2024-01-19 14:10:33 - [TEST_STEP][PASSED] - clip = AudioSystem.getClip(): null

2024-01-19 14:10:33 - [TEST_STEP][PASSED] - clip.open(audioInputStream): null

2024-01-19 14:10:33 - [TEST_STEP][PASSED] - clip.start(): null

2024-01-19 14:10:33 - [TEST_STEP][PASSED] - while (clip.isRunning()): null

2024-01-19 14:10:33 - [TEST_STEP][PASSED] - Thread.sleep(1000): null

2024-01-19 14:10:34 - [TEST_STEP][PASSED] - Thread.sleep(1000): null

2024-01-19 14:10:35 - [TEST_STEP][PASSED] - Thread.sleep(1000): null

2024-01-19 14:10:36 - [TEST_STEP][PASSED] - Thread.sleep(1000): null

2024-01-19 14:10:37 - [TEST_STEP][PASSED] - Thread.sleep(1000): null

2024-01-19 14:10:38 - [TEST_STEP][PASSED] - Thread.sleep(1000): null

2024-01-19 14:10:39 - [TEST_STEP][PASSED] - Thread.sleep(1000): null

2024-01-19 14:10:40 - [TEST_STEP][PASSED] - Thread.sleep(1000): null

2024-01-19 14:10:41 - [TEST_STEP][PASSED] - Thread.sleep(1000): null

2024-01-19 14:10:42 - [TEST_STEP][PASSED] - Thread.sleep(1000): null

2024-01-19 14:10:43 - [TEST_STEP][PASSED] - Thread.sleep(1000): null

2024-01-19 14:10:44 - [TEST_STEP][PASSED] - Thread.sleep(1000): null

2024-01-19 14:10:46 - [TEST_STEP][PASSED] - Thread.sleep(1000): null

2024-01-19 14:10:47 - [TEST_STEP][PASSED] - Thread.sleep(1000): null

2024-01-19 14:10:48 - [TEST_STEP][PASSED] - Thread.sleep(1000): null

2024-01-19 14:10:49 - [TEST_STEP][PASSED] - Thread.sleep(1000): null

2024-01-19 14:10:50 - [TEST_STEP][PASSED] - Thread.sleep(1000): null

2024-01-19 14:10:51 - [TEST_STEP][PASSED] - clip.stop(): null

2024-01-19 14:10:51 - [TEST_STEP][PASSED] - click(findTestObject("Profile_Creation_Page/Profile_Creation_Page_Objects/btn_Stop")): Object: 'Object Repository/Profile_Creation_Page/Profile_Creation_Page_Objects/btn_Stop' is clicked on

2024-01-19 14:10:51 - [MESSAGE][PASSED] - Object: 'Object Repository/Profile_Creation_Page/Profile_Creation_Page_Objects/btn_Stop' is clicked on

2024-01-19 14:10:51 - [TEST_STEP][PASSED] - scrollToElement(findTestObject("Profile_Creation_Page/Profile_Creation_Page_Objects/btn_Next"), 0): Scroll to object 'Object Repository/Profile_Creation_Page/Profile_Creation_Page_Objects/btn_Next' successfully

2024-01-19 14:10:51 - [MESSAGE][WARNING] - Timeout '0' is invalid. Using default page load timeout: '30'

2024-01-19 14:10:51 - [MESSAGE][PASSED] - Scroll to object 'Object Repository/Profile_Creation_Page/Profile_Creation_Page_Objects/btn_Next' successfully

2024-01-19 14:10:51 - [TEST_STEP][PASSED] - waitForElementClickable(findTestObject("Profile_Creation_Page/Profile_Creation_Page_Objects/btn_Next"), 60): Object 'Object Repository/Profile_Creation_Page/Profile_Creation_Page_Objects/btn_Next' is clickable

2024-01-19 14:11:06 - [MESSAGE][PASSED] - Object 'Object Repository/Profile_Creation_Page/Profile_Creation_Page_Objects/btn_Next' is clickable

2024-01-19 14:11:06 - [TEST_STEP][PASSED] - click(findTestObject("Profile_Creation_Page/Profile_Creation_Page_Objects/btn_Next")): Object: 'Object Repository/Profile_Creation_Page/Profile_Creation_Page_Objects/btn_Next' is clicked on

2024-01-19 14:11:06 - [MESSAGE][PASSED] - Object: 'Object Repository/Profile_Creation_Page/Profile_Creation_Page_Objects/btn_Next' is clicked on

2024-01-19 14:11:06 - [TEST_STEP][PASSED] - delay(20): Delayed 20 second(s)

2024-01-19 14:11:26 - [MESSAGE][PASSED] - Delayed 20 second(s)

2024-01-19 14:11:26 - [TEST_STEP][PASSED] - waitForElementNotPresent(findTestObject("WaitingPage/Waiting_Page/txt_1-2 minutes"), 180): Web element with id: 'Object Repository/WaitingPage/Waiting_Page/txt_1-2 minutes' located by 'By.xpath: //div[@id='root']/div/div/div/div/div/p[2]' is not present after '180' second(s)

2024-01-19 14:11:26 - [MESSAGE][PASSED] - Web element with id: 'Object Repository/WaitingPage/Waiting_Page/txt_1-2 minutes' located by 'By.xpath: //div[@id='root']/div/div/div/div/div/p[2]' is not present after '180' second(s)

2024-01-19 14:11:26 - [TEST_STEP][PASSED] - Education = getAttribute(findTestObject("Category_View_Page/Category_View_Page_Objects/Input_Edit_Educational_Info"), "value"): Attribute 'value' of object 'Object Repository/Category_View_Page/Category_View_Page_Objects/Input_Edit_Educational_Info' is: 'I'm a software engineer'

2024-01-19 14:11:26 - [MESSAGE][PASSED] - Attribute 'value' of object 'Object Repository/Category_View_Page/Category_View_Page_Objects/Input_Edit_Educational_Info' is: 'I'm a software engineer'

2024-01-19 14:11:26 - [TEST_STEP][PASSED] - validateText.ValidateText.calculateAndPrintPercentageMatch("EDUCATION", Education, EducationNew): validateText.ValidateText.calculateAndPrintPercentageMatch is PASSED

2024-01-19 14:11:26 - [MESSAGE][PASSED] - validateText.ValidateText.calculateAndPrintPercentageMatch is PASSED

2024-01-19 14:11:26 - [TEST_STEP][PASSED] - Hobbies = getAttribute(findTestObject("Category_View_Page/Category_View_Page_Objects/Input_Edit_Appropriate_Hobbies"), "value"): Attribute 'value' of object 'Object Repository/Category_View_Page/Category_View_Page_Objects/Input_Edit_Appropriate_Hobbies' is: 'I like playing cricket. I like watching football. I like taking a walk in the park'

2024-01-19 14:11:26 - [MESSAGE][PASSED] - Attribute 'value' of object 'Object Repository/Category_View_Page/Category_View_Page_Objects/Input_Edit_Appropriate_Hobbies' is: 'I like playing cricket. I like watching football. I like taking a walk in the park'

2024-01-19 14:11:26 - [TEST_STEP][PASSED] - validateText.ValidateText.calculateAndPrintPercentageMatch("HOBBIES", Hobbies, HobbiesNew): validateText.ValidateText.calculateAndPrintPercentageMatch is PASSED

2024-01-19 14:11:26 - [MESSAGE][PASSED] - validateText.ValidateText.calculateAndPrintPercentageMatch is PASSED

2024-01-19 14:11:26 - [TEST_STEP][PASSED] - Expectations = getAttribute(findTestObject("Category_View_Page/Category_View_Page_Objects/Input_Edit_expectation"), "value"): Attribute 'value' of object 'Object Repository/Category_View_Page/Category_View_Page_Objects/Input_Edit_expectation' is: 'I have no expectation from companion'

2024-01-19 14:11:26 - [MESSAGE][PASSED] - Attribute 'value' of object 'Object Repository/Category_View_Page/Category_View_Page_Objects/Input_Edit_expectation' is: 'I have no expectation from companion'

2024-01-19 14:11:26 - [TEST_STEP][PASSED] - validateText.ValidateText.calculateAndPrintPercentageMatch("EXPECTATIONS", Expectations, ExpectationsNew): validateText.ValidateText.calculateAndPrintPercentageMatch is PASSED

2024-01-19 14:11:26 - [MESSAGE][PASSED] - validateText.ValidateText.calculateAndPrintPercentageMatch is PASSED

2024-01-19 14:11:26 - [TEST_STEP][PASSED] - Others = getAttribute(findTestObject("Category_View_Page/Category_View_Page_Objects/Input_Edit_Appropriate_Health"), "value"): Attribute 'value' of object 'Object Repository/Category_View_Page/Category_View_Page_Objects/Input_Edit_Appropriate_Health' is: 'Hi, I'm Danville. I'm from Shillong I have mild fever and I have asthma'

2024-01-19 14:11:26 - [MESSAGE][PASSED] - Attribute 'value' of object 'Object Repository/Category_View_Page/Category_View_Page_Objects/Input_Edit_Appropriate_Health' is: 'Hi, I'm Danville. I'm from Shillong I have mild fever and I have asthma'

2024-01-19 14:11:26 - [TEST_STEP][PASSED] - validateText.ValidateText.calculateAndPrintPercentageMatch("OTHERS", Others, OtherNew): validateText.ValidateText.calculateAndPrintPercentageMatch is PASSED

2024-01-19 14:11:26 - [MESSAGE][PASSED] - validateText.ValidateText.calculateAndPrintPercentageMatch is PASSED

2024-01-19 14:11:26 - [TEST_STEP][PASSED] - waitForElementClickable(findTestObject("Category_View_Page/Category_View_Page_Objects/button_Next"), 65): Object 'Object Repository/Category_View_Page/Category_View_Page_Objects/button_Next' is clickable

2024-01-19 14:11:26 - [MESSAGE][PASSED] - Object 'Object Repository/Category_View_Page/Category_View_Page_Objects/button_Next' is clickable

2024-01-19 14:11:26 - [TEST_STEP][PASSED] - click(findTestObject("Category_View_Page/Category_View_Page_Objects/button_Next")): Object: 'Object Repository/Category_View_Page/Category_View_Page_Objects/button_Next' is clicked on

2024-01-19 14:11:29 - [MESSAGE][PASSED] - Object: 'Object Repository/Category_View_Page/Category_View_Page_Objects/button_Next' is clicked on

2024-01-19 14:11:29 - [TEST_STEP][PASSED] - waitForElementNotPresent(findTestObject("WaitingPage/Waiting_Page/Clock_categoryToCalender"), 10): Web element with id: 'Object Repository/WaitingPage/Waiting_Page/Clock_categoryToCalender' located by 'By.xpath: //div[@id='root']/div/div/div/div/span' is not present after '10' second(s)

2024-01-19 14:11:30 - [MESSAGE][PASSED] - Web element with id: 'Object Repository/WaitingPage/Waiting_Page/Clock_categoryToCalender' located by 'By.xpath: //div[@id='root']/div/div/div/div/span' is not present after '10' second(s)

2024-01-19 14:11:30 - [TEST_STEP][PASSED] - scrollToElement(findTestObject("Calendar_page/Input_Start_Date"), 0): Scroll to object 'Object Repository/Calendar_page/Input_Start_Date' successfully

2024-01-19 14:11:30 - [MESSAGE][WARNING] - Timeout '0' is invalid. Using default page load timeout: '30'

2024-01-19 14:11:30 - [MESSAGE][PASSED] - Scroll to object 'Object Repository/Calendar_page/Input_Start_Date' successfully

2024-01-19 14:11:30 - [TEST_STEP][PASSED] - click(findTestObject("Calendar_page/Input_Start_Date")): Object: 'Object Repository/Calendar_page/Input_Start_Date' is clicked on

2024-01-19 14:11:30 - [MESSAGE][PASSED] - Object: 'Object Repository/Calendar_page/Input_Start_Date' is clicked on

2024-01-19 14:11:30 - [TEST_STEP][PASSED] - delay(3): Delayed 3 second(s)

2024-01-19 14:11:33 - [MESSAGE][PASSED] - Delayed 3 second(s)

2024-01-19 14:11:33 - [TEST_STEP][PASSED] - click(findTestObject("Calendar_page/startDate/JanuaryStartDates/div_20")): Object: 'Object Repository/Calendar_page/startDate/JanuaryStartDates/div_20' is clicked on

2024-01-19 14:11:33 - [MESSAGE][PASSED] - Object: 'Object Repository/Calendar_page/startDate/JanuaryStartDates/div_20' is clicked on

2024-01-19 14:11:33 - [TEST_STEP][PASSED] - delay(3): Delayed 3 second(s)

2024-01-19 14:11:36 - [MESSAGE][PASSED] - Delayed 3 second(s)

2024-01-19 14:11:36 - [TEST_STEP][PASSED] - click(findTestObject("Calendar_page/Input_Busy_Days")): Object: 'Object Repository/Calendar_page/Input_Busy_Days' is clicked on

2024-01-19 14:11:37 - [MESSAGE][PASSED] - Object: 'Object Repository/Calendar_page/Input_Busy_Days' is clicked on

2024-01-19 14:11:37 - [TEST_STEP][PASSED] - click(findTestObject("Calendar_page/busyDates/JanuaryBusyDate/div_23")): Object: 'Object Repository/Calendar_page/busyDates/JanuaryBusyDate/div_23' is clicked on

2024-01-19 14:11:37 - [MESSAGE][PASSED] - Object: 'Object Repository/Calendar_page/busyDates/JanuaryBusyDate/div_23' is clicked on

2024-01-19 14:11:37 - [TEST_STEP][PASSED] - delay(2): Delayed 2 second(s)

2024-01-19 14:11:39 - [MESSAGE][PASSED] - Delayed 2 second(s)

2024-01-19 14:11:39 - [TEST_STEP][PASSED] - click(findTestObject("Calendar_page/busyDates/JanuaryBusyDate/div_24")): Object: 'Object Repository/Calendar_page/busyDates/JanuaryBusyDate/div_24' is clicked on

2024-01-19 14:11:39 - [MESSAGE][PASSED] - Object: 'Object Repository/Calendar_page/busyDates/JanuaryBusyDate/div_24' is clicked on

2024-01-19 14:11:39 - [TEST_STEP][PASSED] - delay(2): Delayed 2 second(s)

2024-01-19 14:11:41 - [MESSAGE][PASSED] - Delayed 2 second(s)

2024-01-19 14:11:41 - [TEST_STEP][PASSED] - click(findTestObject("Calendar_page/div_day_Column")): Object: 'Object Repository/Calendar_page/div_day_Column' is clicked on

2024-01-19 14:11:41 - [MESSAGE][PASSED] - Object: 'Object Repository/Calendar_page/div_day_Column' is clicked on

2024-01-19 14:11:41 - [TEST_STEP][PASSED] - selectOptionByLabel(findTestObject("Calendar_page/Select_Available_From"), "05:30 PM", false): All options with label '05:30 PM' are selected in object 'Object Repository/Calendar_page/Select_Available_From' 

2024-01-19 14:11:41 - [MESSAGE][PASSED] - All options with label '05:30 PM' are selected in object 'Object Repository/Calendar_page/Select_Available_From' 

2024-01-19 14:11:41 - [TEST_STEP][PASSED] - delay(2): Delayed 2 second(s)

2024-01-19 14:11:43 - [MESSAGE][PASSED] - Delayed 2 second(s)

2024-01-19 14:11:43 - [TEST_STEP][PASSED] - selectOptionByLabel(findTestObject("Calendar_page/Select_Available_To"), "06:00 PM", false): All options with label '06:00 PM' are selected in object 'Object Repository/Calendar_page/Select_Available_To' 

2024-01-19 14:11:43 - [MESSAGE][PASSED] - All options with label '06:00 PM' are selected in object 'Object Repository/Calendar_page/Select_Available_To' 

2024-01-19 14:11:43 - [TEST_STEP][PASSED] - delay(2): Delayed 2 second(s)

2024-01-19 14:11:45 - [MESSAGE][PASSED] - Delayed 2 second(s)

2024-01-19 14:11:45 - [TEST_STEP][PASSED] - click(findTestObject("Calendar_page/button_Save")): Object: 'Object Repository/Calendar_page/button_Save' is clicked on

2024-01-19 14:11:45 - [MESSAGE][PASSED] - Object: 'Object Repository/Calendar_page/button_Save' is clicked on

2024-01-19 14:11:45 - [TEST_STEP][PASSED] - delay(2): Delayed 2 second(s)

2024-01-19 14:11:47 - [MESSAGE][PASSED] - Delayed 2 second(s)

2024-01-19 14:11:47 - [TEST_STEP][PASSED] - click(findTestObject("Calendar_page/Button_Next (1)")): Object: 'Object Repository/Calendar_page/Button_Next (1)' is clicked on

2024-01-19 14:11:47 - [MESSAGE][PASSED] - Object: 'Object Repository/Calendar_page/Button_Next (1)' is clicked on

2024-01-19 14:11:47 - [TEST_STEP][PASSED] - delay(3): Delayed 3 second(s)

2024-01-19 14:11:50 - [MESSAGE][PASSED] - Delayed 3 second(s)

2024-01-19 14:11:50 - [TEST_STEP][PASSED] - click(findTestObject("Calendar_page/button_Ok")): Object: 'Object Repository/Calendar_page/button_Ok' is clicked on

2024-01-19 14:11:51 - [MESSAGE][PASSED] - Object: 'Object Repository/Calendar_page/button_Ok' is clicked on

2024-01-19 14:11:51 - [TEST_STEP][PASSED] - delay(2): Delayed 2 second(s)

2024-01-19 14:11:53 - [MESSAGE][PASSED] - Delayed 2 second(s)

2024-01-19 14:11:53 - [TEST_STEP][PASSED] - closeBrowser(): Browser is closed

2024-01-19 14:11:53 - [MESSAGE][PASSED] - Browser is closed]]></system-out>
         <system-err><![CDATA[]]></system-err>
      </testcase>
      <testcase name="Test Cases/Companion_TestCases/TC09_ReRecord_Speak" time="135.585" classname="Test Cases/Companion_TestCases/TC09_ReRecord_Speak" status="PASSED">
         <system-out><![CDATA[2024-01-19 14:11:53 - [TEST_CASE][PASSED] - Test Cases/Companion_TestCases/TC09_ReRecord_Speak: Test Cases/Companion_TestCases/TC09_ReRecord_Speak

2024-01-19 14:11:53 - [TEST_STEP][PASSED] - callTestCase(findTestCase("Common_TestCases/Sign_In"), ["email":Email, "password":Password], STOP_ON_FAILURE): Call Test Case 'Test Cases/Common_TestCases/Sign_In' successfully

2024-01-19 14:11:53 - [TEST_CASE][PASSED] - Test Cases/Common_TestCases/Sign_In: Test Cases/Common_TestCases/Sign_In

2024-01-19 14:11:54 - [TEST_STEP][PASSED] - System.setProperty("webdriver.chrome.driver", "Data Files/chromedriver-win64/chromedriver.exe"): null

2024-01-19 14:11:54 - [TEST_STEP][PASSED] - options = new org.openqa.selenium.chrome.ChromeOptions(): null

2024-01-19 14:11:54 - [TEST_STEP][PASSED] - options.addArguments("start-maximized"): null

2024-01-19 14:11:54 - [TEST_STEP][PASSED] - options.addArguments("force-device-scale-factor=1.2"): null

2024-01-19 14:11:54 - [TEST_STEP][PASSED] - options.setExperimentalOption("prefs", new Script1700728747802$1(this)): null

2024-01-19 14:11:54 - [TEST_STEP][PASSED] - capabilities = DesiredCapabilities.chrome(): null

2024-01-19 14:11:54 - [TEST_STEP][PASSED] - capabilities.setCapability(CAPABILITY, options): null

2024-01-19 14:11:54 - [TEST_STEP][PASSED] - driver = new org.openqa.selenium.chrome.ChromeDriver(capabilities): null

2024-01-19 14:11:55 - [TEST_STEP][PASSED] - changeWebDriver(driver): null

2024-01-19 14:11:55 - [TEST_STEP][PASSED] - navigateToUrl("https://caring-connections-qa.azurewebsites.net/"): Navigate to 'https://caring-connections-qa.azurewebsites.net/' successfully

2024-01-19 14:11:59 - [MESSAGE][PASSED] - Navigate to 'https://caring-connections-qa.azurewebsites.net/' successfully

2024-01-19 14:11:59 - [TEST_STEP][PASSED] - setText(findTestObject("Login_Pages/Sign_In_Page/input_Username"), email): Text 'sagars126@gmail.com' is set on object 'Object Repository/Login_Pages/Sign_In_Page/input_Username'

2024-01-19 14:11:59 - [MESSAGE][PASSED] - Text 'sagars126@gmail.com' is set on object 'Object Repository/Login_Pages/Sign_In_Page/input_Username'

2024-01-19 14:11:59 - [TEST_STEP][PASSED] - setText(findTestObject("Login_Pages/Sign_In_Page/input_Password"), password): Text 'Test@123' is set on object 'Object Repository/Login_Pages/Sign_In_Page/input_Password'

2024-01-19 14:11:59 - [MESSAGE][PASSED] - Text 'Test@123' is set on object 'Object Repository/Login_Pages/Sign_In_Page/input_Password'

2024-01-19 14:11:59 - [TEST_STEP][PASSED] - click(findTestObject("Object Repository/Login_Pages/Sign_In_Page/button_Sign_In")): Object: 'Object Repository/Login_Pages/Sign_In_Page/button_Sign_In' is clicked on

2024-01-19 14:11:59 - [MESSAGE][PASSED] - Object: 'Object Repository/Login_Pages/Sign_In_Page/button_Sign_In' is clicked on

2024-01-19 14:11:59 - [MESSAGE][PASSED] - Call Test Case 'Test Cases/Common_TestCases/Sign_In' successfully

2024-01-19 14:11:59 - [TEST_STEP][PASSED] - delay(5): Delayed 5 second(s)

2024-01-19 14:12:04 - [MESSAGE][PASSED] - Delayed 5 second(s)

2024-01-19 14:12:04 - [TEST_STEP][PASSED] - scrollToElement(findTestObject("Category_View_Page/Category_View_Page_Objects/button_Re-record"), 0): Scroll to object 'Object Repository/Category_View_Page/Category_View_Page_Objects/button_Re-record' successfully

2024-01-19 14:12:04 - [MESSAGE][WARNING] - Timeout '0' is invalid. Using default page load timeout: '30'

2024-01-19 14:12:04 - [MESSAGE][PASSED] - Scroll to object 'Object Repository/Category_View_Page/Category_View_Page_Objects/button_Re-record' successfully

2024-01-19 14:12:04 - [TEST_STEP][PASSED] - click(findTestObject("Category_View_Page/Category_View_Page_Objects/button_Re-record")): Object: 'Object Repository/Category_View_Page/Category_View_Page_Objects/button_Re-record' is clicked on

2024-01-19 14:12:07 - [MESSAGE][PASSED] - Object: 'Object Repository/Category_View_Page/Category_View_Page_Objects/button_Re-record' is clicked on

2024-01-19 14:12:07 - [TEST_STEP][PASSED] - click(findTestObject("Category_View_Page/Category_View_Page_Objects/btn_Proceed_ReRecord")): Object: 'Object Repository/Category_View_Page/Category_View_Page_Objects/btn_Proceed_ReRecord' is clicked on

2024-01-19 14:12:09 - [MESSAGE][PASSED] - Object: 'Object Repository/Category_View_Page/Category_View_Page_Objects/btn_Proceed_ReRecord' is clicked on

2024-01-19 14:12:09 - [TEST_STEP][PASSED] - waitForElementClickable(findTestObject("Profile_Creation_Page/Profile_Creation_Page_Objects/btn_Click_Record"), 67): Object 'Object Repository/Profile_Creation_Page/Profile_Creation_Page_Objects/btn_Click_Record' is clickable

2024-01-19 14:12:51 - [MESSAGE][PASSED] - Object 'Object Repository/Profile_Creation_Page/Profile_Creation_Page_Objects/btn_Click_Record' is clickable

2024-01-19 14:12:51 - [TEST_STEP][PASSED] - click(findTestObject("Profile_Creation_Page/Profile_Creation_Page_Objects/btn_Click_Record")): Object: 'Object Repository/Profile_Creation_Page/Profile_Creation_Page_Objects/btn_Click_Record' is clicked on

2024-01-19 14:12:51 - [MESSAGE][PASSED] - Object: 'Object Repository/Profile_Creation_Page/Profile_Creation_Page_Objects/btn_Click_Record' is clicked on

2024-01-19 14:12:51 - [TEST_STEP][PASSED] - try: null

2024-01-19 14:12:51 - [TEST_STEP][PASSED] - audioInputStream = AudioSystem.getAudioInputStream(new java.io.File(Data Files/ProfileAudio.wav)): null

2024-01-19 14:12:51 - [TEST_STEP][PASSED] - clip = AudioSystem.getClip(): null

2024-01-19 14:12:51 - [TEST_STEP][PASSED] - clip.open(audioInputStream): null

2024-01-19 14:12:51 - [TEST_STEP][PASSED] - clip.start(): null

2024-01-19 14:12:51 - [TEST_STEP][PASSED] - while (clip.isRunning()): null

2024-01-19 14:12:51 - [TEST_STEP][PASSED] - Thread.sleep(1000): null

2024-01-19 14:12:52 - [TEST_STEP][PASSED] - Thread.sleep(1000): null

2024-01-19 14:12:53 - [TEST_STEP][PASSED] - Thread.sleep(1000): null

2024-01-19 14:12:54 - [TEST_STEP][PASSED] - Thread.sleep(1000): null

2024-01-19 14:12:55 - [TEST_STEP][PASSED] - Thread.sleep(1000): null

2024-01-19 14:12:56 - [TEST_STEP][PASSED] - Thread.sleep(1000): null

2024-01-19 14:12:57 - [TEST_STEP][PASSED] - Thread.sleep(1000): null

2024-01-19 14:12:58 - [TEST_STEP][PASSED] - Thread.sleep(1000): null

2024-01-19 14:12:59 - [TEST_STEP][PASSED] - Thread.sleep(1000): null

2024-01-19 14:13:00 - [TEST_STEP][PASSED] - Thread.sleep(1000): null

2024-01-19 14:13:01 - [TEST_STEP][PASSED] - Thread.sleep(1000): null

2024-01-19 14:13:02 - [TEST_STEP][PASSED] - Thread.sleep(1000): null

2024-01-19 14:13:03 - [TEST_STEP][PASSED] - Thread.sleep(1000): null

2024-01-19 14:13:04 - [TEST_STEP][PASSED] - Thread.sleep(1000): null

2024-01-19 14:13:05 - [TEST_STEP][PASSED] - Thread.sleep(1000): null

2024-01-19 14:13:06 - [TEST_STEP][PASSED] - Thread.sleep(1000): null

2024-01-19 14:13:07 - [TEST_STEP][PASSED] - Thread.sleep(1000): null

2024-01-19 14:13:08 - [TEST_STEP][PASSED] - clip.stop(): null

2024-01-19 14:13:08 - [TEST_STEP][PASSED] - click(findTestObject("Profile_Creation_Page/Profile_Creation_Page_Objects/btn_Stop")): Object: 'Object Repository/Profile_Creation_Page/Profile_Creation_Page_Objects/btn_Stop' is clicked on

2024-01-19 14:13:08 - [MESSAGE][PASSED] - Object: 'Object Repository/Profile_Creation_Page/Profile_Creation_Page_Objects/btn_Stop' is clicked on

2024-01-19 14:13:08 - [TEST_STEP][PASSED] - delay(20): Delayed 20 second(s)

2024-01-19 14:13:28 - [MESSAGE][PASSED] - Delayed 20 second(s)

2024-01-19 14:13:28 - [TEST_STEP][PASSED] - click(findTestObject("Profile_Creation_Page/Profile_Creation_Page_Objects/btn_Next")): Object: 'Object Repository/Profile_Creation_Page/Profile_Creation_Page_Objects/btn_Next' is clicked on

2024-01-19 14:13:28 - [MESSAGE][PASSED] - Object: 'Object Repository/Profile_Creation_Page/Profile_Creation_Page_Objects/btn_Next' is clicked on

2024-01-19 14:13:28 - [TEST_STEP][PASSED] - delay(20): Delayed 20 second(s)

2024-01-19 14:13:48 - [MESSAGE][PASSED] - Delayed 20 second(s)

2024-01-19 14:13:48 - [TEST_STEP][PASSED] - waitForElementNotPresent(findTestObject("WaitingPage/Waiting_Page/txt_1-2 minutes"), 180): Web element with id: 'Object Repository/WaitingPage/Waiting_Page/txt_1-2 minutes' located by 'By.xpath: //div[@id='root']/div/div/div/div/div/p[2]' is not present after '180' second(s)

2024-01-19 14:13:48 - [MESSAGE][PASSED] - Web element with id: 'Object Repository/WaitingPage/Waiting_Page/txt_1-2 minutes' located by 'By.xpath: //div[@id='root']/div/div/div/div/div/p[2]' is not present after '180' second(s)

2024-01-19 14:13:48 - [TEST_STEP][PASSED] - Education = getAttribute(findTestObject("Category_View_Page/Category_View_Page_Objects/Input_Edit_Educational_Info"), "value"): Attribute 'value' of object 'Object Repository/Category_View_Page/Category_View_Page_Objects/Input_Edit_Educational_Info' is: 'I'm a software engineer'

2024-01-19 14:13:48 - [MESSAGE][PASSED] - Attribute 'value' of object 'Object Repository/Category_View_Page/Category_View_Page_Objects/Input_Edit_Educational_Info' is: 'I'm a software engineer'

2024-01-19 14:13:48 - [TEST_STEP][PASSED] - validateText.ValidateText.calculateAndPrintPercentageMatch("EDUCATION", Education, EducationNew): validateText.ValidateText.calculateAndPrintPercentageMatch is PASSED

2024-01-19 14:13:48 - [MESSAGE][PASSED] - validateText.ValidateText.calculateAndPrintPercentageMatch is PASSED

2024-01-19 14:13:48 - [TEST_STEP][PASSED] - Hobbies = getAttribute(findTestObject("Category_View_Page/Category_View_Page_Objects/Input_Edit_Appropriate_Hobbies"), "value"): Attribute 'value' of object 'Object Repository/Category_View_Page/Category_View_Page_Objects/Input_Edit_Appropriate_Hobbies' is: 'I like playing cricket, I like watching football, I like taking a walk in the park'

2024-01-19 14:13:49 - [MESSAGE][PASSED] - Attribute 'value' of object 'Object Repository/Category_View_Page/Category_View_Page_Objects/Input_Edit_Appropriate_Hobbies' is: 'I like playing cricket, I like watching football, I like taking a walk in the park'

2024-01-19 14:13:49 - [TEST_STEP][PASSED] - validateText.ValidateText.calculateAndPrintPercentageMatch("HOBBIES", Hobbies, HobbiesNew): validateText.ValidateText.calculateAndPrintPercentageMatch is PASSED

2024-01-19 14:13:49 - [MESSAGE][PASSED] - validateText.ValidateText.calculateAndPrintPercentageMatch is PASSED

2024-01-19 14:13:49 - [TEST_STEP][PASSED] - Expectations = getAttribute(findTestObject("Category_View_Page/Category_View_Page_Objects/Input_Edit_expectation"), "value"): Attribute 'value' of object 'Object Repository/Category_View_Page/Category_View_Page_Objects/Input_Edit_expectation' is: 'I have no expectation from companion'

2024-01-19 14:13:49 - [MESSAGE][PASSED] - Attribute 'value' of object 'Object Repository/Category_View_Page/Category_View_Page_Objects/Input_Edit_expectation' is: 'I have no expectation from companion'

2024-01-19 14:13:49 - [TEST_STEP][PASSED] - validateText.ValidateText.calculateAndPrintPercentageMatch("EXPECTATIONS", Expectations, ExpectationsNew): validateText.ValidateText.calculateAndPrintPercentageMatch is PASSED

2024-01-19 14:13:49 - [MESSAGE][PASSED] - validateText.ValidateText.calculateAndPrintPercentageMatch is PASSED

2024-01-19 14:13:49 - [TEST_STEP][PASSED] - Others = getAttribute(findTestObject("Category_View_Page/Category_View_Page_Objects/Input_Edit_Appropriate_Health"), "value"): Attribute 'value' of object 'Object Repository/Category_View_Page/Category_View_Page_Objects/Input_Edit_Appropriate_Health' is: 'Hi, I'm Danville. I'm from Shillong I have mild fever and I have asthma'

2024-01-19 14:13:49 - [MESSAGE][PASSED] - Attribute 'value' of object 'Object Repository/Category_View_Page/Category_View_Page_Objects/Input_Edit_Appropriate_Health' is: 'Hi, I'm Danville. I'm from Shillong I have mild fever and I have asthma'

2024-01-19 14:13:49 - [TEST_STEP][PASSED] - validateText.ValidateText.calculateAndPrintPercentageMatch("OTHERS", Others, OtherNew): validateText.ValidateText.calculateAndPrintPercentageMatch is PASSED

2024-01-19 14:13:49 - [MESSAGE][PASSED] - validateText.ValidateText.calculateAndPrintPercentageMatch is PASSED

2024-01-19 14:13:49 - [TEST_STEP][PASSED] - waitForElementClickable(findTestObject("Category_View_Page/Category_View_Page_Objects/button_Next"), 65): Object 'Object Repository/Category_View_Page/Category_View_Page_Objects/button_Next' is clickable

2024-01-19 14:13:49 - [MESSAGE][PASSED] - Object 'Object Repository/Category_View_Page/Category_View_Page_Objects/button_Next' is clickable

2024-01-19 14:13:49 - [TEST_STEP][PASSED] - click(findTestObject("Category_View_Page/Category_View_Page_Objects/button_Next")): Object: 'Object Repository/Category_View_Page/Category_View_Page_Objects/button_Next' is clicked on

2024-01-19 14:13:51 - [MESSAGE][PASSED] - Object: 'Object Repository/Category_View_Page/Category_View_Page_Objects/button_Next' is clicked on

2024-01-19 14:13:51 - [TEST_STEP][PASSED] - waitForElementNotPresent(findTestObject("WaitingPage/Waiting_Page/Clock_categoryToCalender"), 10): Web element with id: 'Object Repository/WaitingPage/Waiting_Page/Clock_categoryToCalender' located by 'By.xpath: //div[@id='root']/div/div/div/div/span' is not present after '10' second(s)

2024-01-19 14:13:52 - [MESSAGE][PASSED] - Web element with id: 'Object Repository/WaitingPage/Waiting_Page/Clock_categoryToCalender' located by 'By.xpath: //div[@id='root']/div/div/div/div/span' is not present after '10' second(s)

2024-01-19 14:13:52 - [TEST_STEP][PASSED] - scrollToElement(findTestObject("Calendar_page/Input_Start_Date"), 0): Scroll to object 'Object Repository/Calendar_page/Input_Start_Date' successfully

2024-01-19 14:13:52 - [MESSAGE][WARNING] - Timeout '0' is invalid. Using default page load timeout: '30'

2024-01-19 14:13:52 - [MESSAGE][PASSED] - Scroll to object 'Object Repository/Calendar_page/Input_Start_Date' successfully

2024-01-19 14:13:52 - [TEST_STEP][PASSED] - click(findTestObject("Calendar_page/Input_Busy_Days")): Object: 'Object Repository/Calendar_page/Input_Busy_Days' is clicked on

2024-01-19 14:13:52 - [MESSAGE][PASSED] - Object: 'Object Repository/Calendar_page/Input_Busy_Days' is clicked on

2024-01-19 14:13:52 - [TEST_STEP][PASSED] - click(findTestObject("Calendar_page/busyDates/JanuaryBusyDate/div_27")): Object: 'Object Repository/Calendar_page/busyDates/JanuaryBusyDate/div_27' is clicked on

2024-01-19 14:13:52 - [MESSAGE][PASSED] - Object: 'Object Repository/Calendar_page/busyDates/JanuaryBusyDate/div_27' is clicked on

2024-01-19 14:13:52 - [TEST_STEP][PASSED] - delay(2): Delayed 2 second(s)

2024-01-19 14:13:54 - [MESSAGE][PASSED] - Delayed 2 second(s)

2024-01-19 14:13:54 - [TEST_STEP][PASSED] - click(findTestObject("Calendar_page/busyDates/JanuaryBusyDate/div_27")): Object: 'Object Repository/Calendar_page/busyDates/JanuaryBusyDate/div_27' is clicked on

2024-01-19 14:13:54 - [MESSAGE][PASSED] - Object: 'Object Repository/Calendar_page/busyDates/JanuaryBusyDate/div_27' is clicked on

2024-01-19 14:13:54 - [TEST_STEP][PASSED] - delay(2): Delayed 2 second(s)

2024-01-19 14:13:56 - [MESSAGE][PASSED] - Delayed 2 second(s)

2024-01-19 14:13:56 - [TEST_STEP][PASSED] - click(findTestObject("Calendar_page/div_day_Column")): Object: 'Object Repository/Calendar_page/div_day_Column' is clicked on

2024-01-19 14:13:56 - [MESSAGE][PASSED] - Object: 'Object Repository/Calendar_page/div_day_Column' is clicked on

2024-01-19 14:13:56 - [TEST_STEP][PASSED] - selectOptionByLabel(findTestObject("Calendar_page/Select_Available_From"), "05:30 PM", false): All options with label '05:30 PM' are selected in object 'Object Repository/Calendar_page/Select_Available_From' 

2024-01-19 14:13:57 - [MESSAGE][PASSED] - All options with label '05:30 PM' are selected in object 'Object Repository/Calendar_page/Select_Available_From' 

2024-01-19 14:13:57 - [TEST_STEP][PASSED] - delay(2): Delayed 2 second(s)

2024-01-19 14:13:59 - [MESSAGE][PASSED] - Delayed 2 second(s)

2024-01-19 14:13:59 - [TEST_STEP][PASSED] - selectOptionByLabel(findTestObject("Calendar_page/Select_Available_To"), "06:00 PM", false): All options with label '06:00 PM' are selected in object 'Object Repository/Calendar_page/Select_Available_To' 

2024-01-19 14:13:59 - [MESSAGE][PASSED] - All options with label '06:00 PM' are selected in object 'Object Repository/Calendar_page/Select_Available_To' 

2024-01-19 14:13:59 - [TEST_STEP][PASSED] - delay(2): Delayed 2 second(s)

2024-01-19 14:14:01 - [MESSAGE][PASSED] - Delayed 2 second(s)

2024-01-19 14:14:01 - [TEST_STEP][PASSED] - click(findTestObject("Calendar_page/button_Save")): Object: 'Object Repository/Calendar_page/button_Save' is clicked on

2024-01-19 14:14:01 - [MESSAGE][PASSED] - Object: 'Object Repository/Calendar_page/button_Save' is clicked on

2024-01-19 14:14:01 - [TEST_STEP][PASSED] - delay(2): Delayed 2 second(s)

2024-01-19 14:14:03 - [MESSAGE][PASSED] - Delayed 2 second(s)

2024-01-19 14:14:03 - [TEST_STEP][PASSED] - click(findTestObject("Calendar_page/Button_Next (1)")): Object: 'Object Repository/Calendar_page/Button_Next (1)' is clicked on

2024-01-19 14:14:03 - [MESSAGE][PASSED] - Object: 'Object Repository/Calendar_page/Button_Next (1)' is clicked on

2024-01-19 14:14:03 - [TEST_STEP][PASSED] - delay(3): Delayed 3 second(s)

2024-01-19 14:14:06 - [MESSAGE][PASSED] - Delayed 3 second(s)

2024-01-19 14:14:06 - [TEST_STEP][PASSED] - click(findTestObject("Calendar_page/button_Ok")): Object: 'Object Repository/Calendar_page/button_Ok' is clicked on

2024-01-19 14:14:06 - [MESSAGE][PASSED] - Object: 'Object Repository/Calendar_page/button_Ok' is clicked on

2024-01-19 14:14:06 - [TEST_STEP][PASSED] - delay(2): Delayed 2 second(s)

2024-01-19 14:14:08 - [MESSAGE][PASSED] - Delayed 2 second(s)

2024-01-19 14:14:08 - [TEST_STEP][PASSED] - closeBrowser(): Browser is closed

2024-01-19 14:14:09 - [MESSAGE][PASSED] - Browser is closed]]></system-out>
         <system-err><![CDATA[]]></system-err>
      </testcase>
      <system-out><![CDATA[2024-01-19 14:09:36 - [TEST_SUITE][PASSED] - Companion_Speak: Test Cases/Companion_TestCases/TC09_ReRecord_Speak]]></system-out>
      <system-err><![CDATA[]]></system-err>
   </testsuite>
</testsuites>
